
CondaError: Run 'conda init' before 'conda deactivate'

[I 2024-04-19 23:17:40.754 ServerApp] jupyterlab | extension was successfully linked.
[I 2024-04-19 23:17:40.819 LabApp] JupyterLab extension loaded from /apps/easybd/easybuild/software/JupyterLab/3.1.6-GCCcore-11.2.0/lib/python3.9/site-packages/jupyterlab
[I 2024-04-19 23:17:40.819 LabApp] JupyterLab application directory is /apps/easybd/easybuild/software/JupyterLab/3.1.6-GCCcore-11.2.0/share/jupyter/lab
[I 2024-04-19 23:17:40.823 ServerApp] jupyterlab | extension was successfully loaded.
[I 2024-04-19 23:17:40.824 ServerApp] Serving notebooks from local directory: /home/labs/mayalab/barc/MSc_studies/ML_Project
[I 2024-04-19 23:17:40.824 ServerApp] Jupyter Server 1.10.2 is running at:
[I 2024-04-19 23:17:40.824 ServerApp] http://hgn19.wexac.weizmann.ac.il:6520/lab?token=fbafa957058e3c6f4a878764275b4796088624f3ae986e28
[I 2024-04-19 23:17:40.824 ServerApp]  or http://127.0.0.1:6520/lab?token=fbafa957058e3c6f4a878764275b4796088624f3ae986e28
[I 2024-04-19 23:17:40.824 ServerApp] Use Control-C to stop this server and shut down all kernels (twice to skip confirmation).
[C 2024-04-19 23:17:40.832 ServerApp] 
    
    To access the server, open this file in a browser:
        file:///home/labs/mayalab/barc/.local/share/jupyter/runtime/jpserver-52781-open.html
    Or copy and paste one of these URLs:
        http://hgn19.wexac.weizmann.ac.il:6520/lab?token=fbafa957058e3c6f4a878764275b4796088624f3ae986e28
     or http://127.0.0.1:6520/lab?token=fbafa957058e3c6f4a878764275b4796088624f3ae986e28
[I 2024-04-19 23:17:50.641 ServerApp] Malformed HTTP message from 10.96.0.174: no colon in header line
[W 2024-04-19 23:17:57.117 LabApp] Failed validating settings (@jupyterlab/notebook-extension:tracker): Additional properties are not allowed ('autoStartDefaultKernel' was unexpected)
    
    Failed validating 'additionalProperties' in schema:
        {'additionalProperties': False,
         'definitions': {'editorConfig': {'additionalProperties': False,
                                          'properties': {'autoClosingBrackets': {'type': 'boolean'},
                                                         'codeFolding': {'type': 'boolean'},
                                                         'cursorBlinkRate': {'description': 'Half-period '
                                                                                            'in '
                                                                                            'milliseconds '
                                                                                            'used '
                                                                                            'for '
                                                                                            'cursor '
                                                                                            'blinking. '
                                                                                            'The '
                                                                                            'default '
                                                                                            'blink '
                                                                                            'rate '
                                                                                            'is '
                                                                                            '530ms. '
                                                                                            'By '
                                                                                            'setting '
                                                                                            'this '
                                                                                            'to '
                                                                                            'zero, '
                                                                                            'blinking '
                                                                                            'can '
                                                                                            'be '
                                                                                            'disabled. '
                                                                                            'A '
                                                                                            'negative '
                                                                                            'value '
                                                                                            'hides '
                                                                                            'the '
                                                                                            'cursor '
                                                                                            'entirely.',
                                                                             'title': 'Cursor '
                                                                                      'blinking '
                                                                                      'rate',
                                                                             'type': 'number'},
                                                         'fontFamily': {'type': ['string',
                                                                                 'null']},
                                                         'fontSize': {'maximum': 100,
                                                                      'minimum': 1,
                                                                      'type': ['integer',
                                                                               'null']},
                                                         'insertSpaces': {'type': 'boolean'},
                                                         'lineHeight': {'type': ['number',
                                                                                 'null']},
                                                         'lineNumbers': {'type': 'boolean'},
                                                         'lineWiseCopyCut': {'type': 'boolean'},
                                                         'lineWrap': {'enum': ['off',
                                                                               'on',
                                                                               'wordWrapColumn',
                                                                               'bounded'],
                                                                      'type': 'string'},
                                                         'matchBrackets': {'type': 'boolean'},
                                                         'readOnly': {'type': 'boolean'},
                                                         'rulers': {'items': {'type': 'number'},
                                                                    'type': 'array'},
                                                         'tabSize': {'type': 'number'},
                                                         'wordWrapColumn': {'type': 'integer'}},
                                          'type': 'object'}},
         'description': 'Notebook settings.',
         'jupyter.lab.menus': {'context': [{'rank': 0,
                                            'selector': '.jp-Notebook .jp-Cell',
                                            'type': 'separator'},
                                           {'command': 'notebook:cut-cell',
                                            'rank': 1,
                                            'selector': '.jp-Notebook '
                                                        '.jp-Cell'},
                                           {'command': 'notebook:copy-cell',
                                            'rank': 2,
                                            'selector': '.jp-Notebook '
                                                        '.jp-Cell'},
                                           {'command': 'notebook:paste-cell-below',
                                            'rank': 3,
                                            'selector': '.jp-Notebook '
                                                        '.jp-Cell'},
                                           {'rank': 4,
                                            'selector': '.jp-Notebook .jp-Cell',
                                            'type': 'separator'},
                                           {'command': 'notebook:delete-cell',
                                            'rank': 5,
                                            'selector': '.jp-Notebook '
                                                        '.jp-Cell'},
                                           {'rank': 6,
                                            'selector': '.jp-Notebook .jp-Cell',
                                            'type': 'separator'},
                                           {'command': 'notebook:split-cell-at-cursor',
                                            'rank': 7,
                                            'selector': '.jp-Notebook '
                                                        '.jp-Cell'},
                                           {'command': 'notebook:merge-cells',
                                            'rank': 8,
                                            'selector': '.jp-Notebook '
                                                        '.jp-Cell'},
                                           {'command': 'notebook:merge-cell-above',
                                            'rank': 8,
                                            'selector': '.jp-Notebook '
                                                        '.jp-Cell'},
                                           {'command': 'notebook:merge-cell-below',
                                            'rank': 8,
                                            'selector': '.jp-Notebook '
                                                        '.jp-Cell'},
                                           {'rank': 9,
                                            'selector': '.jp-Notebook .jp-Cell',
                                            'type': 'separator'},
                                           {'command': 'notebook:create-output-view',
                                            'rank': 10,
                                            'selector': '.jp-Notebook '
                                                        '.jp-CodeCell'},
                                           {'rank': 11,
                                            'selector': '.jp-Notebook '
                                                        '.jp-CodeCell',
                                            'type': 'separator'},
                                           {'command': 'notebook:clear-cell-output',
                                            'rank': 12,
                                            'selector': '.jp-Notebook '
                                                        '.jp-CodeCell'},
                                           {'command': 'notebook:clear-all-cell-outputs',
                                            'rank': 0,
                                            'selector': '.jp-Notebook'},
                                           {'rank': 1,
                                            'selector': '.jp-Notebook',
                                            'type': 'separator'},
                                           {'command': 'notebook:enable-output-scrolling',
                                            'rank': 2,
                                            'selector': '.jp-Notebook'},
                                           {'command': 'notebook:disable-output-scrolling',
                                            'rank': 3,
                                            'selector': '.jp-Notebook'},
                                           {'rank': 4,
                                            'selector': '.jp-Notebook',
                                            'type': 'separator'},
                                           {'command': 'notebook:undo-cell-action',
                                            'rank': 5,
                                            'selector': '.jp-Notebook'},
                                           {'command': 'notebook:redo-cell-action',
                                            'rank': 6,
                                            'selector': '.jp-Notebook'},
                                           {'command': 'notebook:restart-kernel',
                                            'rank': 7,
                                            'selector': '.jp-Notebook'},
                                           {'rank': 8,
                                            'selector': '.jp-Notebook',
                                            'type': 'separator'},
                                           {'command': 'notebook:create-console',
                                            'rank': 9,
                                            'selector': '.jp-Notebook'}],
                               'main': [{'id': 'jp-mainmenu-file',
                                         'items': [{'submenu': {'id': 'jp-mainmenu-file-new',
                                                                'items': [{'command': 'notebook:create-new',
                                                                           'rank': 10}]},
                                                    'type': 'submenu'}]},
                                        {'id': 'jp-mainmenu-edit',
                                         'items': [{'rank': 4,
                                                    'type': 'separator'},
                                                   {'command': 'notebook:undo-cell-action',
                                                    'rank': 4},
                                                   {'command': 'notebook:redo-cell-action',
                                                    'rank': 4},
                                                   {'rank': 5,
                                                    'type': 'separator'},
                                                   {'command': 'notebook:cut-cell',
                                                    'rank': 5},
                                                   {'command': 'notebook:copy-cell',
                                                    'rank': 5},
                                                   {'command': 'notebook:paste-cell-below',
                                                    'rank': 5},
                                                   {'command': 'notebook:paste-cell-above',
                                                    'rank': 5},
                                                   {'command': 'notebook:paste-and-replace-cell',
                                                    'rank': 5},
                                                   {'rank': 6,
                                                    'type': 'separator'},
                                                   {'command': 'notebook:delete-cell',
                                                    'rank': 6},
                                                   {'rank': 7,
                                                    'type': 'separator'},
                                                   {'command': 'notebook:select-all',
                                                    'rank': 7},
                                                   {'command': 'notebook:deselect-all',
                                                    'rank': 7},
                                                   {'rank': 8,
                                                    'type': 'separator'},
                                                   {'command': 'notebook:move-cell-up',
                                                    'rank': 8},
                                                   {'command': 'notebook:move-cell-down',
                                                    'rank': 8},
                                                   {'rank': 9,
                                                    'type': 'separator'},
                                                   {'command': 'notebook:split-cell-at-cursor',
                                                    'rank': 9},
                                                   {'command': 'notebook:merge-cells',
                                                    'rank': 9},
                                                   {'command': 'notebook:merge-cell-above',
                                                    'rank': 9},
                                                   {'command': 'notebook:merge-cell-below',
                                                    'rank': 9},
                                                   {'rank': 9,
                                                    'type': 'separator'}]},
                                        {'id': 'jp-mainmenu-view',
                                         'items': [{'rank': 10,
                                                    'type': 'separator'},
                                                   {'command': 'notebook:hide-cell-code',
                                                    'rank': 10},
                                                   {'command': 'notebook:hide-cell-outputs',
                                                    'rank': 10},
                                                   {'command': 'notebook:hide-all-cell-code',
                                                    'rank': 10},
                                                   {'command': 'notebook:hide-all-cell-outputs',
                                                    'rank': 10},
                                                   {'rank': 10,
                                                    'type': 'separator'},
                                                   {'command': 'notebook:show-cell-code',
                                                    'rank': 11},
                                                   {'command': 'notebook:show-cell-outputs',
                                                    'rank': 11},
                                                   {'command': 'notebook:show-all-cell-code',
                                                    'rank': 11},
                                                   {'command': 'notebook:show-all-cell-outputs',
                                                    'rank': 11},
                                                   {'rank': 11,
                                                    'type': 'separator'}]},
                                        {'id': 'jp-mainmenu-run',
                                         'items': [{'rank': 10,
                                                    'type': 'separator'},
                                                   {'command': 'notebook:run-cell-and-insert-below',
                                                    'rank': 10},
                                                   {'command': 'notebook:run-cell',
                                                    'rank': 10},
                                                   {'command': 'notebook:run-in-console',
                                                    'rank': 10},
                                                   {'rank': 11,
                                                    'type': 'separator'},
                                                   {'command': 'notebook:run-all-above',
                                                    'rank': 11},
                                                   {'command': 'notebook:run-all-below',
                                                    'rank': 11},
                                                   {'rank': 12,
                                                    'type': 'separator'},
                                                   {'command': 'notebook:render-all-markdown',
                                                    'rank': 12},
                                                   {'rank': 12,
                                                    'type': 'separator'}]},
                                        {'id': 'jp-mainmenu-kernel',
                                         'items': [{'command': 'notebook:restart-and-run-to-selected',
                                                    'rank': 1}]}]},
         'jupyter.lab.setting-icon': 'ui-components:notebook',
         'jupyter.lab.setting-icon-label': 'Notebook',
         'jupyter.lab.shortcuts': [{'command': 'notebook:change-cell-to-code',
                                    'keys': ['Y'],
                                    'selector': '.jp-Notebook:focus'},
                                   {'command': 'notebook:change-cell-to-heading-1',
                                    'keys': ['1'],
                                    'selector': '.jp-Notebook:focus'},
                                   {'command': 'notebook:change-cell-to-heading-2',
                                    'keys': ['2'],
                                    'selector': '.jp-Notebook:focus'},
                                   {'command': 'notebook:change-cell-to-heading-3',
                                    'keys': ['3'],
                                    'selector': '.jp-Notebook:focus'},
                                   {'command': 'notebook:change-cell-to-heading-4',
                                    'keys': ['4'],
                                    'selector': '.jp-Notebook:focus'},
                                   {'command': 'notebook:change-cell-to-heading-5',
                                    'keys': ['5'],
                                    'selector': '.jp-Notebook:focus'},
                                   {'command': 'notebook:change-cell-to-heading-6',
                                    'keys': ['6'],
                                    'selector': '.jp-Notebook:focus'},
                                   {'command': 'notebook:change-cell-to-markdown',
                                    'keys': ['M'],
                                    'selector': '.jp-Notebook:focus'},
                                   {'command': 'notebook:change-cell-to-raw',
                                    'keys': ['R'],
                                    'selector': '.jp-Notebook:focus'},
                                   {'command': 'notebook:copy-cell',
                                    'keys': ['C'],
                                    'selector': '.jp-Notebook:focus'},
                                   {'command': 'notebook:cut-cell',
                                    'keys': ['X'],
                                    'selector': '.jp-Notebook:focus'},
                                   {'command': 'notebook:delete-cell',
                                    'keys': ['D', 'D'],
                                    'selector': '.jp-Notebook:focus'},
                                   {'command': 'notebook:enter-command-mode',
                                    'keys': ['Escape'],
                                    'selector': '.jp-Notebook.jp-mod-editMode'},
                                   {'command': 'notebook:enter-command-mode',
                                    'keys': ['Ctrl M'],
                                    'selector': '.jp-Notebook.jp-mod-editMode'},
                                   {'command': 'notebook:enter-edit-mode',
                                    'keys': ['Enter'],
                                    'selector': '.jp-Notebook:focus'},
                                   {'command': 'notebook:extend-marked-cells-above',
                                    'keys': ['Shift ArrowUp'],
                                    'selector': '.jp-Notebook:focus'},
                                   {'command': 'notebook:extend-marked-cells-above',
                                    'keys': ['Shift K'],
                                    'selector': '.jp-Notebook:focus'},
                                   {'command': 'notebook:extend-marked-cells-top',
                                    'keys': ['Shift Home'],
                                    'selector': '.jp-Notebook:focus'},
                                   {'command': 'notebook:extend-marked-cells-below',
                                    'keys': ['Shift ArrowDown'],
                                    'selector': '.jp-Notebook:focus'},
                                   {'command': 'notebook:extend-marked-cells-bottom',
                                    'keys': ['Shift End'],
                                    'selector': '.jp-Notebook:focus'},
                                   {'command': 'notebook:extend-marked-cells-below',
                                    'keys': ['Shift J'],
                                    'selector': '.jp-Notebook:focus'},
                                   {'command': 'notebook:insert-cell-above',
                                    'keys': ['A'],
                                    'selector': '.jp-Notebook:focus'},
                                   {'command': 'notebook:insert-cell-below',
                                    'keys': ['B'],
                                    'selector': '.jp-Notebook:focus'},
                                   {'command': 'notebook:merge-cells',
                                    'keys': ['Shift M'],
                                    'selector': '.jp-Notebook:focus'},
                                   {'command': 'notebook:merge-cell-above',
                                    'keys': ['Ctrl Backspace'],
                                    'selector': '.jp-Notebook:focus'},
                                   {'command': 'notebook:merge-cell-below',
                                    'keys': ['Ctrl Shift M'],
                                    'selector': '.jp-Notebook:focus'},
                                   {'command': 'notebook:move-cursor-down',
                                    'keys': ['ArrowDown'],
                                    'selector': '.jp-Notebook:focus'},
                                   {'command': 'notebook:move-cursor-down',
                                    'keys': ['J'],
                                    'selector': '.jp-Notebook:focus'},
                                   {'command': 'notebook:move-cursor-up',
                                    'keys': ['ArrowUp'],
                                    'selector': '.jp-Notebook:focus'},
                                   {'command': 'notebook:move-cursor-up',
                                    'keys': ['K'],
                                    'selector': '.jp-Notebook:focus'},
                                   {'command': 'notebook:paste-cell-below',
                                    'keys': ['V'],
                                    'selector': '.jp-Notebook:focus'},
                                   {'command': 'notebook:redo-cell-action',
                                    'keys': ['Shift Z'],
                                    'selector': '.jp-Notebook:focus'},
                                   {'command': 'notebook:run-cell',
                                    'keys': ['Ctrl Enter'],
                                    'selector': '.jp-Notebook:focus'},
                                   {'command': 'notebook:run-cell',
                                    'keys': ['Ctrl Enter'],
                                    'selector': '.jp-Notebook.jp-mod-editMode'},
                                   {'command': 'notebook:run-cell-and-insert-below',
                                    'keys': ['Alt Enter'],
                                    'selector': '.jp-Notebook:focus'},
                                   {'command': 'notebook:run-cell-and-insert-below',
                                    'keys': ['Alt Enter'],
                                    'selector': '.jp-Notebook.jp-mod-editMode'},
                                   {'command': 'notebook:run-in-console',
                                    'keys': [''],
                                    'selector': '.jp-Notebook.jp-mod-editMode'},
                                   {'command': 'notebook:run-cell-and-select-next',
                                    'keys': ['Shift Enter'],
                                    'selector': '.jp-Notebook.jp-mod-editMode'},
                                   {'command': 'viewmenu:line-numbering',
                                    'keys': [''],
                                    'selector': '.jp-Notebook.jp-mod-commandMode'},
                                   {'command': 'viewmenu:match-brackets',
                                    'keys': [''],
                                    'selector': '.jp-Notebook.jp-mod-commandMode'},
                                   {'command': 'notebook:select-all',
                                    'keys': ['Accel A'],
                                    'selector': '.jp-Notebook:focus'},
                                   {'command': 'notebook:split-cell-at-cursor',
                                    'keys': ['Ctrl Shift -'],
                                    'selector': '.jp-Notebook.jp-mod-editMode'},
                                   {'command': 'notebook:toggle-all-cell-line-numbers',
                                    'keys': ['Shift L'],
                                    'selector': '.jp-Notebook:focus'},
                                   {'command': 'notebook:toggle-cell-line-numbers',
                                    'keys': ['L'],
                                    'selector': '.jp-Notebook:focus'},
                                   {'command': 'notebook:undo-cell-action',
                                    'keys': ['Z'],
                                    'selector': '.jp-Notebook:focus'}],
         'properties': {'codeCellConfig': {'$ref': '#/definitions/editorConfig',
                                           'default': {'autoClosingBrackets': False,
                                                       'codeFolding': False,
                                                       'cursorBlinkRate': 530,
                                                       'fontFamily': None,
                                                       'fontSize': None,
                                                       'insertSpaces': True,
                                                       'lineHeight': None,
                                                       'lineNumbers': False,
                                                       'lineWiseCopyCut': True,
                                                       'lineWrap': 'off',
                                                       'matchBrackets': True,
                                                       'readOnly': False,
                                                       'rulers': [],
                                                       'tabSize': 4,
                                                       'wordWrapColumn': 80},
                                           'description': 'The configuration '
                                                          'for all code cells.',
                                           'title': 'Code Cell Configuration'},
                        'defaultCell': {'default': 'code',
                                        'description': 'The default type '
                                                       '(markdown, code, or '
                                                       'raw) for new cells',
                                        'enum': ['code', 'markdown', 'raw'],
                                        'title': 'Default cell type',
                                        'type': 'string'},
                        'kernelShutdown': {'default': False,
                                           'description': 'Whether to shut '
                                                          'down or not the '
                                                          'kernel when closing '
                                                          'a notebook.',
                                           'title': 'Shut down kernel',
                                           'type': 'boolean'},
                        'markdownCellConfig': {'$ref': '#/definitions/editorConfig',
                                               'default': {'autoClosingBrackets': False,
                                                           'codeFolding': False,
                                                           'cursorBlinkRate': 530,
                                                           'fontFamily': None,
                                                           'fontSize': None,
                                                           'insertSpaces': True,
                                                           'lineHeight': None,
                                                           'lineNumbers': False,
                                                           'lineWiseCopyCut': True,
                                                           'lineWrap': 'on',
                                                           'matchBrackets': False,
                                                           'readOnly': False,
                                                           'rulers': [],
                                                           'tabSize': 4,
                                                           'wordWrapColumn': 80},
                                               'description': 'The '
                                                              'configuration '
                                                              'for all '
                                                              'markdown cells.',
                                               'title': 'Markdown Cell '
                                                        'Configuration'},
                        'maxNumberOutputs': {'default': 50,
                                             'description': 'Defines the '
                                                            'maximum number of '
                                                            'output cells to '
                                                            'to to be rendered '
                                                            'in the output '
                                                            'area for cells '
                                                            'with many '
                                                            'outputs. The '
                                                            'output area will '
                                                            'have a head and a '
                                                            'tail, and the '
                                                            'outputs between '
                                                            'will be trimmed '
                                                            'and not displayed '
                                                            'unless the user '
                                                            'clicks on the '
                                                            'information '
                                                            'message.',
                                             'title': 'The maximum number of '
                                                      'output cells to to be '
                                                      'rendered in the output '
                                                      'area. Set to 0 to have '
                                                      'the complete display.',
                                             'type': 'number'},
                        'numberCellsToRenderDirectly': {'default': 20,
                                                        'description': 'Define '
                                                                       'the '
                                                                       'number '
                                                                       'of '
                                                                       'cells '
                                                                       'to '
                                                                       'render '
                                                                       'directly '
                                                                       'when '
                                                                       'virtual '
                                                                       'notebook '
                                                                       'intersection '
                                                                       'observer '
                                                                       'is '
                                                                       'available',
                                                        'title': 'Number of '
                                                                 'cells to '
                                                                 'render '
                                                                 'directly',
                                                        'type': 'number'},
                        'observedBottomMargin': {'default': '1000px',
                                                 'description': 'Defines the '
                                                                'observed '
                                                                'bottom margin '
                                                                'for the '
                                                                'virtual '
                                                                'notebook, set '
                                                                'a positive '
                                                                'number of '
                                                                'pixels to '
                                                                'render cells '
                                                                'below the '
                                                                'visible view',
                                                 'title': 'Observed bottom '
                                                          'margin',
                                                 'type': 'string'},
                        'observedTopMargin': {'default': '1000px',
                                              'description': 'Defines the '
                                                             'observed top '
                                                             'margin for the '
                                                             'virtual '
                                                             'notebook, set a '
                                                             'positive number '
                                                             'of pixels to '
                                                             'render cells '
                                                             'above the '
                                                             'visible view',
                                              'title': 'Observed top margin',
                                              'type': 'string'},
                        'rawCellConfig': {'$ref': '#/definitions/editorConfig',
                                          'default': {'autoClosingBrackets': False,
                                                      'codeFolding': False,
                                                      'cursorBlinkRate': 530,
                                                      'fontFamily': None,
                                                      'fontSize': None,
                                                      'insertSpaces': True,
                                                      'lineHeight': None,
                                                      'lineNumbers': False,
                                                      'lineWiseCopyCut': True,
                                                      'lineWrap': 'on',
                                                      'matchBrackets': False,
                                                      'readOnly': False,
                                                      'rulers': [],
                                                      'tabSize': 4,
                                                      'wordWrapColumn': 80},
                                          'description': 'The configuration '
                                                         'for all raw cells.',
                                          'title': 'Raw Cell Configuration'},
                        'recordTiming': {'default': False,
                                         'description': 'Should timing data be '
                                                        'recorded in cell '
                                                        'metadata',
                                         'title': 'Recording timing',
                                         'type': 'boolean'},
                        'renderCellOnIdle': {'default': True,
                                             'description': 'Defines if the '
                                                            'placeholder cells '
                                                            'should be '
                                                            'rendered when the '
                                                            'browser is idle',
                                             'title': 'Render cell on browser '
                                                      'idle time',
                                             'type': 'boolean'},
                        'scrollPastEnd': {'default': True,
                                          'description': 'Whether to be able '
                                                         'to scroll so the '
                                                         'last cell is at the '
                                                         'top of the panel',
                                          'title': 'Scroll past last cell',
                                          'type': 'boolean'}},
         'title': 'Notebook',
         'type': 'object'}
    
    On instance:
        {'autoStartDefaultKernel': True}
[W 2024-04-19 23:18:12.988 ServerApp] 404 GET /hub/api (132.76.220.31) 27.96ms referer=None
[I 2024-04-19 23:18:13.000 ServerApp] 302 GET / (132.76.220.31) 0.44ms
[I 2024-04-19 23:18:13.009 LabApp] 302 GET /lab? (132.76.220.31) 0.60ms
[W 2024-04-19 23:18:17.066 ServerApp] 404 GET /hub/api (132.76.220.31) 1.19ms referer=None
[I 2024-04-19 23:18:17.077 ServerApp] 302 GET / (132.76.220.31) 0.54ms
[I 2024-04-19 23:18:17.085 LabApp] 302 GET /lab? (132.76.220.31) 0.34ms
[W 2024-04-19 23:19:15.093 ServerApp] 404 GET /hub/api (132.76.220.31) 4.87ms referer=None
[I 2024-04-19 23:19:15.106 ServerApp] 302 GET / (132.76.220.31) 0.45ms
[I 2024-04-19 23:19:15.118 LabApp] 302 GET /lab? (132.76.220.31) 0.70ms
[I 2024-04-19 23:19:15.289 ServerApp] Kernel started: 8bcfcb57-8474-4a20-943c-5f30fe8702aa
[I 2024-04-19 23:19:22.189 ServerApp] Starting buffering for 8bcfcb57-8474-4a20-943c-5f30fe8702aa:d5f1113a-cf5f-4519-b96c-9481d57ff58f
[W 2024-04-19 23:19:36.927 ServerApp] 404 GET /hub/api (132.76.220.31) 3.88ms referer=None
[I 2024-04-19 23:19:36.935 ServerApp] 302 GET / (132.76.220.31) 0.40ms
[I 2024-04-19 23:19:36.943 LabApp] 302 GET /lab? (132.76.220.31) 0.55ms
[I 2024-04-19 23:19:37.014 ServerApp] Kernel started: c92f8271-9353-4b95-a545-19c09188c806
2024-04-19 23:24:12.009725: I tensorflow/core/platform/cpu_feature_guard.cc:193] This TensorFlow binary is optimized with oneAPI Deep Neural Network Library (oneDNN) to use the following CPU instructions in performance-critical operations:  AVX2 FMA
To enable them in other operations, rebuild TensorFlow with the appropriate compiler flags.
2024-04-19 23:24:15.984783: E tensorflow/stream_executor/cuda/cuda_blas.cc:2981] Unable to register cuBLAS factory: Attempting to register factory for plugin cuBLAS when one has already been registered
2024-04-19 23:24:26.825547: W tensorflow/stream_executor/platform/default/dso_loader.cc:64] Could not load dynamic library 'libnvinfer.so.7'; dlerror: libnvinfer.so.7: cannot open shared object file: No such file or directory; LD_LIBRARY_PATH: /usr/share/lsf/10.1/linux3.10-glibc2.17-x86_64/lib:/apps/easybd/easybuild/software/ZeroMQ/4.3.4-GCCcore-11.2.0/lib:/apps/easybd/easybuild/software/util-linux/2.37-GCCcore-11.2.0/lib:/apps/easybd/easybuild/software/libsodium/1.0.18-GCCcore-11.2.0/lib:/apps/easybd/easybuild/software/OpenPGM/5.2.122-GCCcore-11.2.0/lib:/apps/easybd/easybuild/software/Python/3.9.6-GCCcore-11.2.0/lib:/apps/easybd/easybuild/software/OpenSSL/1.1/lib:/apps/easybd/easybuild/software/libffi/3.4.2-GCCcore-11.2.0/lib64:/apps/easybd/easybuild/software/GMP/6.2.1-GCCcore-11.2.0/lib:/apps/easybd/easybuild/software/XZ/5.2.5-GCCcore-11.2.0/lib:/apps/easybd/easybuild/software/SQLite/3.36-GCCcore-11.2.0/lib:/apps/easybd/easybuild/software/Tcl/8.6.11-GCCcore-11.2.0/lib:/apps/easybd/easybuild/software/libreadline/8.1-GCCcore-11.2.0/lib:/apps/easybd/easybuild/software/ncurses/6.2-GCCcore-11.2.0/lib:/apps/easybd/easybuild/software/bzip2/1.0.8-GCCcore-11.2.0/lib:/apps/easybd/easybuild/software/binutils/2.37-GCCcore-11.2.0/lib:/apps/easybd/easybuild/software/zlib/1.2.11-GCCcore-11.2.0/lib:/apps/easybd/easybuild/software/GCCcore/11.2.0/lib64:/home/labs/testing/almoga/tmp/ncbi-magicblast-1.4.0-src/c++/local/ncbi-vdb-2.9.0-1/lib64:/home/labs/mayalab/barc/.conda/envs/ml-gpu/lib/:/home/labs/mayalab/barc/.conda/envs/ml-gpu/lib/
2024-04-19 23:24:26.827782: W tensorflow/stream_executor/platform/default/dso_loader.cc:64] Could not load dynamic library 'libnvinfer_plugin.so.7'; dlerror: libnvinfer_plugin.so.7: cannot open shared object file: No such file or directory; LD_LIBRARY_PATH: /usr/share/lsf/10.1/linux3.10-glibc2.17-x86_64/lib:/apps/easybd/easybuild/software/ZeroMQ/4.3.4-GCCcore-11.2.0/lib:/apps/easybd/easybuild/software/util-linux/2.37-GCCcore-11.2.0/lib:/apps/easybd/easybuild/software/libsodium/1.0.18-GCCcore-11.2.0/lib:/apps/easybd/easybuild/software/OpenPGM/5.2.122-GCCcore-11.2.0/lib:/apps/easybd/easybuild/software/Python/3.9.6-GCCcore-11.2.0/lib:/apps/easybd/easybuild/software/OpenSSL/1.1/lib:/apps/easybd/easybuild/software/libffi/3.4.2-GCCcore-11.2.0/lib64:/apps/easybd/easybuild/software/GMP/6.2.1-GCCcore-11.2.0/lib:/apps/easybd/easybuild/software/XZ/5.2.5-GCCcore-11.2.0/lib:/apps/easybd/easybuild/software/SQLite/3.36-GCCcore-11.2.0/lib:/apps/easybd/easybuild/software/Tcl/8.6.11-GCCcore-11.2.0/lib:/apps/easybd/easybuild/software/libreadline/8.1-GCCcore-11.2.0/lib:/apps/easybd/easybuild/software/ncurses/6.2-GCCcore-11.2.0/lib:/apps/easybd/easybuild/software/bzip2/1.0.8-GCCcore-11.2.0/lib:/apps/easybd/easybuild/software/binutils/2.37-GCCcore-11.2.0/lib:/apps/easybd/easybuild/software/zlib/1.2.11-GCCcore-11.2.0/lib:/apps/easybd/easybuild/software/GCCcore/11.2.0/lib64:/home/labs/testing/almoga/tmp/ncbi-magicblast-1.4.0-src/c++/local/ncbi-vdb-2.9.0-1/lib64:/home/labs/mayalab/barc/.conda/envs/ml-gpu/lib/:/home/labs/mayalab/barc/.conda/envs/ml-gpu/lib/
2024-04-19 23:24:26.827793: W tensorflow/compiler/tf2tensorrt/utils/py_utils.cc:38] TF-TRT Warning: Cannot dlopen some TensorRT libraries. If you would like to use Nvidia GPU with TensorRT, please make sure the missing libraries mentioned above are installed properly.
[I 2024-04-19 23:24:38.684 ServerApp] Kernel interrupted: c92f8271-9353-4b95-a545-19c09188c806
[I 2024-04-19 23:26:29.058 ServerApp] Interrupted...
[IPKernelApp] WARNING | Parent appears to have exited, shutting down.
[IPKernelApp] WARNING | Parent appears to have exited, shutting down.
