Lmod Warning: The system MODULEPATH has changed: please rebuild your saved
collection.



/scratch/1714914247.524018.shell: line 17: cd: /home/labs/cssagi/barc/FGS_ML/ML_Project: Permission denied
[I 2024-05-05 16:04:38.112 ServerApp] jupyterlab | extension was successfully linked.
[I 2024-05-05 16:04:38.726 LabApp] JupyterLab extension loaded from /apps/easybd/easybuild/software/JupyterLab/3.1.6-GCCcore-11.2.0/lib/python3.9/site-packages/jupyterlab
[I 2024-05-05 16:04:38.727 LabApp] JupyterLab application directory is /apps/easybd/easybuild/software/JupyterLab/3.1.6-GCCcore-11.2.0/share/jupyter/lab
[I 2024-05-05 16:04:38.737 ServerApp] jupyterlab | extension was successfully loaded.
[I 2024-05-05 16:04:38.737 ServerApp] Serving notebooks from local directory: /home/labs/mayalab/barc/MSc_studies/ML_Project
[I 2024-05-05 16:04:38.737 ServerApp] Jupyter Server 1.10.2 is running at:
[I 2024-05-05 16:04:38.737 ServerApp] http://cn749.wexac.weizmann.ac.il:50369/lab?token=b2c8e8826792bb835d206b8ac393e508e6a5c72df46f5634
[I 2024-05-05 16:04:38.738 ServerApp]  or http://127.0.0.1:50369/lab?token=b2c8e8826792bb835d206b8ac393e508e6a5c72df46f5634
[I 2024-05-05 16:04:38.738 ServerApp] Use Control-C to stop this server and shut down all kernels (twice to skip confirmation).
[C 2024-05-05 16:04:38.851 ServerApp] 
    
    To access the server, open this file in a browser:
        file:///home/labs/mayalab/barc/.local/share/jupyter/runtime/jpserver-1554680-open.html
    Or copy and paste one of these URLs:
        http://cn749.wexac.weizmann.ac.il:50369/lab?token=b2c8e8826792bb835d206b8ac393e508e6a5c72df46f5634
     or http://127.0.0.1:50369/lab?token=b2c8e8826792bb835d206b8ac393e508e6a5c72df46f5634
[W 2024-05-05 16:05:27.768 ServerApp] 404 GET /hub/api (132.76.220.31) 47.27ms referer=None
[I 2024-05-05 16:05:27.779 ServerApp] 302 GET / (132.76.220.31) 0.32ms
[I 2024-05-05 16:05:27.789 LabApp] 302 GET /lab? (132.76.220.31) 0.41ms
[W 2024-05-05 16:05:59.535 LabApp] Failed validating settings (@jupyterlab/notebook-extension:tracker): Additional properties are not allowed ('autoStartDefaultKernel' was unexpected)
    
    Failed validating 'additionalProperties' in schema:
        {'additionalProperties': False,
         'definitions': {'editorConfig': {'additionalProperties': False,
                                          'properties': {'autoClosingBrackets': {'type': 'boolean'},
                                                         'codeFolding': {'type': 'boolean'},
                                                         'cursorBlinkRate': {'description': 'Half-period '
                                                                                            'in '
                                                                                            'milliseconds '
                                                                                            'used '
                                                                                            'for '
                                                                                            'cursor '
                                                                                            'blinking. '
                                                                                            'The '
                                                                                            'default '
                                                                                            'blink '
                                                                                            'rate '
                                                                                            'is '
                                                                                            '530ms. '
                                                                                            'By '
                                                                                            'setting '
                                                                                            'this '
                                                                                            'to '
                                                                                            'zero, '
                                                                                            'blinking '
                                                                                            'can '
                                                                                            'be '
                                                                                            'disabled. '
                                                                                            'A '
                                                                                            'negative '
                                                                                            'value '
                                                                                            'hides '
                                                                                            'the '
                                                                                            'cursor '
                                                                                            'entirely.',
                                                                             'title': 'Cursor '
                                                                                      'blinking '
                                                                                      'rate',
                                                                             'type': 'number'},
                                                         'fontFamily': {'type': ['string',
                                                                                 'null']},
                                                         'fontSize': {'maximum': 100,
                                                                      'minimum': 1,
                                                                      'type': ['integer',
                                                                               'null']},
                                                         'insertSpaces': {'type': 'boolean'},
                                                         'lineHeight': {'type': ['number',
                                                                                 'null']},
                                                         'lineNumbers': {'type': 'boolean'},
                                                         'lineWiseCopyCut': {'type': 'boolean'},
                                                         'lineWrap': {'enum': ['off',
                                                                               'on',
                                                                               'wordWrapColumn',
                                                                               'bounded'],
                                                                      'type': 'string'},
                                                         'matchBrackets': {'type': 'boolean'},
                                                         'readOnly': {'type': 'boolean'},
                                                         'rulers': {'items': {'type': 'number'},
                                                                    'type': 'array'},
                                                         'tabSize': {'type': 'number'},
                                                         'wordWrapColumn': {'type': 'integer'}},
                                          'type': 'object'}},
         'description': 'Notebook settings.',
         'jupyter.lab.menus': {'context': [{'rank': 0,
                                            'selector': '.jp-Notebook .jp-Cell',
                                            'type': 'separator'},
                                           {'command': 'notebook:cut-cell',
                                            'rank': 1,
                                            'selector': '.jp-Notebook '
                                                        '.jp-Cell'},
                                           {'command': 'notebook:copy-cell',
                                            'rank': 2,
                                            'selector': '.jp-Notebook '
                                                        '.jp-Cell'},
                                           {'command': 'notebook:paste-cell-below',
                                            'rank': 3,
                                            'selector': '.jp-Notebook '
                                                        '.jp-Cell'},
                                           {'rank': 4,
                                            'selector': '.jp-Notebook .jp-Cell',
                                            'type': 'separator'},
                                           {'command': 'notebook:delete-cell',
                                            'rank': 5,
                                            'selector': '.jp-Notebook '
                                                        '.jp-Cell'},
                                           {'rank': 6,
                                            'selector': '.jp-Notebook .jp-Cell',
                                            'type': 'separator'},
                                           {'command': 'notebook:split-cell-at-cursor',
                                            'rank': 7,
                                            'selector': '.jp-Notebook '
                                                        '.jp-Cell'},
                                           {'command': 'notebook:merge-cells',
                                            'rank': 8,
                                            'selector': '.jp-Notebook '
                                                        '.jp-Cell'},
                                           {'command': 'notebook:merge-cell-above',
                                            'rank': 8,
                                            'selector': '.jp-Notebook '
                                                        '.jp-Cell'},
                                           {'command': 'notebook:merge-cell-below',
                                            'rank': 8,
                                            'selector': '.jp-Notebook '
                                                        '.jp-Cell'},
                                           {'rank': 9,
                                            'selector': '.jp-Notebook .jp-Cell',
                                            'type': 'separator'},
                                           {'command': 'notebook:create-output-view',
                                            'rank': 10,
                                            'selector': '.jp-Notebook '
                                                        '.jp-CodeCell'},
                                           {'rank': 11,
                                            'selector': '.jp-Notebook '
                                                        '.jp-CodeCell',
                                            'type': 'separator'},
                                           {'command': 'notebook:clear-cell-output',
                                            'rank': 12,
                                            'selector': '.jp-Notebook '
                                                        '.jp-CodeCell'},
                                           {'command': 'notebook:clear-all-cell-outputs',
                                            'rank': 0,
                                            'selector': '.jp-Notebook'},
                                           {'rank': 1,
                                            'selector': '.jp-Notebook',
                                            'type': 'separator'},
                                           {'command': 'notebook:enable-output-scrolling',
                                            'rank': 2,
                                            'selector': '.jp-Notebook'},
                                           {'command': 'notebook:disable-output-scrolling',
                                            'rank': 3,
                                            'selector': '.jp-Notebook'},
                                           {'rank': 4,
                                            'selector': '.jp-Notebook',
                                            'type': 'separator'},
                                           {'command': 'notebook:undo-cell-action',
                                            'rank': 5,
                                            'selector': '.jp-Notebook'},
                                           {'command': 'notebook:redo-cell-action',
                                            'rank': 6,
                                            'selector': '.jp-Notebook'},
                                           {'command': 'notebook:restart-kernel',
                                            'rank': 7,
                                            'selector': '.jp-Notebook'},
                                           {'rank': 8,
                                            'selector': '.jp-Notebook',
                                            'type': 'separator'},
                                           {'command': 'notebook:create-console',
                                            'rank': 9,
                                            'selector': '.jp-Notebook'}],
                               'main': [{'id': 'jp-mainmenu-file',
                                         'items': [{'submenu': {'id': 'jp-mainmenu-file-new',
                                                                'items': [{'command': 'notebook:create-new',
                                                                           'rank': 10}]},
                                                    'type': 'submenu'}]},
                                        {'id': 'jp-mainmenu-edit',
                                         'items': [{'rank': 4,
                                                    'type': 'separator'},
                                                   {'command': 'notebook:undo-cell-action',
                                                    'rank': 4},
                                                   {'command': 'notebook:redo-cell-action',
                                                    'rank': 4},
                                                   {'rank': 5,
                                                    'type': 'separator'},
                                                   {'command': 'notebook:cut-cell',
                                                    'rank': 5},
                                                   {'command': 'notebook:copy-cell',
                                                    'rank': 5},
                                                   {'command': 'notebook:paste-cell-below',
                                                    'rank': 5},
                                                   {'command': 'notebook:paste-cell-above',
                                                    'rank': 5},
                                                   {'command': 'notebook:paste-and-replace-cell',
                                                    'rank': 5},
                                                   {'rank': 6,
                                                    'type': 'separator'},
                                                   {'command': 'notebook:delete-cell',
                                                    'rank': 6},
                                                   {'rank': 7,
                                                    'type': 'separator'},
                                                   {'command': 'notebook:select-all',
                                                    'rank': 7},
                                                   {'command': 'notebook:deselect-all',
                                                    'rank': 7},
                                                   {'rank': 8,
                                                    'type': 'separator'},
                                                   {'command': 'notebook:move-cell-up',
                                                    'rank': 8},
                                                   {'command': 'notebook:move-cell-down',
                                                    'rank': 8},
                                                   {'rank': 9,
                                                    'type': 'separator'},
                                                   {'command': 'notebook:split-cell-at-cursor',
                                                    'rank': 9},
                                                   {'command': 'notebook:merge-cells',
                                                    'rank': 9},
                                                   {'command': 'notebook:merge-cell-above',
                                                    'rank': 9},
                                                   {'command': 'notebook:merge-cell-below',
                                                    'rank': 9},
                                                   {'rank': 9,
                                                    'type': 'separator'}]},
                                        {'id': 'jp-mainmenu-view',
                                         'items': [{'rank': 10,
                                                    'type': 'separator'},
                                                   {'command': 'notebook:hide-cell-code',
                                                    'rank': 10},
                                                   {'command': 'notebook:hide-cell-outputs',
                                                    'rank': 10},
                                                   {'command': 'notebook:hide-all-cell-code',
                                                    'rank': 10},
                                                   {'command': 'notebook:hide-all-cell-outputs',
                                                    'rank': 10},
                                                   {'rank': 10,
                                                    'type': 'separator'},
                                                   {'command': 'notebook:show-cell-code',
                                                    'rank': 11},
                                                   {'command': 'notebook:show-cell-outputs',
                                                    'rank': 11},
                                                   {'command': 'notebook:show-all-cell-code',
                                                    'rank': 11},
                                                   {'command': 'notebook:show-all-cell-outputs',
                                                    'rank': 11},
                                                   {'rank': 11,
                                                    'type': 'separator'}]},
                                        {'id': 'jp-mainmenu-run',
                                         'items': [{'rank': 10,
                                                    'type': 'separator'},
                                                   {'command': 'notebook:run-cell-and-insert-below',
                                                    'rank': 10},
                                                   {'command': 'notebook:run-cell',
                                                    'rank': 10},
                                                   {'command': 'notebook:run-in-console',
                                                    'rank': 10},
                                                   {'rank': 11,
                                                    'type': 'separator'},
                                                   {'command': 'notebook:run-all-above',
                                                    'rank': 11},
                                                   {'command': 'notebook:run-all-below',
                                                    'rank': 11},
                                                   {'rank': 12,
                                                    'type': 'separator'},
                                                   {'command': 'notebook:render-all-markdown',
                                                    'rank': 12},
                                                   {'rank': 12,
                                                    'type': 'separator'}]},
                                        {'id': 'jp-mainmenu-kernel',
                                         'items': [{'command': 'notebook:restart-and-run-to-selected',
                                                    'rank': 1}]}]},
         'jupyter.lab.setting-icon': 'ui-components:notebook',
         'jupyter.lab.setting-icon-label': 'Notebook',
         'jupyter.lab.shortcuts': [{'command': 'notebook:change-cell-to-code',
                                    'keys': ['Y'],
                                    'selector': '.jp-Notebook:focus'},
                                   {'command': 'notebook:change-cell-to-heading-1',
                                    'keys': ['1'],
                                    'selector': '.jp-Notebook:focus'},
                                   {'command': 'notebook:change-cell-to-heading-2',
                                    'keys': ['2'],
                                    'selector': '.jp-Notebook:focus'},
                                   {'command': 'notebook:change-cell-to-heading-3',
                                    'keys': ['3'],
                                    'selector': '.jp-Notebook:focus'},
                                   {'command': 'notebook:change-cell-to-heading-4',
                                    'keys': ['4'],
                                    'selector': '.jp-Notebook:focus'},
                                   {'command': 'notebook:change-cell-to-heading-5',
                                    'keys': ['5'],
                                    'selector': '.jp-Notebook:focus'},
                                   {'command': 'notebook:change-cell-to-heading-6',
                                    'keys': ['6'],
                                    'selector': '.jp-Notebook:focus'},
                                   {'command': 'notebook:change-cell-to-markdown',
                                    'keys': ['M'],
                                    'selector': '.jp-Notebook:focus'},
                                   {'command': 'notebook:change-cell-to-raw',
                                    'keys': ['R'],
                                    'selector': '.jp-Notebook:focus'},
                                   {'command': 'notebook:copy-cell',
                                    'keys': ['C'],
                                    'selector': '.jp-Notebook:focus'},
                                   {'command': 'notebook:cut-cell',
                                    'keys': ['X'],
                                    'selector': '.jp-Notebook:focus'},
                                   {'command': 'notebook:delete-cell',
                                    'keys': ['D', 'D'],
                                    'selector': '.jp-Notebook:focus'},
                                   {'command': 'notebook:enter-command-mode',
                                    'keys': ['Escape'],
                                    'selector': '.jp-Notebook.jp-mod-editMode'},
                                   {'command': 'notebook:enter-command-mode',
                                    'keys': ['Ctrl M'],
                                    'selector': '.jp-Notebook.jp-mod-editMode'},
                                   {'command': 'notebook:enter-edit-mode',
                                    'keys': ['Enter'],
                                    'selector': '.jp-Notebook:focus'},
                                   {'command': 'notebook:extend-marked-cells-above',
                                    'keys': ['Shift ArrowUp'],
                                    'selector': '.jp-Notebook:focus'},
                                   {'command': 'notebook:extend-marked-cells-above',
                                    'keys': ['Shift K'],
                                    'selector': '.jp-Notebook:focus'},
                                   {'command': 'notebook:extend-marked-cells-top',
                                    'keys': ['Shift Home'],
                                    'selector': '.jp-Notebook:focus'},
                                   {'command': 'notebook:extend-marked-cells-below',
                                    'keys': ['Shift ArrowDown'],
                                    'selector': '.jp-Notebook:focus'},
                                   {'command': 'notebook:extend-marked-cells-bottom',
                                    'keys': ['Shift End'],
                                    'selector': '.jp-Notebook:focus'},
                                   {'command': 'notebook:extend-marked-cells-below',
                                    'keys': ['Shift J'],
                                    'selector': '.jp-Notebook:focus'},
                                   {'command': 'notebook:insert-cell-above',
                                    'keys': ['A'],
                                    'selector': '.jp-Notebook:focus'},
                                   {'command': 'notebook:insert-cell-below',
                                    'keys': ['B'],
                                    'selector': '.jp-Notebook:focus'},
                                   {'command': 'notebook:merge-cells',
                                    'keys': ['Shift M'],
                                    'selector': '.jp-Notebook:focus'},
                                   {'command': 'notebook:merge-cell-above',
                                    'keys': ['Ctrl Backspace'],
                                    'selector': '.jp-Notebook:focus'},
                                   {'command': 'notebook:merge-cell-below',
                                    'keys': ['Ctrl Shift M'],
                                    'selector': '.jp-Notebook:focus'},
                                   {'command': 'notebook:move-cursor-down',
                                    'keys': ['ArrowDown'],
                                    'selector': '.jp-Notebook:focus'},
                                   {'command': 'notebook:move-cursor-down',
                                    'keys': ['J'],
                                    'selector': '.jp-Notebook:focus'},
                                   {'command': 'notebook:move-cursor-up',
                                    'keys': ['ArrowUp'],
                                    'selector': '.jp-Notebook:focus'},
                                   {'command': 'notebook:move-cursor-up',
                                    'keys': ['K'],
                                    'selector': '.jp-Notebook:focus'},
                                   {'command': 'notebook:paste-cell-below',
                                    'keys': ['V'],
                                    'selector': '.jp-Notebook:focus'},
                                   {'command': 'notebook:redo-cell-action',
                                    'keys': ['Shift Z'],
                                    'selector': '.jp-Notebook:focus'},
                                   {'command': 'notebook:run-cell',
                                    'keys': ['Ctrl Enter'],
                                    'selector': '.jp-Notebook:focus'},
                                   {'command': 'notebook:run-cell',
                                    'keys': ['Ctrl Enter'],
                                    'selector': '.jp-Notebook.jp-mod-editMode'},
                                   {'command': 'notebook:run-cell-and-insert-below',
                                    'keys': ['Alt Enter'],
                                    'selector': '.jp-Notebook:focus'},
                                   {'command': 'notebook:run-cell-and-insert-below',
                                    'keys': ['Alt Enter'],
                                    'selector': '.jp-Notebook.jp-mod-editMode'},
                                   {'command': 'notebook:run-in-console',
                                    'keys': [''],
                                    'selector': '.jp-Notebook.jp-mod-editMode'},
                                   {'command': 'notebook:run-cell-and-select-next',
                                    'keys': ['Shift Enter'],
                                    'selector': '.jp-Notebook.jp-mod-editMode'},
                                   {'command': 'viewmenu:line-numbering',
                                    'keys': [''],
                                    'selector': '.jp-Notebook.jp-mod-commandMode'},
                                   {'command': 'viewmenu:match-brackets',
                                    'keys': [''],
                                    'selector': '.jp-Notebook.jp-mod-commandMode'},
                                   {'command': 'notebook:select-all',
                                    'keys': ['Accel A'],
                                    'selector': '.jp-Notebook:focus'},
                                   {'command': 'notebook:split-cell-at-cursor',
                                    'keys': ['Ctrl Shift -'],
                                    'selector': '.jp-Notebook.jp-mod-editMode'},
                                   {'command': 'notebook:toggle-all-cell-line-numbers',
                                    'keys': ['Shift L'],
                                    'selector': '.jp-Notebook:focus'},
                                   {'command': 'notebook:toggle-cell-line-numbers',
                                    'keys': ['L'],
                                    'selector': '.jp-Notebook:focus'},
                                   {'command': 'notebook:undo-cell-action',
                                    'keys': ['Z'],
                                    'selector': '.jp-Notebook:focus'}],
         'properties': {'codeCellConfig': {'$ref': '#/definitions/editorConfig',
                                           'default': {'autoClosingBrackets': False,
                                                       'codeFolding': False,
                                                       'cursorBlinkRate': 530,
                                                       'fontFamily': None,
                                                       'fontSize': None,
                                                       'insertSpaces': True,
                                                       'lineHeight': None,
                                                       'lineNumbers': False,
                                                       'lineWiseCopyCut': True,
                                                       'lineWrap': 'off',
                                                       'matchBrackets': True,
                                                       'readOnly': False,
                                                       'rulers': [],
                                                       'tabSize': 4,
                                                       'wordWrapColumn': 80},
                                           'description': 'The configuration '
                                                          'for all code cells.',
                                           'title': 'Code Cell Configuration'},
                        'defaultCell': {'default': 'code',
                                        'description': 'The default type '
                                                       '(markdown, code, or '
                                                       'raw) for new cells',
                                        'enum': ['code', 'markdown', 'raw'],
                                        'title': 'Default cell type',
                                        'type': 'string'},
                        'kernelShutdown': {'default': False,
                                           'description': 'Whether to shut '
                                                          'down or not the '
                                                          'kernel when closing '
                                                          'a notebook.',
                                           'title': 'Shut down kernel',
                                           'type': 'boolean'},
                        'markdownCellConfig': {'$ref': '#/definitions/editorConfig',
                                               'default': {'autoClosingBrackets': False,
                                                           'codeFolding': False,
                                                           'cursorBlinkRate': 530,
                                                           'fontFamily': None,
                                                           'fontSize': None,
                                                           'insertSpaces': True,
                                                           'lineHeight': None,
                                                           'lineNumbers': False,
                                                           'lineWiseCopyCut': True,
                                                           'lineWrap': 'on',
                                                           'matchBrackets': False,
                                                           'readOnly': False,
                                                           'rulers': [],
                                                           'tabSize': 4,
                                                           'wordWrapColumn': 80},
                                               'description': 'The '
                                                              'configuration '
                                                              'for all '
                                                              'markdown cells.',
                                               'title': 'Markdown Cell '
                                                        'Configuration'},
                        'maxNumberOutputs': {'default': 50,
                                             'description': 'Defines the '
                                                            'maximum number of '
                                                            'output cells to '
                                                            'to to be rendered '
                                                            'in the output '
                                                            'area for cells '
                                                            'with many '
                                                            'outputs. The '
                                                            'output area will '
                                                            'have a head and a '
                                                            'tail, and the '
                                                            'outputs between '
                                                            'will be trimmed '
                                                            'and not displayed '
                                                            'unless the user '
                                                            'clicks on the '
                                                            'information '
                                                            'message.',
                                             'title': 'The maximum number of '
                                                      'output cells to to be '
                                                      'rendered in the output '
                                                      'area. Set to 0 to have '
                                                      'the complete display.',
                                             'type': 'number'},
                        'numberCellsToRenderDirectly': {'default': 20,
                                                        'description': 'Define '
                                                                       'the '
                                                                       'number '
                                                                       'of '
                                                                       'cells '
                                                                       'to '
                                                                       'render '
                                                                       'directly '
                                                                       'when '
                                                                       'virtual '
                                                                       'notebook '
                                                                       'intersection '
                                                                       'observer '
                                                                       'is '
                                                                       'available',
                                                        'title': 'Number of '
                                                                 'cells to '
                                                                 'render '
                                                                 'directly',
                                                        'type': 'number'},
                        'observedBottomMargin': {'default': '1000px',
                                                 'description': 'Defines the '
                                                                'observed '
                                                                'bottom margin '
                                                                'for the '
                                                                'virtual '
                                                                'notebook, set '
                                                                'a positive '
                                                                'number of '
                                                                'pixels to '
                                                                'render cells '
                                                                'below the '
                                                                'visible view',
                                                 'title': 'Observed bottom '
                                                          'margin',
                                                 'type': 'string'},
                        'observedTopMargin': {'default': '1000px',
                                              'description': 'Defines the '
                                                             'observed top '
                                                             'margin for the '
                                                             'virtual '
                                                             'notebook, set a '
                                                             'positive number '
                                                             'of pixels to '
                                                             'render cells '
                                                             'above the '
                                                             'visible view',
                                              'title': 'Observed top margin',
                                              'type': 'string'},
                        'rawCellConfig': {'$ref': '#/definitions/editorConfig',
                                          'default': {'autoClosingBrackets': False,
                                                      'codeFolding': False,
                                                      'cursorBlinkRate': 530,
                                                      'fontFamily': None,
                                                      'fontSize': None,
                                                      'insertSpaces': True,
                                                      'lineHeight': None,
                                                      'lineNumbers': False,
                                                      'lineWiseCopyCut': True,
                                                      'lineWrap': 'on',
                                                      'matchBrackets': False,
                                                      'readOnly': False,
                                                      'rulers': [],
                                                      'tabSize': 4,
                                                      'wordWrapColumn': 80},
                                          'description': 'The configuration '
                                                         'for all raw cells.',
                                          'title': 'Raw Cell Configuration'},
                        'recordTiming': {'default': False,
                                         'description': 'Should timing data be '
                                                        'recorded in cell '
                                                        'metadata',
                                         'title': 'Recording timing',
                                         'type': 'boolean'},
                        'renderCellOnIdle': {'default': True,
                                             'description': 'Defines if the '
                                                            'placeholder cells '
                                                            'should be '
                                                            'rendered when the '
                                                            'browser is idle',
                                             'title': 'Render cell on browser '
                                                      'idle time',
                                             'type': 'boolean'},
                        'scrollPastEnd': {'default': True,
                                          'description': 'Whether to be able '
                                                         'to scroll so the '
                                                         'last cell is at the '
                                                         'top of the panel',
                                          'title': 'Scroll past last cell',
                                          'type': 'boolean'}},
         'title': 'Notebook',
         'type': 'object'}
    
    On instance:
        {'autoStartDefaultKernel': True}
[W 2024-05-05 16:06:03.497 LabApp] Could not determine jupyterlab build status without nodejs
[W 2024-05-05 16:06:12.796 ServerApp] 404 GET /api/contents/Untitled.ipynb?content=0&1714914372137 (132.76.204.25): No such file or directory: Untitled.ipynb
[W 2024-05-05 16:06:12.796 ServerApp] No such file or directory: Untitled.ipynb
[W 2024-05-05 16:06:12.796 ServerApp] 404 GET /api/contents/Untitled.ipynb?content=0&1714914372137 (132.76.204.25) 0.92ms referer=http://cn749.wexac.weizmann.ac.il:50369/lab
[W 2024-05-05 16:06:13.917 LabApp] Failed validating settings (@jupyterlab/notebook-extension:tracker): Additional properties are not allowed ('autoStartDefaultKernel' was unexpected)
    
    Failed validating 'additionalProperties' in schema:
        {'additionalProperties': False,
         'definitions': {'editorConfig': {'additionalProperties': False,
                                          'properties': {'autoClosingBrackets': {'type': 'boolean'},
                                                         'codeFolding': {'type': 'boolean'},
                                                         'cursorBlinkRate': {'description': 'Half-period '
                                                                                            'in '
                                                                                            'milliseconds '
                                                                                            'used '
                                                                                            'for '
                                                                                            'cursor '
                                                                                            'blinking. '
                                                                                            'The '
                                                                                            'default '
                                                                                            'blink '
                                                                                            'rate '
                                                                                            'is '
                                                                                            '530ms. '
                                                                                            'By '
                                                                                            'setting '
                                                                                            'this '
                                                                                            'to '
                                                                                            'zero, '
                                                                                            'blinking '
                                                                                            'can '
                                                                                            'be '
                                                                                            'disabled. '
                                                                                            'A '
                                                                                            'negative '
                                                                                            'value '
                                                                                            'hides '
                                                                                            'the '
                                                                                            'cursor '
                                                                                            'entirely.',
                                                                             'title': 'Cursor '
                                                                                      'blinking '
                                                                                      'rate',
                                                                             'type': 'number'},
                                                         'fontFamily': {'type': ['string',
                                                                                 'null']},
                                                         'fontSize': {'maximum': 100,
                                                                      'minimum': 1,
                                                                      'type': ['integer',
                                                                               'null']},
                                                         'insertSpaces': {'type': 'boolean'},
                                                         'lineHeight': {'type': ['number',
                                                                                 'null']},
                                                         'lineNumbers': {'type': 'boolean'},
                                                         'lineWiseCopyCut': {'type': 'boolean'},
                                                         'lineWrap': {'enum': ['off',
                                                                               'on',
                                                                               'wordWrapColumn',
                                                                               'bounded'],
                                                                      'type': 'string'},
                                                         'matchBrackets': {'type': 'boolean'},
                                                         'readOnly': {'type': 'boolean'},
                                                         'rulers': {'items': {'type': 'number'},
                                                                    'type': 'array'},
                                                         'tabSize': {'type': 'number'},
                                                         'wordWrapColumn': {'type': 'integer'}},
                                          'type': 'object'}},
         'description': 'Notebook settings.',
         'jupyter.lab.menus': {'context': [{'rank': 0,
                                            'selector': '.jp-Notebook .jp-Cell',
                                            'type': 'separator'},
                                           {'command': 'notebook:cut-cell',
                                            'rank': 1,
                                            'selector': '.jp-Notebook '
                                                        '.jp-Cell'},
                                           {'command': 'notebook:copy-cell',
                                            'rank': 2,
                                            'selector': '.jp-Notebook '
                                                        '.jp-Cell'},
                                           {'command': 'notebook:paste-cell-below',
                                            'rank': 3,
                                            'selector': '.jp-Notebook '
                                                        '.jp-Cell'},
                                           {'rank': 4,
                                            'selector': '.jp-Notebook .jp-Cell',
                                            'type': 'separator'},
                                           {'command': 'notebook:delete-cell',
                                            'rank': 5,
                                            'selector': '.jp-Notebook '
                                                        '.jp-Cell'},
                                           {'rank': 6,
                                            'selector': '.jp-Notebook .jp-Cell',
                                            'type': 'separator'},
                                           {'command': 'notebook:split-cell-at-cursor',
                                            'rank': 7,
                                            'selector': '.jp-Notebook '
                                                        '.jp-Cell'},
                                           {'command': 'notebook:merge-cells',
                                            'rank': 8,
                                            'selector': '.jp-Notebook '
                                                        '.jp-Cell'},
                                           {'command': 'notebook:merge-cell-above',
                                            'rank': 8,
                                            'selector': '.jp-Notebook '
                                                        '.jp-Cell'},
                                           {'command': 'notebook:merge-cell-below',
                                            'rank': 8,
                                            'selector': '.jp-Notebook '
                                                        '.jp-Cell'},
                                           {'rank': 9,
                                            'selector': '.jp-Notebook .jp-Cell',
                                            'type': 'separator'},
                                           {'command': 'notebook:create-output-view',
                                            'rank': 10,
                                            'selector': '.jp-Notebook '
                                                        '.jp-CodeCell'},
                                           {'rank': 11,
                                            'selector': '.jp-Notebook '
                                                        '.jp-CodeCell',
                                            'type': 'separator'},
                                           {'command': 'notebook:clear-cell-output',
                                            'rank': 12,
                                            'selector': '.jp-Notebook '
                                                        '.jp-CodeCell'},
                                           {'command': 'notebook:clear-all-cell-outputs',
                                            'rank': 0,
                                            'selector': '.jp-Notebook'},
                                           {'rank': 1,
                                            'selector': '.jp-Notebook',
                                            'type': 'separator'},
                                           {'command': 'notebook:enable-output-scrolling',
                                            'rank': 2,
                                            'selector': '.jp-Notebook'},
                                           {'command': 'notebook:disable-output-scrolling',
                                            'rank': 3,
                                            'selector': '.jp-Notebook'},
                                           {'rank': 4,
                                            'selector': '.jp-Notebook',
                                            'type': 'separator'},
                                           {'command': 'notebook:undo-cell-action',
                                            'rank': 5,
                                            'selector': '.jp-Notebook'},
                                           {'command': 'notebook:redo-cell-action',
                                            'rank': 6,
                                            'selector': '.jp-Notebook'},
                                           {'command': 'notebook:restart-kernel',
                                            'rank': 7,
                                            'selector': '.jp-Notebook'},
                                           {'rank': 8,
                                            'selector': '.jp-Notebook',
                                            'type': 'separator'},
                                           {'command': 'notebook:create-console',
                                            'rank': 9,
                                            'selector': '.jp-Notebook'}],
                               'main': [{'id': 'jp-mainmenu-file',
                                         'items': [{'submenu': {'id': 'jp-mainmenu-file-new',
                                                                'items': [{'command': 'notebook:create-new',
                                                                           'rank': 10}]},
                                                    'type': 'submenu'}]},
                                        {'id': 'jp-mainmenu-edit',
                                         'items': [{'rank': 4,
                                                    'type': 'separator'},
                                                   {'command': 'notebook:undo-cell-action',
                                                    'rank': 4},
                                                   {'command': 'notebook:redo-cell-action',
                                                    'rank': 4},
                                                   {'rank': 5,
                                                    'type': 'separator'},
                                                   {'command': 'notebook:cut-cell',
                                                    'rank': 5},
                                                   {'command': 'notebook:copy-cell',
                                                    'rank': 5},
                                                   {'command': 'notebook:paste-cell-below',
                                                    'rank': 5},
                                                   {'command': 'notebook:paste-cell-above',
                                                    'rank': 5},
                                                   {'command': 'notebook:paste-and-replace-cell',
                                                    'rank': 5},
                                                   {'rank': 6,
                                                    'type': 'separator'},
                                                   {'command': 'notebook:delete-cell',
                                                    'rank': 6},
                                                   {'rank': 7,
                                                    'type': 'separator'},
                                                   {'command': 'notebook:select-all',
                                                    'rank': 7},
                                                   {'command': 'notebook:deselect-all',
                                                    'rank': 7},
                                                   {'rank': 8,
                                                    'type': 'separator'},
                                                   {'command': 'notebook:move-cell-up',
                                                    'rank': 8},
                                                   {'command': 'notebook:move-cell-down',
                                                    'rank': 8},
                                                   {'rank': 9,
                                                    'type': 'separator'},
                                                   {'command': 'notebook:split-cell-at-cursor',
                                                    'rank': 9},
                                                   {'command': 'notebook:merge-cells',
                                                    'rank': 9},
                                                   {'command': 'notebook:merge-cell-above',
                                                    'rank': 9},
                                                   {'command': 'notebook:merge-cell-below',
                                                    'rank': 9},
                                                   {'rank': 9,
                                                    'type': 'separator'}]},
                                        {'id': 'jp-mainmenu-view',
                                         'items': [{'rank': 10,
                                                    'type': 'separator'},
                                                   {'command': 'notebook:hide-cell-code',
                                                    'rank': 10},
                                                   {'command': 'notebook:hide-cell-outputs',
                                                    'rank': 10},
                                                   {'command': 'notebook:hide-all-cell-code',
                                                    'rank': 10},
                                                   {'command': 'notebook:hide-all-cell-outputs',
                                                    'rank': 10},
                                                   {'rank': 10,
                                                    'type': 'separator'},
                                                   {'command': 'notebook:show-cell-code',
                                                    'rank': 11},
                                                   {'command': 'notebook:show-cell-outputs',
                                                    'rank': 11},
                                                   {'command': 'notebook:show-all-cell-code',
                                                    'rank': 11},
                                                   {'command': 'notebook:show-all-cell-outputs',
                                                    'rank': 11},
                                                   {'rank': 11,
                                                    'type': 'separator'}]},
                                        {'id': 'jp-mainmenu-run',
                                         'items': [{'rank': 10,
                                                    'type': 'separator'},
                                                   {'command': 'notebook:run-cell-and-insert-below',
                                                    'rank': 10},
                                                   {'command': 'notebook:run-cell',
                                                    'rank': 10},
                                                   {'command': 'notebook:run-in-console',
                                                    'rank': 10},
                                                   {'rank': 11,
                                                    'type': 'separator'},
                                                   {'command': 'notebook:run-all-above',
                                                    'rank': 11},
                                                   {'command': 'notebook:run-all-below',
                                                    'rank': 11},
                                                   {'rank': 12,
                                                    'type': 'separator'},
                                                   {'command': 'notebook:render-all-markdown',
                                                    'rank': 12},
                                                   {'rank': 12,
                                                    'type': 'separator'}]},
                                        {'id': 'jp-mainmenu-kernel',
                                         'items': [{'command': 'notebook:restart-and-run-to-selected',
                                                    'rank': 1}]}]},
         'jupyter.lab.setting-icon': 'ui-components:notebook',
         'jupyter.lab.setting-icon-label': 'Notebook',
         'jupyter.lab.shortcuts': [{'command': 'notebook:change-cell-to-code',
                                    'keys': ['Y'],
                                    'selector': '.jp-Notebook:focus'},
                                   {'command': 'notebook:change-cell-to-heading-1',
                                    'keys': ['1'],
                                    'selector': '.jp-Notebook:focus'},
                                   {'command': 'notebook:change-cell-to-heading-2',
                                    'keys': ['2'],
                                    'selector': '.jp-Notebook:focus'},
                                   {'command': 'notebook:change-cell-to-heading-3',
                                    'keys': ['3'],
                                    'selector': '.jp-Notebook:focus'},
                                   {'command': 'notebook:change-cell-to-heading-4',
                                    'keys': ['4'],
                                    'selector': '.jp-Notebook:focus'},
                                   {'command': 'notebook:change-cell-to-heading-5',
                                    'keys': ['5'],
                                    'selector': '.jp-Notebook:focus'},
                                   {'command': 'notebook:change-cell-to-heading-6',
                                    'keys': ['6'],
                                    'selector': '.jp-Notebook:focus'},
                                   {'command': 'notebook:change-cell-to-markdown',
                                    'keys': ['M'],
                                    'selector': '.jp-Notebook:focus'},
                                   {'command': 'notebook:change-cell-to-raw',
                                    'keys': ['R'],
                                    'selector': '.jp-Notebook:focus'},
                                   {'command': 'notebook:copy-cell',
                                    'keys': ['C'],
                                    'selector': '.jp-Notebook:focus'},
                                   {'command': 'notebook:cut-cell',
                                    'keys': ['X'],
                                    'selector': '.jp-Notebook:focus'},
                                   {'command': 'notebook:delete-cell',
                                    'keys': ['D', 'D'],
                                    'selector': '.jp-Notebook:focus'},
                                   {'command': 'notebook:enter-command-mode',
                                    'keys': ['Escape'],
                                    'selector': '.jp-Notebook.jp-mod-editMode'},
                                   {'command': 'notebook:enter-command-mode',
                                    'keys': ['Ctrl M'],
                                    'selector': '.jp-Notebook.jp-mod-editMode'},
                                   {'command': 'notebook:enter-edit-mode',
                                    'keys': ['Enter'],
                                    'selector': '.jp-Notebook:focus'},
                                   {'command': 'notebook:extend-marked-cells-above',
                                    'keys': ['Shift ArrowUp'],
                                    'selector': '.jp-Notebook:focus'},
                                   {'command': 'notebook:extend-marked-cells-above',
                                    'keys': ['Shift K'],
                                    'selector': '.jp-Notebook:focus'},
                                   {'command': 'notebook:extend-marked-cells-top',
                                    'keys': ['Shift Home'],
                                    'selector': '.jp-Notebook:focus'},
                                   {'command': 'notebook:extend-marked-cells-below',
                                    'keys': ['Shift ArrowDown'],
                                    'selector': '.jp-Notebook:focus'},
                                   {'command': 'notebook:extend-marked-cells-bottom',
                                    'keys': ['Shift End'],
                                    'selector': '.jp-Notebook:focus'},
                                   {'command': 'notebook:extend-marked-cells-below',
                                    'keys': ['Shift J'],
                                    'selector': '.jp-Notebook:focus'},
                                   {'command': 'notebook:insert-cell-above',
                                    'keys': ['A'],
                                    'selector': '.jp-Notebook:focus'},
                                   {'command': 'notebook:insert-cell-below',
                                    'keys': ['B'],
                                    'selector': '.jp-Notebook:focus'},
                                   {'command': 'notebook:merge-cells',
                                    'keys': ['Shift M'],
                                    'selector': '.jp-Notebook:focus'},
                                   {'command': 'notebook:merge-cell-above',
                                    'keys': ['Ctrl Backspace'],
                                    'selector': '.jp-Notebook:focus'},
                                   {'command': 'notebook:merge-cell-below',
                                    'keys': ['Ctrl Shift M'],
                                    'selector': '.jp-Notebook:focus'},
                                   {'command': 'notebook:move-cursor-down',
                                    'keys': ['ArrowDown'],
                                    'selector': '.jp-Notebook:focus'},
                                   {'command': 'notebook:move-cursor-down',
                                    'keys': ['J'],
                                    'selector': '.jp-Notebook:focus'},
                                   {'command': 'notebook:move-cursor-up',
                                    'keys': ['ArrowUp'],
                                    'selector': '.jp-Notebook:focus'},
                                   {'command': 'notebook:move-cursor-up',
                                    'keys': ['K'],
                                    'selector': '.jp-Notebook:focus'},
                                   {'command': 'notebook:paste-cell-below',
                                    'keys': ['V'],
                                    'selector': '.jp-Notebook:focus'},
                                   {'command': 'notebook:redo-cell-action',
                                    'keys': ['Shift Z'],
                                    'selector': '.jp-Notebook:focus'},
                                   {'command': 'notebook:run-cell',
                                    'keys': ['Ctrl Enter'],
                                    'selector': '.jp-Notebook:focus'},
                                   {'command': 'notebook:run-cell',
                                    'keys': ['Ctrl Enter'],
                                    'selector': '.jp-Notebook.jp-mod-editMode'},
                                   {'command': 'notebook:run-cell-and-insert-below',
                                    'keys': ['Alt Enter'],
                                    'selector': '.jp-Notebook:focus'},
                                   {'command': 'notebook:run-cell-and-insert-below',
                                    'keys': ['Alt Enter'],
                                    'selector': '.jp-Notebook.jp-mod-editMode'},
                                   {'command': 'notebook:run-in-console',
                                    'keys': [''],
                                    'selector': '.jp-Notebook.jp-mod-editMode'},
                                   {'command': 'notebook:run-cell-and-select-next',
                                    'keys': ['Shift Enter'],
                                    'selector': '.jp-Notebook.jp-mod-editMode'},
                                   {'command': 'viewmenu:line-numbering',
                                    'keys': [''],
                                    'selector': '.jp-Notebook.jp-mod-commandMode'},
                                   {'command': 'viewmenu:match-brackets',
                                    'keys': [''],
                                    'selector': '.jp-Notebook.jp-mod-commandMode'},
                                   {'command': 'notebook:select-all',
                                    'keys': ['Accel A'],
                                    'selector': '.jp-Notebook:focus'},
                                   {'command': 'notebook:split-cell-at-cursor',
                                    'keys': ['Ctrl Shift -'],
                                    'selector': '.jp-Notebook.jp-mod-editMode'},
                                   {'command': 'notebook:toggle-all-cell-line-numbers',
                                    'keys': ['Shift L'],
                                    'selector': '.jp-Notebook:focus'},
                                   {'command': 'notebook:toggle-cell-line-numbers',
                                    'keys': ['L'],
                                    'selector': '.jp-Notebook:focus'},
                                   {'command': 'notebook:undo-cell-action',
                                    'keys': ['Z'],
                                    'selector': '.jp-Notebook:focus'}],
         'properties': {'codeCellConfig': {'$ref': '#/definitions/editorConfig',
                                           'default': {'autoClosingBrackets': False,
                                                       'codeFolding': False,
                                                       'cursorBlinkRate': 530,
                                                       'fontFamily': None,
                                                       'fontSize': None,
                                                       'insertSpaces': True,
                                                       'lineHeight': None,
                                                       'lineNumbers': False,
                                                       'lineWiseCopyCut': True,
                                                       'lineWrap': 'off',
                                                       'matchBrackets': True,
                                                       'readOnly': False,
                                                       'rulers': [],
                                                       'tabSize': 4,
                                                       'wordWrapColumn': 80},
                                           'description': 'The configuration '
                                                          'for all code cells.',
                                           'title': 'Code Cell Configuration'},
                        'defaultCell': {'default': 'code',
                                        'description': 'The default type '
                                                       '(markdown, code, or '
                                                       'raw) for new cells',
                                        'enum': ['code', 'markdown', 'raw'],
                                        'title': 'Default cell type',
                                        'type': 'string'},
                        'kernelShutdown': {'default': False,
                                           'description': 'Whether to shut '
                                                          'down or not the '
                                                          'kernel when closing '
                                                          'a notebook.',
                                           'title': 'Shut down kernel',
                                           'type': 'boolean'},
                        'markdownCellConfig': {'$ref': '#/definitions/editorConfig',
                                               'default': {'autoClosingBrackets': False,
                                                           'codeFolding': False,
                                                           'cursorBlinkRate': 530,
                                                           'fontFamily': None,
                                                           'fontSize': None,
                                                           'insertSpaces': True,
                                                           'lineHeight': None,
                                                           'lineNumbers': False,
                                                           'lineWiseCopyCut': True,
                                                           'lineWrap': 'on',
                                                           'matchBrackets': False,
                                                           'readOnly': False,
                                                           'rulers': [],
                                                           'tabSize': 4,
                                                           'wordWrapColumn': 80},
                                               'description': 'The '
                                                              'configuration '
                                                              'for all '
                                                              'markdown cells.',
                                               'title': 'Markdown Cell '
                                                        'Configuration'},
                        'maxNumberOutputs': {'default': 50,
                                             'description': 'Defines the '
                                                            'maximum number of '
                                                            'output cells to '
                                                            'to to be rendered '
                                                            'in the output '
                                                            'area for cells '
                                                            'with many '
                                                            'outputs. The '
                                                            'output area will '
                                                            'have a head and a '
                                                            'tail, and the '
                                                            'outputs between '
                                                            'will be trimmed '
                                                            'and not displayed '
                                                            'unless the user '
                                                            'clicks on the '
                                                            'information '
                                                            'message.',
                                             'title': 'The maximum number of '
                                                      'output cells to to be '
                                                      'rendered in the output '
                                                      'area. Set to 0 to have '
                                                      'the complete display.',
                                             'type': 'number'},
                        'numberCellsToRenderDirectly': {'default': 20,
                                                        'description': 'Define '
                                                                       'the '
                                                                       'number '
                                                                       'of '
                                                                       'cells '
                                                                       'to '
                                                                       'render '
                                                                       'directly '
                                                                       'when '
                                                                       'virtual '
                                                                       'notebook '
                                                                       'intersection '
                                                                       'observer '
                                                                       'is '
                                                                       'available',
                                                        'title': 'Number of '
                                                                 'cells to '
                                                                 'render '
                                                                 'directly',
                                                        'type': 'number'},
                        'observedBottomMargin': {'default': '1000px',
                                                 'description': 'Defines the '
                                                                'observed '
                                                                'bottom margin '
                                                                'for the '
                                                                'virtual '
                                                                'notebook, set '
                                                                'a positive '
                                                                'number of '
                                                                'pixels to '
                                                                'render cells '
                                                                'below the '
                                                                'visible view',
                                                 'title': 'Observed bottom '
                                                          'margin',
                                                 'type': 'string'},
                        'observedTopMargin': {'default': '1000px',
                                              'description': 'Defines the '
                                                             'observed top '
                                                             'margin for the '
                                                             'virtual '
                                                             'notebook, set a '
                                                             'positive number '
                                                             'of pixels to '
                                                             'render cells '
                                                             'above the '
                                                             'visible view',
                                              'title': 'Observed top margin',
                                              'type': 'string'},
                        'rawCellConfig': {'$ref': '#/definitions/editorConfig',
                                          'default': {'autoClosingBrackets': False,
                                                      'codeFolding': False,
                                                      'cursorBlinkRate': 530,
                                                      'fontFamily': None,
                                                      'fontSize': None,
                                                      'insertSpaces': True,
                                                      'lineHeight': None,
                                                      'lineNumbers': False,
                                                      'lineWiseCopyCut': True,
                                                      'lineWrap': 'on',
                                                      'matchBrackets': False,
                                                      'readOnly': False,
                                                      'rulers': [],
                                                      'tabSize': 4,
                                                      'wordWrapColumn': 80},
                                          'description': 'The configuration '
                                                         'for all raw cells.',
                                          'title': 'Raw Cell Configuration'},
                        'recordTiming': {'default': False,
                                         'description': 'Should timing data be '
                                                        'recorded in cell '
                                                        'metadata',
                                         'title': 'Recording timing',
                                         'type': 'boolean'},
                        'renderCellOnIdle': {'default': True,
                                             'description': 'Defines if the '
                                                            'placeholder cells '
                                                            'should be '
                                                            'rendered when the '
                                                            'browser is idle',
                                             'title': 'Render cell on browser '
                                                      'idle time',
                                             'type': 'boolean'},
                        'scrollPastEnd': {'default': True,
                                          'description': 'Whether to be able '
                                                         'to scroll so the '
                                                         'last cell is at the '
                                                         'top of the panel',
                                          'title': 'Scroll past last cell',
                                          'type': 'boolean'}},
         'title': 'Notebook',
         'type': 'object'}
    
    On instance:
        {'autoStartDefaultKernel': True}
[I 2024-05-05 16:06:27.218 ServerApp] Kernel started: be5d221a-83d5-40da-b91a-826e12e4c04f
[I 2024-05-05 16:06:39.561 ServerApp] Starting buffering for be5d221a-83d5-40da-b91a-826e12e4c04f:d5a57f6f-dde7-4979-94c2-f392bc94011c
[I 2024-05-05 16:06:43.575 ServerApp] Kernel started: 54bbbfce-1f4f-49db-8187-b8d84311a1dc
[I 2024-05-05 16:06:49.057 ServerApp] Starting buffering for 54bbbfce-1f4f-49db-8187-b8d84311a1dc:e3781822-1297-400f-93b8-362282718aca
[I 2024-05-05 16:06:52.074 ServerApp] Kernel started: 4366f5e6-3d10-4e4b-8983-e6ced6aaa8dd
[I 2024-05-05 16:06:58.350 ServerApp] Starting buffering for 4366f5e6-3d10-4e4b-8983-e6ced6aaa8dd:c7fbd33d-3e29-4cec-afa5-aca1a544d790
[W 2024-05-05 16:08:26.429 ServerApp] 404 GET /hub/api (132.76.220.31) 3.44ms referer=None
[I 2024-05-05 16:08:26.442 ServerApp] 302 GET / (132.76.220.31) 0.30ms
[I 2024-05-05 16:08:26.452 LabApp] 302 GET /lab? (132.76.220.31) 0.42ms
[W 2024-05-05 16:08:27.745 ServerApp] 404 GET /hub/api (132.76.220.31) 1.08ms referer=None
[I 2024-05-05 16:08:27.753 ServerApp] 302 GET / (132.76.220.31) 0.29ms
[I 2024-05-05 16:08:27.762 LabApp] 302 GET /lab? (132.76.220.31) 0.37ms
[W 2024-05-05 16:08:39.873 ServerApp] 404 GET /hub/api (132.76.220.31) 9.10ms referer=None
[I 2024-05-05 16:08:39.921 ServerApp] 302 GET / (132.76.220.31) 0.33ms
[I 2024-05-05 16:08:40.004 LabApp] 302 GET /lab? (132.76.220.31) 0.40ms
[I 2024-05-05 16:08:40.236 ServerApp] Kernel started: e04bfd9a-a717-4ec1-be2d-7c138fc01fff
[W 2024-05-05 16:08:47.159 ServerApp] 404 GET /nbextensions/jupyter-js-widgets/extension.js (132.76.220.31) 1.29ms referer=None
[W 2024-05-05 16:08:47.159 ServerApp] 404 GET /hub/api (132.76.220.31) 1.74ms referer=None
[I 2024-05-05 16:08:47.165 ServerApp] 302 GET / (132.76.220.31) 0.30ms
[I 2024-05-05 16:08:47.173 LabApp] 302 GET /lab? (132.76.220.31) 0.38ms
[W 2024-05-05 16:08:47.190 ServerApp] 404 GET /nbextensions/jupyter-js-widgets/extension.js (132.76.220.31) 0.79ms referer=None
[W 2024-05-05 16:08:56.009 ServerApp] 404 GET /hub/api (132.76.220.31) 2.10ms referer=None
[I 2024-05-05 16:08:56.053 ServerApp] 302 GET / (132.76.220.31) 0.27ms
[I 2024-05-05 16:08:56.061 LabApp] 302 GET /lab? (132.76.220.31) 0.36ms
[I 2024-05-05 16:08:56.336 ServerApp] Kernel started: 9898fa0e-b15b-4351-9c9d-9c176b4a0a86
[I 2024-05-05 16:08:57.948 ServerApp] Kernel shutdown: e04bfd9a-a717-4ec1-be2d-7c138fc01fff
[W 2024-05-05 16:09:00.705 ServerApp] 404 GET /nbextensions/jupyter-js-widgets/extension.js (132.76.220.31) 5.48ms referer=None
[W 2024-05-05 16:09:00.706 ServerApp] 404 GET /hub/api (132.76.220.31) 5.86ms referer=None
[I 2024-05-05 16:09:00.713 ServerApp] 302 GET / (132.76.220.31) 0.29ms
[I 2024-05-05 16:09:00.727 LabApp] 302 GET /lab? (132.76.220.31) 0.37ms
[W 2024-05-05 16:09:00.742 ServerApp] 404 GET /nbextensions/jupyter-js-widgets/extension.js (132.76.220.31) 0.80ms referer=None
[I 2024-05-05 16:13:17.182 ServerApp] Starting buffering for be5d221a-83d5-40da-b91a-826e12e4c04f:5541ba1e-cba1-4d2b-9f4b-c64ead457e7c
[I 2024-05-05 16:13:17.190 ServerApp] Starting buffering for 54bbbfce-1f4f-49db-8187-b8d84311a1dc:f6a51357-9cbd-4810-9ebe-bbd990dc43a3
[I 2024-05-05 16:28:01.500 ServerApp] Kernel shutdown: 9898fa0e-b15b-4351-9c9d-9c176b4a0a86
