Lmod Warning: The system MODULEPATH has changed: please rebuild your saved
collection.



2024-04-22 09:06:24.707967: I tensorflow/core/platform/cpu_feature_guard.cc:193] This TensorFlow binary is optimized with oneAPI Deep Neural Network Library (oneDNN) to use the following CPU instructions in performance-critical operations:  AVX2 AVX512F AVX512_VNNI AVX512_BF16 FMA
To enable them in other operations, rebuild TensorFlow with the appropriate compiler flags.
2024-04-22 09:06:27.943938: I tensorflow/core/util/util.cc:169] oneDNN custom operations are on. You may see slightly different numerical results due to floating-point round-off errors from different computation orders. To turn them off, set the environment variable `TF_ENABLE_ONEDNN_OPTS=0`.
2024-04-22 09:06:29.099740: W tensorflow/stream_executor/platform/default/dso_loader.cc:64] Could not load dynamic library 'libcudart.so.11.0'; dlerror: libcudart.so.11.0: cannot open shared object file: No such file or directory; LD_LIBRARY_PATH: /usr/share/lsf/10.1/linux3.10-glibc2.17-x86_64/lib:/home/labs/testing/almoga/tmp/ncbi-magicblast-1.4.0-src/c++/local/ncbi-vdb-2.9.0-1/lib64
2024-04-22 09:06:29.100592: I tensorflow/stream_executor/cuda/cudart_stub.cc:29] Ignore above cudart dlerror if you do not have a GPU set up on your machine.
2024-04-22 09:06:29.446586: E tensorflow/stream_executor/cuda/cuda_blas.cc:2981] Unable to register cuBLAS factory: Attempting to register factory for plugin cuBLAS when one has already been registered
2024-04-22 09:06:39.323876: W tensorflow/stream_executor/platform/default/dso_loader.cc:64] Could not load dynamic library 'libnvinfer.so.7'; dlerror: libnvinfer.so.7: cannot open shared object file: No such file or directory; LD_LIBRARY_PATH: /usr/share/lsf/10.1/linux3.10-glibc2.17-x86_64/lib:/home/labs/testing/almoga/tmp/ncbi-magicblast-1.4.0-src/c++/local/ncbi-vdb-2.9.0-1/lib64
2024-04-22 09:06:39.327106: W tensorflow/stream_executor/platform/default/dso_loader.cc:64] Could not load dynamic library 'libnvinfer_plugin.so.7'; dlerror: libnvinfer_plugin.so.7: cannot open shared object file: No such file or directory; LD_LIBRARY_PATH: /usr/share/lsf/10.1/linux3.10-glibc2.17-x86_64/lib:/home/labs/testing/almoga/tmp/ncbi-magicblast-1.4.0-src/c++/local/ncbi-vdb-2.9.0-1/lib64
2024-04-22 09:06:39.327140: W tensorflow/compiler/tf2tensorrt/utils/py_utils.cc:38] TF-TRT Warning: Cannot dlopen some TensorRT libraries. If you would like to use Nvidia GPU with TensorRT, please make sure the missing libraries mentioned above are installed properly.
WARNING:root:Limited tf.compat.v2.summary API due to missing TensorBoard installation.
WARNING:root:Limited tf.compat.v2.summary API due to missing TensorBoard installation.
WARNING:root:Limited tf.compat.v2.summary API due to missing TensorBoard installation.
WARNING:root:Limited tf.summary API due to missing TensorBoard installation.
WARNING:root:The logger is working, the time is: 29.098261833190918
WARNING:root:Starting to load the data, the time is: 29.098430633544922
WARNING:root:finished loading the data, the time is: 29.689626693725586
WARNING:root:starting to run the Rendom_forest model,the time is: 29.69014000892639
WARNING:root:finished running the Rendom_forest model,the time is: 29.69017195701599
WARNING:root:the results on the train data are: accuracy: 0.9957926067465275, f1_weighted: 0.9957926986581138, f1_binary: 0.9957356473808682
WARNING:root:the results on the test data are: accuracy: 0.8394422310756973, f1_weighted: 0.8292584113830209, f1_binary: 0.9111225464970963
WARNING:root:the results on the train data are: log_loss: 0.06235000835838471, roc_auc: 0.999904797898002
WARNING:root:the results on the test data are: log_loss: 1.0901229066331197, roc_auc: 0.5999700147288514
WARNING:root:the best parameters are: {'bootstrap': True, 'ccp_alpha': 0.0, 'class_weight': None, 'criterion': 'gini', 'max_depth': None, 'max_features': 'sqrt', 'max_leaf_nodes': None, 'max_samples': None, 'min_impurity_decrease': 0.0, 'min_samples_leaf': 1, 'min_samples_split': 2, 'min_weight_fraction_leaf': 0.0, 'n_estimators': 10, 'n_jobs': None, 'oob_score': False, 'random_state': 42, 'verbose': 0, 'warm_start': False}
WARNING:root:the best parameters are: {'bootstrap': False, 'max_depth': 30, 'max_features': 'sqrt', 'min_samples_leaf': 2, 'min_samples_split': 20, 'n_estimators': 200}
WARNING:root:the results on the train data are: accuracy: 0.9387815095171603, f1_weighted: 0.9386921591767813, f1_binary: 0.9406462645623286
WARNING:root:the results on the train data are: log_loss: 0.14370848277139586, roc_auc: 0.9954486524962317
WARNING:root:the results on the test data are: accuracy: 0.8698539176626826, f1_weighted: 0.8375610348908504, f1_binary: 0.929889826870797
WARNING:root:the results on the test data are: log_loss: 0.3632424761269101, roc_auc: 0.6535877529457702
