Loading modules
loading ...
loaded conda.sh
sh shell detected
Setting up environment
Setting directory
Running Python script
Done

------------------------------------------------------------
Sender: LSF System <DoNotReply>
Subject: Job 817968: <gettingJupyterEnv> in cluster <wexac> Exited

Job <gettingJupyterEnv> was submitted from host <access4> by user <barc> in cluster <wexac> at Mon Apr 22 09:54:44 2024
Job was executed on host(s) <hgn14>, in queue <gpu-interactive>, as user <barc> in cluster <wexac> at Mon Apr 22 09:54:48 2024
</home/labs/mayalab/barc> was used as the home directory.
</home/labs/mayalab/barc/MSc_studies/ML_Project> was used as the working directory.
Started at Mon Apr 22 09:54:48 2024
Terminated at Mon Apr 22 10:07:18 2024
Results reported at Mon Apr 22 10:07:18 2024

Your job looked like:

------------------------------------------------------------
# LSBATCH: User input
#!/bin/bash
#BSUB -q gpu-interactive               # Queue name
#BSUB -gpu "num=2:j_exclusive=yes:gmem=8G:gmodel=NVIDIAA40"  # Requested GPU resources
#BSUB -R "rusage[mem=8000]"     # Requested memory
#BSUB -J gettingJupyterEnv    # Job name
#BSUB -o pyScripts/BarModels/logs/Output_jupyterinterface-%J.out    # Output file
#BSUB -e pyScripts/BarModels/logs/Error_jupyterinterface-%J.err    # Error file

# Load necessary modules
echo "Loading modules"
module load miniconda
module load JupyterLab/3.1.6-GCCcore-11.2.0

# Set up your environment
echo "Setting up environment"
conda activate ml-gpu

# Export LD_LIBRARY_PATH for CUDA and CUPTI
export LD_LIBRARY_PATH=/usr/local/cuda/lib64:/usr/local/cuda/extras/CUPTI/lib64:$LD_LIBRARY_PATH

# Set the directory to your working directory
echo "Setting directory"
cd /home/labs/cssagi/barc/FGS_ML/ML_Project  # Change to your actual directory


# Run your Python script
echo "Running Python script"
jupyter-lab --no-browser --ip="0.0.0.0" --port=$(python -c 'import socket; s=socket.socket(); s.bind(("", 0)); print(s.getsockname()[1]); s.close()')
echo "Done"

------------------------------------------------------------

TERM_OWNER: job killed by owner.
Exited with signal termination: 14.

Resource usage summary:

    CPU time :                                   94.00 sec.
    Max Memory :                                 4200 MB
    Average Memory :                             1154.99 MB
    Total Requested Memory :                     8000.00 MB
    Delta Memory :                               3800.00 MB
    Max Swap :                                   -
    Max Processes :                              5
    Max Threads :                                394
    Run time :                                   750 sec.
    Turnaround time :                            754 sec.

The output (if any) is above this job summary.



PS:

Read file <pyScripts/BarModels/logs/Error_jupyterinterface-817968.err> for stderr output of this job.

