Loading modules
loading ...
loaded conda.sh
sh shell detected
Setting up environment
Running Python script
accuracy:  0.9957926067465275 logLoss:  0.15164982409987213 f1_weighted:  0.9957926986581138 f1_binary:  0.9957356473808682
accuracy:  0.8394422310756973 logLoss:  5.7870885720375345 f1_weighted:  0.8292584113830209 f1_binary:  0.9111225464970963
accuracy:  0.9384140515910928 logLoss:  2.219782578090701 f1_weighted:  0.9383231028733563 f1_binary:  0.9403027604630454
accuracy:  0.8697211155378486 logLoss:  4.695726955474625 f1_weighted:  0.8381814553192463 f1_binary:  0.9297730689383634
Done

------------------------------------------------------------
Sender: LSF System <DoNotReply>
Subject: Job 873923: <main> in cluster <wexac> Done

Job <main> was submitted from host <access4> by user <barc> in cluster <wexac> at Mon Apr  8 19:49:10 2024
Job was executed on host(s) <cn124>, in queue <short>, as user <barc> in cluster <wexac> at Mon Apr  8 19:49:11 2024
</home/labs/mayalab/barc> was used as the home directory.
</home/labs/mayalab/barc/MSc_studies/ML_Project> was used as the working directory.
Started at Mon Apr  8 19:49:11 2024
Terminated at Mon Apr  8 23:09:41 2024
Results reported at Mon Apr  8 23:09:41 2024

Your job looked like:

------------------------------------------------------------
# LSBATCH: User input
#!/bin/bash
#BSUB -q short               # Queue name
#BSUB -R "rusage[mem=4000]"     # Requested memory
#BSUB -J main           # Job name
#BSUB -o pyScripts/BarModels/logs/Output_MainFile-%J.out    # Output file
#BSUB -e pyScripts/BarModels/logs/Error_MainFile-%J.err    # Error file


# Load necessary modules
echo "Loading modules"
module load miniconda

# Set up your environment
echo "Setting up environment"
conda activate ml

# set directory to your working directory
# cd /home/labs/cssagi/barc/FGS_ML/ML_Project

# Run your Python script
echo "Running Python script"
python pyScripts/BarModels/__main__.py
echo "Done"

------------------------------------------------------------

Successfully completed.

Resource usage summary:

    CPU time :                                   11962.75 sec.
    Max Memory :                                 623 MB
    Average Memory :                             443.03 MB
    Total Requested Memory :                     4000.00 MB
    Delta Memory :                               3377.00 MB
    Max Swap :                                   -
    Max Processes :                              5
    Max Threads :                                14
    Run time :                                   12030 sec.
    Turnaround time :                            12031 sec.

The output (if any) is above this job summary.



PS:

Read file <pyScripts/BarModels/logs/Error_MainFile-873923.err> for stderr output of this job.

