Loading modules
unloading ...
loading ...
loaded conda.sh
sh shell detected
Setting up environment
Running Python script
im in
Hello im gonna run
now im here starting to load the data
GONNA RUN
0.9957926067465275
[1 1 1 ... 0 0 0]
Time to train the model: 1250.78 seconds
Model accuracy score with 10 decision-trees : 0.8525
{'max_depth': None, 'min_samples_leaf': 4, 'min_samples_split': 2, 'n_estimators': 100}
Done

------------------------------------------------------------
Sender: LSF System <DoNotReply>
Subject: Job 677317: <main> in cluster <wexac> Done

Job <main> was submitted from host <access4> by user <barc> in cluster <wexac> at Sun Apr  7 09:33:17 2024
Job was executed on host(s) <cn433>, in queue <short>, as user <barc> in cluster <wexac> at Sun Apr  7 09:33:18 2024
</home/labs/mayalab/barc> was used as the home directory.
</home/labs/mayalab/barc/MSc_studies/ML_Project> was used as the working directory.
Started at Sun Apr  7 09:33:18 2024
Terminated at Sun Apr  7 10:09:32 2024
Results reported at Sun Apr  7 10:09:32 2024

Your job looked like:

------------------------------------------------------------
# LSBATCH: User input
#!/bin/bash
#BSUB -q short               # Queue name
#BSUB -R "rusage[mem=16000]"     # Requested memory
#BSUB -J main           # Job name
#BSUB -o pyScripts/BarModels/logs/Output-%J.out    # Output file
#BSUB -e pyScripts/BarModels/logs/Error-%J.err    # Error file


# Load necessary modules
echo "Loading modules"
module load miniconda

# Set up your environment
echo "Setting up environment"
conda activate ml

# set directory to your working directory
# cd /home/labs/cssagi/barc/FGS_ML/ML_Project

# Run your Python script
echo "Running Python script"
python pyScripts/BarModels/__main__.py
echo "Done"

------------------------------------------------------------

Successfully completed.

Resource usage summary:

    CPU time :                                   2160.87 sec.
    Max Memory :                                 587 MB
    Average Memory :                             483.49 MB
    Total Requested Memory :                     16000.00 MB
    Delta Memory :                               15413.00 MB
    Max Swap :                                   -
    Max Processes :                              5
    Max Threads :                                14
    Run time :                                   2176 sec.
    Turnaround time :                            2175 sec.

The output (if any) is above this job summary.



PS:

Read file <pyScripts/BarModels/logs/Error-677317.err> for stderr output of this job.

