Loading modules
unloading ...
loading ...
loaded conda.sh
sh shell detected
Setting up environment
Running Python script
Done

------------------------------------------------------------
Sender: LSF System <DoNotReply>
Subject: Job 665984: <gettingJupyterEnv> in cluster <wexac> Exited

Job <gettingJupyterEnv> was submitted from host <access4> by user <barc> in cluster <wexac> at Fri Apr 19 23:17:31 2024
Job was executed on host(s) <hgn19>, in queue <gpu-interactive>, as user <barc> in cluster <wexac> at Fri Apr 19 23:17:33 2024
</home/labs/mayalab/barc> was used as the home directory.
</home/labs/mayalab/barc/MSc_studies/ML_Project> was used as the working directory.
Started at Fri Apr 19 23:17:33 2024
Terminated at Fri Apr 19 23:26:36 2024
Results reported at Fri Apr 19 23:26:36 2024

Your job looked like:

------------------------------------------------------------
# LSBATCH: User input
#!/bin/bash
#BSUB -q gpu-interactive               # Queue name
#BSUB -gpu "num=2:j_exclusive=yes:gmem=8G:gmodel=NVIDIAA40"  # Requested GPU resources
#BSUB -R "rusage[mem=8000]"     # Requested memory
#BSUB -J gettingJupyterEnv    # Job name
#BSUB -o pyScripts/BarModels/logs/Output_jupyterinterface-%J.out    # Output file
#BSUB -e pyScripts/BarModels/logs/Error_jupyterinterface-%J.err    # Error file


# Load necessary modules
echo "Loading modules"
module load miniconda

module load JupyterLab/3.1.6-GCCcore-11.2.0

# Set up your environment
echo "Setting up environment"
conda activate ml-gpu

# set directory to your working directory
# cd /home/labs/cssagi/barc/FGS_ML/ML_Project

# Run your Python script
echo "Running Python script"
jupyter-lab --no-browser --ip="0.0.0.0" --port="$(shuf -i 6000-9999 -n 1)" 
echo "Done"


------------------------------------------------------------

TERM_OWNER: job killed by owner.
Exited with signal termination: 14.

Resource usage summary:

    CPU time :                                   14.00 sec.
    Max Memory :                                 335 MB
    Average Memory :                             185.61 MB
    Total Requested Memory :                     8000.00 MB
    Delta Memory :                               7665.00 MB
    Max Swap :                                   -
    Max Processes :                              6
    Max Threads :                                128
    Run time :                                   543 sec.
    Turnaround time :                            545 sec.

The output (if any) is above this job summary.



PS:

Read file <pyScripts/BarModels/logs/Error_jupyterinterface-665984.err> for stderr output of this job.

