Loading modules
unloading ...
loading ...
loaded conda.sh
sh shell detected
Setting up environment
Requirement already satisfied: tensorflow==2.10 in /home/labs/mayalab/barc/.local/lib/python3.9/site-packages (2.10.0)
Requirement already satisfied: absl-py>=1.0.0 in /home/labs/mayalab/barc/.local/lib/python3.9/site-packages (from tensorflow==2.10) (2.1.0)
Requirement already satisfied: astunparse>=1.6.0 in /home/labs/mayalab/barc/.local/lib/python3.9/site-packages (from tensorflow==2.10) (1.6.3)
Requirement already satisfied: flatbuffers>=2.0 in /home/labs/mayalab/barc/.local/lib/python3.9/site-packages (from tensorflow==2.10) (24.3.25)
Requirement already satisfied: gast<=0.4.0,>=0.2.1 in /home/labs/mayalab/barc/.local/lib/python3.9/site-packages (from tensorflow==2.10) (0.4.0)
Requirement already satisfied: google-pasta>=0.1.1 in /home/labs/mayalab/barc/.local/lib/python3.9/site-packages (from tensorflow==2.10) (0.2.0)
Requirement already satisfied: grpcio<2.0,>=1.24.3 in /home/labs/mayalab/barc/.local/lib/python3.9/site-packages (from tensorflow==2.10) (1.62.1)
Requirement already satisfied: h5py>=2.9.0 in /home/labs/mayalab/barc/.local/lib/python3.9/site-packages (from tensorflow==2.10) (3.11.0)
Requirement already satisfied: keras<2.11,>=2.10.0 in /home/labs/mayalab/barc/.conda/envs/ml-gpu/lib/python3.9/site-packages (from tensorflow==2.10) (2.10.0)
Requirement already satisfied: keras-preprocessing>=1.1.1 in /home/labs/mayalab/barc/.local/lib/python3.9/site-packages (from tensorflow==2.10) (1.1.2)
Requirement already satisfied: libclang>=13.0.0 in /home/labs/mayalab/barc/.local/lib/python3.9/site-packages (from tensorflow==2.10) (18.1.1)
Requirement already satisfied: numpy>=1.20 in /home/labs/mayalab/barc/.conda/envs/ml-gpu/lib/python3.9/site-packages (from tensorflow==2.10) (1.26.4)
Requirement already satisfied: opt-einsum>=2.3.2 in /home/labs/mayalab/barc/.local/lib/python3.9/site-packages (from tensorflow==2.10) (3.3.0)
Requirement already satisfied: packaging in /home/labs/mayalab/barc/.local/lib/python3.9/site-packages (from tensorflow==2.10) (24.0)
Requirement already satisfied: protobuf<3.20,>=3.9.2 in /home/labs/mayalab/barc/.local/lib/python3.9/site-packages (from tensorflow==2.10) (3.19.6)
Requirement already satisfied: setuptools in /home/labs/mayalab/barc/.conda/envs/ml-gpu/lib/python3.9/site-packages (from tensorflow==2.10) (68.2.2)
Requirement already satisfied: six>=1.12.0 in /home/labs/mayalab/barc/.local/lib/python3.9/site-packages (from tensorflow==2.10) (1.16.0)
Requirement already satisfied: tensorboard<2.11,>=2.10 in /home/labs/mayalab/barc/.conda/envs/ml-gpu/lib/python3.9/site-packages (from tensorflow==2.10) (2.10.1)
Requirement already satisfied: tensorflow-io-gcs-filesystem>=0.23.1 in /home/labs/mayalab/barc/.local/lib/python3.9/site-packages (from tensorflow==2.10) (0.36.0)
Requirement already satisfied: tensorflow-estimator<2.11,>=2.10.0 in /home/labs/mayalab/barc/.conda/envs/ml-gpu/lib/python3.9/site-packages (from tensorflow==2.10) (2.10.0)
Requirement already satisfied: termcolor>=1.1.0 in /home/labs/mayalab/barc/.local/lib/python3.9/site-packages (from tensorflow==2.10) (2.4.0)
Requirement already satisfied: typing-extensions>=3.6.6 in /home/labs/mayalab/barc/.local/lib/python3.9/site-packages (from tensorflow==2.10) (4.10.0)
Requirement already satisfied: wrapt>=1.11.0 in /home/labs/mayalab/barc/.local/lib/python3.9/site-packages (from tensorflow==2.10) (1.16.0)
Requirement already satisfied: wheel<1.0,>=0.23.0 in /home/labs/mayalab/barc/.conda/envs/ml-gpu/lib/python3.9/site-packages (from astunparse>=1.6.0->tensorflow==2.10) (0.41.2)
Requirement already satisfied: google-auth<3,>=1.6.3 in /home/labs/mayalab/barc/.local/lib/python3.9/site-packages (from tensorboard<2.11,>=2.10->tensorflow==2.10) (2.29.0)
Requirement already satisfied: google-auth-oauthlib<0.5,>=0.4.1 in /home/labs/mayalab/barc/.local/lib/python3.9/site-packages (from tensorboard<2.11,>=2.10->tensorflow==2.10) (0.4.6)
Requirement already satisfied: markdown>=2.6.8 in /home/labs/mayalab/barc/.local/lib/python3.9/site-packages (from tensorboard<2.11,>=2.10->tensorflow==2.10) (3.6)
Requirement already satisfied: requests<3,>=2.21.0 in /home/labs/mayalab/barc/.conda/envs/ml-gpu/lib/python3.9/site-packages (from tensorboard<2.11,>=2.10->tensorflow==2.10) (2.31.0)
Requirement already satisfied: tensorboard-data-server<0.7.0,>=0.6.0 in /home/labs/mayalab/barc/.local/lib/python3.9/site-packages (from tensorboard<2.11,>=2.10->tensorflow==2.10) (0.6.1)
Requirement already satisfied: tensorboard-plugin-wit>=1.6.0 in /home/labs/mayalab/barc/.local/lib/python3.9/site-packages (from tensorboard<2.11,>=2.10->tensorflow==2.10) (1.8.1)
Requirement already satisfied: werkzeug>=1.0.1 in /home/labs/mayalab/barc/.local/lib/python3.9/site-packages (from tensorboard<2.11,>=2.10->tensorflow==2.10) (3.0.2)
Requirement already satisfied: cachetools<6.0,>=2.0.0 in /home/labs/mayalab/barc/.local/lib/python3.9/site-packages (from google-auth<3,>=1.6.3->tensorboard<2.11,>=2.10->tensorflow==2.10) (5.3.3)
Requirement already satisfied: pyasn1-modules>=0.2.1 in /home/labs/mayalab/barc/.local/lib/python3.9/site-packages (from google-auth<3,>=1.6.3->tensorboard<2.11,>=2.10->tensorflow==2.10) (0.4.0)
Requirement already satisfied: rsa<5,>=3.1.4 in /home/labs/mayalab/barc/.local/lib/python3.9/site-packages (from google-auth<3,>=1.6.3->tensorboard<2.11,>=2.10->tensorflow==2.10) (4.9)
Requirement already satisfied: requests-oauthlib>=0.7.0 in /home/labs/mayalab/barc/.local/lib/python3.9/site-packages (from google-auth-oauthlib<0.5,>=0.4.1->tensorboard<2.11,>=2.10->tensorflow==2.10) (2.0.0)
Requirement already satisfied: importlib-metadata>=4.4 in /home/labs/mayalab/barc/.local/lib/python3.9/site-packages (from markdown>=2.6.8->tensorboard<2.11,>=2.10->tensorflow==2.10) (7.1.0)
Requirement already satisfied: charset-normalizer<4,>=2 in /home/labs/mayalab/barc/.conda/envs/ml-gpu/lib/python3.9/site-packages (from requests<3,>=2.21.0->tensorboard<2.11,>=2.10->tensorflow==2.10) (3.3.2)
Requirement already satisfied: idna<4,>=2.5 in /home/labs/mayalab/barc/.conda/envs/ml-gpu/lib/python3.9/site-packages (from requests<3,>=2.21.0->tensorboard<2.11,>=2.10->tensorflow==2.10) (3.7)
Requirement already satisfied: urllib3<3,>=1.21.1 in /home/labs/mayalab/barc/.conda/envs/ml-gpu/lib/python3.9/site-packages (from requests<3,>=2.21.0->tensorboard<2.11,>=2.10->tensorflow==2.10) (2.2.1)
Requirement already satisfied: certifi>=2017.4.17 in /home/labs/mayalab/barc/.conda/envs/ml-gpu/lib/python3.9/site-packages (from requests<3,>=2.21.0->tensorboard<2.11,>=2.10->tensorflow==2.10) (2024.2.2)
Requirement already satisfied: MarkupSafe>=2.1.1 in /home/labs/mayalab/barc/.local/lib/python3.9/site-packages (from werkzeug>=1.0.1->tensorboard<2.11,>=2.10->tensorflow==2.10) (2.1.5)
Requirement already satisfied: zipp>=0.5 in /home/labs/mayalab/barc/.local/lib/python3.9/site-packages (from importlib-metadata>=4.4->markdown>=2.6.8->tensorboard<2.11,>=2.10->tensorflow==2.10) (3.18.1)
Requirement already satisfied: pyasn1<0.7.0,>=0.4.6 in /home/labs/mayalab/barc/.conda/envs/ml-gpu/lib/python3.9/site-packages (from pyasn1-modules>=0.2.1->google-auth<3,>=1.6.3->tensorboard<2.11,>=2.10->tensorflow==2.10) (0.6.0)
Requirement already satisfied: oauthlib>=3.0.0 in /home/labs/mayalab/barc/.local/lib/python3.9/site-packages (from requests-oauthlib>=0.7.0->google-auth-oauthlib<0.5,>=0.4.1->tensorboard<2.11,>=2.10->tensorflow==2.10) (3.2.2)
Running Python script
