Loading modules
loading ...
loaded conda.sh
sh shell detected
Setting directory
Done

------------------------------------------------------------
Sender: LSF System <DoNotReply>
Subject: Job 524018: <gettingJupyterEnv> in cluster <wexac> Exited

Job <gettingJupyterEnv> was submitted from host <access4> by user <barc> in cluster <wexac> at Sun May  5 16:04:07 2024
Job was executed on host(s) <cn749>, in queue <short>, as user <barc> in cluster <wexac> at Sun May  5 16:04:08 2024
</home/labs/mayalab/barc> was used as the home directory.
</home/labs/mayalab/barc/MSc_studies/ML_Project> was used as the working directory.
Started at Sun May  5 16:04:08 2024
Terminated at Sun May  5 19:00:50 2024
Results reported at Sun May  5 19:00:50 2024

Your job looked like:

------------------------------------------------------------
# LSBATCH: User input
#!/bin/bash
#BSUB -q short               # Queue name
#BSUB -R "rusage[mem=1500]"     # Requested memory
#BSUB -n 1
#BSUB -J gettingJupyterEnv    # Job name
#BSUB -o pyScripts/BarModels/logs/Output_jupyterinterface-%J.out    # Output file
#BSUB -e pyScripts/BarModels/logs/Error_jupyterinterface-%J.err    # Error file

# Load necessary modules
echo "Loading modules"
module load miniconda
module load JupyterLab/3.1.6-GCCcore-11.2.0
conda activate ml

# Set the directory to your working directory
echo "Setting directory"
cd /home/labs/cssagi/barc/FGS_ML/ML_Project  # Change to your actual directory


#call jupyter lab
jupyter-lab --no-browser --ip="0.0.0.0" --port=$(python -c 'import socket; s=socket.socket(); s.bind(("", 0)); print(s.getsockname()[1]); s.close()')
echo "Done"

------------------------------------------------------------

TERM_OWNER: job killed by owner.
Exited with signal termination: 14.

Resource usage summary:

    CPU time :                                   390.00 sec.
    Max Memory :                                 724 MB
    Average Memory :                             254.30 MB
    Total Requested Memory :                     1500.00 MB
    Delta Memory :                               776.00 MB
    Max Swap :                                   -
    Max Processes :                              10
    Max Threads :                                71
    Run time :                                   10605 sec.
    Turnaround time :                            10603 sec.

The output (if any) is above this job summary.



PS:

Read file <pyScripts/BarModels/logs/Error_jupyterinterface-524018.err> for stderr output of this job.

