Loading modules
loading ...
loaded conda.sh
sh shell detected
Setting up environment
Running Python script
logloss : 0.22143396354652672
finished to fit the model with no hyperparameter tuning, time: 4.3367321491241455 seconds
Fitting 10 folds for each of 103680 candidates, totalling 1036800 fits
[CV] END bootstrap=True, ccp_alpha=0.0, class_weight=balanced, criterion=gini, max_depth=None, max_features=auto, min_samples_leaf=1, min_samples_split=2, n_estimators=10; total time=   0.0s
[CV] END bootstrap=True, ccp_alpha=0.0, class_weight=balanced, criterion=gini, max_depth=None, max_features=auto, min_samples_leaf=1, min_samples_split=2, n_estimators=10; total time=   0.0s
[CV] END bootstrap=True, ccp_alpha=0.0, class_weight=balanced, criterion=gini, max_depth=None, max_features=auto, min_samples_leaf=1, min_samples_split=2, n_estimators=10; total time=   0.0s
[CV] END bootstrap=True, ccp_alpha=0.0, class_weight=balanced, criterion=gini, max_depth=None, max_features=auto, min_samples_leaf=1, min_samples_split=2, n_estimators=50; total time=   0.0s
[CV] END bootstrap=True, ccp_alpha=0.0, class_weight=balanced, criterion=gini, max_depth=None, max_features=auto, min_samples_leaf=1, min_samples_split=2, n_estimators=50; total time=   0.0s
[CV] END bootstrap=True, ccp_alpha=0.0, class_weight=balanced, criterion=gini, max_depth=None, max_features=auto, min_samples_leaf=1, min_samples_split=2, n_estimators=100; total time=   0.0s
[CV] END bootstrap=True, ccp_alpha=0.0, class_weight=balanced, criterion=gini, max_depth=None, max_features=auto, min_samples_leaf=1, min_samples_split=2, n_estimators=100; total time=   0.0s
[CV] END bootstrap=True, ccp_alpha=0.0, class_weight=balanced, criterion=gini, max_depth=None, max_features=auto, min_samples_leaf=1, min_samples_split=2, n_estimators=100; total time=   0.0s
[CV] END bootstrap=True, ccp_alpha=0.0, class_weight=balanced, criterion=gini, max_depth=None, max_features=auto, min_samples_leaf=1, min_samples_split=2, n_estimators=200; total time=   0.0s
[CV] END bootstrap=True, ccp_alpha=0.0, class_weight=balanced, criterion=gini, max_depth=None, max_features=auto, min_samples_leaf=1, min_samples_split=2, n_estimators=200; total time=   0.0s
[CV] END bootstrap=True, ccp_alpha=0.0, class_weight=balanced, criterion=gini, max_depth=None, max_features=auto, min_samples_leaf=1, min_samples_split=5, n_estimators=10; total time=   0.0s
[CV] END bootstrap=True, ccp_alpha=0.0, class_weight=balanced, criterion=gini, max_depth=None, max_features=auto, min_samples_leaf=1, min_samples_split=5, n_estimators=10; total time=   0.0s
[CV] END bootstrap=True, ccp_alpha=0.0, class_weight=balanced, criterion=gini, max_depth=None, max_features=auto, min_samples_leaf=1, min_samples_split=5, n_estimators=50; total time=   0.0s
[CV] END bootstrap=True, ccp_alpha=0.0, class_weight=balanced, criterion=gini, max_depth=None, max_features=auto, min_samples_leaf=1, min_samples_split=5, n_estimators=50; total time=   0.0s
[CV] END bootstrap=True, ccp_alpha=0.0, class_weight=balanced, criterion=gini, max_depth=None, max_features=auto, min_samples_leaf=1, min_samples_split=5, n_estimators=100; total time=   0.0s
[CV] END bootstrap=True, ccp_alpha=0.0, class_weight=balanced, criterion=gini, max_depth=None, max_features=auto, min_samples_leaf=1, min_samples_split=5, n_estimators=100; total time=   0.0s
[CV] END bootstrap=True, ccp_alpha=0.0, class_weight=balanced, criterion=gini, max_depth=None, max_features=auto, min_samples_leaf=1, min_samples_split=5, n_estimators=100; total time=   0.0s
[CV] END bootstrap=True, ccp_alpha=0.0, class_weight=balanced, criterion=gini, max_depth=None, max_features=auto, min_samples_leaf=1, min_samples_split=5, n_estimators=100; total time=   0.0s
[CV] END bootstrap=True, ccp_alpha=0.0, class_weight=balanced, criterion=gini, max_depth=None, max_features=auto, min_samples_leaf=1, min_samples_split=10, n_estimators=50; total time=   0.0s
[CV] END bootstrap=True, ccp_alpha=0.0, class_weight=balanced, criterion=gini, max_depth=None, max_features=auto, min_samples_leaf=1, min_samples_split=10, n_estimators=50; total time=   0.0s
[CV] END bootstrap=True, ccp_alpha=0.0, class_weight=balanced, criterion=gini, max_depth=None, max_features=auto, min_samples_leaf=1, min_samples_split=10, n_estimators=50; total time=   0.0s
[CV] END bootstrap=True, ccp_alpha=0.0, class_weight=balanced, criterion=gini, max_depth=None, max_features=auto, min_samples_leaf=1, min_samples_split=10, n_estimators=50; total time=   0.0s
[CV] END bootstrap=True, ccp_alpha=0.0, class_weight=balanced, criterion=gini, max_depth=None, max_features=auto, min_samples_leaf=1, min_samples_split=10, n_estimators=100; total time=   0.0s
[CV] END bootstrap=True, ccp_alpha=0.0, class_weight=balanced, criterion=gini, max_depth=None, max_features=auto, min_samples_leaf=1, min_samples_split=10, n_estimators=100; total time=   0.0s
[CV] END bootstrap=True, ccp_alpha=0.0, class_weight=balanced, criterion=gini, max_depth=None, max_features=auto, min_samples_leaf=1, min_samples_split=10, n_estimators=100; total time=   0.0s
[CV] END bootstrap=True, ccp_alpha=0.0, class_weight=balanced, criterion=gini, max_depth=None, max_features=auto, min_samples_leaf=1, min_samples_split=10, n_estimators=100; total time=   0.0s
[CV] END bootstrap=True, ccp_alpha=0.0, class_weight=balanced, criterion=gini, max_depth=None, max_features=auto, min_samples_leaf=1, min_samples_split=20, n_estimators=10; total time=   0.0s
[CV] END bootstrap=True, ccp_alpha=0.0, class_weight=balanced, criterion=gini, max_depth=None, max_features=auto, min_samples_leaf=1, min_samples_split=20, n_estimators=10; total time=   0.0s
[CV] END bootstrap=True, ccp_alpha=0.0, class_weight=balanced, criterion=gini, max_depth=None, max_features=auto, min_samples_leaf=1, min_samples_split=20, n_estimators=50; total time=   0.0s
[CV] END bootstrap=True, ccp_alpha=0.0, class_weight=balanced, criterion=gini, max_depth=None, max_features=auto, min_samples_leaf=1, min_samples_split=20, n_estimators=50; total time=   0.0s
[CV] END bootstrap=True, ccp_alpha=0.0, class_weight=balanced, criterion=gini, max_depth=None, max_features=auto, min_samples_leaf=1, min_samples_split=20, n_estimators=50; total time=   0.0s
[CV] END bootstrap=True, ccp_alpha=0.0, class_weight=balanced, criterion=gini, max_depth=None, max_features=auto, min_samples_leaf=1, min_samples_split=20, n_estimators=50; total time=   0.0s
[CV] END bootstrap=True, ccp_alpha=0.0, class_weight=balanced, criterion=gini, max_depth=None, max_features=auto, min_samples_leaf=1, min_samples_split=20, n_estimators=50; total time=   0.0s
[CV] END bootstrap=True, ccp_alpha=0.0, class_weight=balanced, criterion=gini, max_depth=None, max_features=auto, min_samples_leaf=1, min_samples_split=20, n_estimators=50; total time=   0.0s
[CV] END bootstrap=True, ccp_alpha=0.0, class_weight=balanced, criterion=gini, max_depth=None, max_features=auto, min_samples_leaf=2, min_samples_split=2, n_estimators=10; total time=   0.0s
[CV] END bootstrap=True, ccp_alpha=0.0, class_weight=balanced, criterion=gini, max_depth=None, max_features=auto, min_samples_leaf=2, min_samples_split=2, n_estimators=10; total time=   0.0s
[CV] END bootstrap=True, ccp_alpha=0.0, class_weight=balanced, criterion=gini, max_depth=None, max_features=auto, min_samples_leaf=2, min_samples_split=2, n_estimators=10; total time=   0.0s
[CV] END bootstrap=True, ccp_alpha=0.0, class_weight=balanced, criterion=gini, max_depth=None, max_features=auto, min_samples_leaf=2, min_samples_split=2, n_estimators=10; total time=   0.0s
[CV] END bootstrap=True, ccp_alpha=0.0, class_weight=balanced, criterion=gini, max_depth=None, max_features=auto, min_samples_leaf=2, min_samples_split=2, n_estimators=10; total time=   0.0s
[CV] END bootstrap=True, ccp_alpha=0.0, class_weight=balanced, criterion=gini, max_depth=None, max_features=auto, min_samples_leaf=2, min_samples_split=2, n_estimators=10; total time=   0.0s
[CV] END bootstrap=True, ccp_alpha=0.0, class_weight=balanced, criterion=gini, max_depth=None, max_features=auto, min_samples_leaf=2, min_samples_split=2, n_estimators=10; total time=   0.0s
[CV] END bootstrap=True, ccp_alpha=0.0, class_weight=balanced, criterion=gini, max_depth=None, max_features=auto, min_samples_leaf=2, min_samples_split=2, n_estimators=10; total time=   0.0s
[CV] END bootstrap=True, ccp_alpha=0.0, class_weight=balanced, criterion=gini, max_depth=None, max_features=auto, min_samples_leaf=2, min_samples_split=2, n_estimators=200; total time=   0.0s
[CV] END bootstrap=True, ccp_alpha=0.0, class_weight=balanced, criterion=gini, max_depth=None, max_features=auto, min_samples_leaf=2, min_samples_split=2, n_estimators=200; total time=   0.0s
[CV] END bootstrap=True, ccp_alpha=0.0, class_weight=balanced, criterion=gini, max_depth=None, max_features=auto, min_samples_leaf=2, min_samples_split=2, n_estimators=200; total time=   0.0s
[CV] END bootstrap=True, ccp_alpha=0.0, class_weight=balanced, criterion=gini, max_depth=None, max_features=auto, min_samples_leaf=2, min_samples_split=2, n_estimators=200; total time=   0.0s
[CV] END bootstrap=True, ccp_alpha=0.0, class_weight=balanced, criterion=gini, max_depth=None, max_features=auto, min_samples_leaf=2, min_samples_split=2, n_estimators=200; total time=   0.0s
[CV] END bootstrap=True, ccp_alpha=0.0, class_weight=balanced, criterion=gini, max_depth=None, max_features=auto, min_samples_leaf=2, min_samples_split=2, n_estimators=200; total time=   0.0s
[CV] END bootstrap=True, ccp_alpha=0.0, class_weight=balanced, criterion=gini, max_depth=None, max_features=auto, min_samples_leaf=2, min_samples_split=2, n_estimators=200; total time=   0.0s
[CV] END bootstrap=True, ccp_alpha=0.0, class_weight=balanced, criterion=gini, max_depth=None, max_features=auto, min_samples_leaf=2, min_samples_split=2, n_estimators=200; total time=   0.0s
[CV] END bootstrap=True, ccp_alpha=0.0, class_weight=balanced, criterion=gini, max_depth=None, max_features=auto, min_samples_leaf=2, min_samples_split=5, n_estimators=100; total time=   0.0s
[CV] END bootstrap=True, ccp_alpha=0.0, class_weight=balanced, criterion=gini, max_depth=None, max_features=auto, min_samples_leaf=2, min_samples_split=5, n_estimators=100; total time=   0.0s
[CV] END bootstrap=True, ccp_alpha=0.0, class_weight=balanced, criterion=gini, max_depth=None, max_features=auto, min_samples_leaf=2, min_samples_split=5, n_estimators=100; total time=   0.0s
[CV] END bootstrap=True, ccp_alpha=0.0, class_weight=balanced, criterion=gini, max_depth=None, max_features=auto, min_samples_leaf=2, min_samples_split=5, n_estimators=100; total time=   0.0s
[CV] END bootstrap=True, ccp_alpha=0.0, class_weight=balanced, criterion=gini, max_depth=None, max_features=auto, min_samples_leaf=2, min_samples_split=5, n_estimators=100; total time=   0.0s
[CV] END bootstrap=True, ccp_alpha=0.0, class_weight=balanced, criterion=gini, max_depth=None, max_features=auto, min_samples_leaf=2, min_samples_split=5, n_estimators=100; total time=   0.0s
[CV] END bootstrap=True, ccp_alpha=0.0, class_weight=balanced, criterion=gini, max_depth=None, max_features=auto, min_samples_leaf=2, min_samples_split=5, n_estimators=200; total time=   0.0s
[CV] END bootstrap=True, ccp_alpha=0.0, class_weight=balanced, criterion=gini, max_depth=None, max_features=auto, min_samples_leaf=2, min_samples_split=5, n_estimators=200; total time=   0.0s
[CV] END bootstrap=True, ccp_alpha=0.0, class_weight=balanced, criterion=gini, max_depth=None, max_features=auto, min_samples_leaf=2, min_samples_split=10, n_estimators=10; total time=   0.0s
[CV] END bootstrap=True, ccp_alpha=0.0, class_weight=balanced, criterion=gini, max_depth=None, max_features=auto, min_samples_leaf=2, min_samples_split=10, n_estimators=10; total time=   0.0s
[CV] END bootstrap=True, ccp_alpha=0.0, class_weight=balanced, criterion=gini, max_depth=None, max_features=auto, min_samples_leaf=2, min_samples_split=10, n_estimators=50; total time=   0.0s
[CV] END bootstrap=True, ccp_alpha=0.0, class_weight=balanced, criterion=gini, max_depth=None, max_features=auto, min_samples_leaf=2, min_samples_split=10, n_estimators=50; total time=   0.0s
[CV] END bootstrap=True, ccp_alpha=0.0, class_weight=balanced, criterion=gini, max_depth=None, max_features=auto, min_samples_leaf=2, min_samples_split=10, n_estimators=50; total time=   0.0s
[CV] END bootstrap=True, ccp_alpha=0.0, class_weight=balanced, criterion=gini, max_depth=None, max_features=auto, min_samples_leaf=2, min_samples_split=10, n_estimators=50; total time=   0.0s
[CV] END bootstrap=True, ccp_alpha=0.0, class_weight=balanced, criterion=gini, max_depth=None, max_features=auto, min_samples_leaf=2, min_samples_split=10, n_estimators=50; total time=   0.0s
[CV] END bootstrap=True, ccp_alpha=0.0, class_weight=balanced, criterion=gini, max_depth=None, max_features=auto, min_samples_leaf=2, min_samples_split=10, n_estimators=50; total time=   0.0s
[CV] END bootstrap=True, ccp_alpha=0.0, class_weight=balanced, criterion=gini, max_depth=None, max_features=auto, min_samples_leaf=2, min_samples_split=20, n_estimators=10; total time=   0.0s
[CV] END bootstrap=True, ccp_alpha=0.0, class_weight=balanced, criterion=gini, max_depth=None, max_features=auto, min_samples_leaf=2, min_samples_split=20, n_estimators=10; total time=   0.0s
[CV] END bootstrap=True, ccp_alpha=0.0, class_weight=balanced, criterion=gini, max_depth=None, max_features=auto, min_samples_leaf=2, min_samples_split=20, n_estimators=10; total time=   0.0s
[CV] END bootstrap=True, ccp_alpha=0.0, class_weight=balanced, criterion=gini, max_depth=None, max_features=auto, min_samples_leaf=2, min_samples_split=20, n_estimators=10; total time=   0.0s
[CV] END bootstrap=True, ccp_alpha=0.0, class_weight=balanced, criterion=gini, max_depth=None, max_features=auto, min_samples_leaf=2, min_samples_split=20, n_estimators=10; total time=   0.0s
[CV] END bootstrap=True, ccp_alpha=0.0, class_weight=balanced, criterion=gini, max_depth=None, max_features=auto, min_samples_leaf=2, min_samples_split=20, n_estimators=10; total time=   0.0s
[CV] END bootstrap=True, ccp_alpha=0.0, class_weight=balanced, criterion=gini, max_depth=None, max_features=auto, min_samples_leaf=2, min_samples_split=20, n_estimators=10; total time=   0.0s
[CV] END bootstrap=True, ccp_alpha=0.0, class_weight=balanced, criterion=gini, max_depth=None, max_features=auto, min_samples_leaf=2, min_samples_split=20, n_estimators=10; total time=   0.0s
[CV] END bootstrap=True, ccp_alpha=0.0, class_weight=balanced, criterion=gini, max_depth=None, max_features=auto, min_samples_leaf=2, min_samples_split=20, n_estimators=200; total time=   0.0s
[CV] END bootstrap=True, ccp_alpha=0.0, class_weight=balanced, criterion=gini, max_depth=None, max_features=auto, min_samples_leaf=2, min_samples_split=20, n_estimators=200; total time=   0.0s
[CV] END bootstrap=True, ccp_alpha=0.0, class_weight=balanced, criterion=gini, max_depth=None, max_features=auto, min_samples_leaf=2, min_samples_split=20, n_estimators=200; total time=   0.0s
[CV] END bootstrap=True, ccp_alpha=0.0, class_weight=balanced, criterion=gini, max_depth=None, max_features=auto, min_samples_leaf=2, min_samples_split=20, n_estimators=200; total time=   0.0s
[CV] END bootstrap=True, ccp_alpha=0.0, class_weight=balanced, criterion=gini, max_depth=None, max_features=auto, min_samples_leaf=2, min_samples_split=20, n_estimators=200; total time=   0.0s
[CV] END bootstrap=True, ccp_alpha=0.0, class_weight=balanced, criterion=gini, max_depth=None, max_features=auto, min_samples_leaf=2, min_samples_split=20, n_estimators=200; total time=   0.0s
[CV] END bootstrap=True, ccp_alpha=0.0, class_weight=balanced, criterion=gini, max_depth=None, max_features=auto, min_samples_leaf=2, min_samples_split=20, n_estimators=200; total time=   0.0s
[CV] END bootstrap=True, ccp_alpha=0.0, class_weight=balanced, criterion=gini, max_depth=None, max_features=auto, min_samples_leaf=2, min_samples_split=20, n_estimators=200; total time=   0.0s
[CV] END bootstrap=True, ccp_alpha=0.0, class_weight=balanced, criterion=gini, max_depth=None, max_features=auto, min_samples_leaf=4, min_samples_split=2, n_estimators=100; total time=   0.0s
[CV] END bootstrap=True, ccp_alpha=0.0, class_weight=balanced, criterion=gini, max_depth=None, max_features=auto, min_samples_leaf=4, min_samples_split=2, n_estimators=100; total time=   0.0s
[CV] END bootstrap=True, ccp_alpha=0.0, class_weight=balanced, criterion=gini, max_depth=None, max_features=auto, min_samples_leaf=4, min_samples_split=2, n_estimators=100; total time=   0.0s
[CV] END bootstrap=True, ccp_alpha=0.0, class_weight=balanced, criterion=gini, max_depth=None, max_features=auto, min_samples_leaf=4, min_samples_split=2, n_estimators=100; total time=   0.0s
[CV] END bootstrap=True, ccp_alpha=0.0, class_weight=balanced, criterion=gini, max_depth=None, max_features=auto, min_samples_leaf=4, min_samples_split=2, n_estimators=100; total time=   0.0s
[CV] END bootstrap=True, ccp_alpha=0.0, class_weight=balanced, criterion=gini, max_depth=None, max_features=auto, min_samples_leaf=4, min_samples_split=2, n_estimators=100; total time=   0.0s
[CV] END bootstrap=True, ccp_alpha=0.0, class_weight=balanced, criterion=gini, max_depth=None, max_features=auto, min_samples_leaf=4, min_samples_split=2, n_estimators=200; total time=   0.0s
[CV] END bootstrap=True, ccp_alpha=0.0, class_weight=balanced, criterion=gini, max_depth=None, max_features=auto, min_samples_leaf=4, min_samples_split=2, n_estimators=200; total time=   0.0s
[CV] END bootstrap=True, ccp_alpha=0.0, class_weight=balanced, criterion=gini, max_depth=None, max_features=auto, min_samples_leaf=4, min_samples_split=5, n_estimators=50; total time=   0.0s
[CV] END bootstrap=True, ccp_alpha=0.0, class_weight=balanced, criterion=gini, max_depth=None, max_features=auto, min_samples_leaf=4, min_samples_split=5, n_estimators=50; total time=   0.0s
[CV] END bootstrap=True, ccp_alpha=0.0, class_weight=balanced, criterion=gini, max_depth=None, max_features=auto, min_samples_leaf=4, min_samples_split=5, n_estimators=50; total time=   0.0s
[CV] END bootstrap=True, ccp_alpha=0.0, class_weight=balanced, criterion=gini, max_depth=None, max_features=auto, min_samples_leaf=4, min_samples_split=5, n_estimators=50; total time=   0.0s
[CV] END bootstrap=True, ccp_alpha=0.0, class_weight=balanced, criterion=gini, max_depth=None, max_features=auto, min_samples_leaf=4, min_samples_split=5, n_estimators=100; total time=   0.0s
[CV] END bootstrap=True, ccp_alpha=0.0, class_weight=balanced, criterion=gini, max_depth=None, max_features=auto, min_samples_leaf=4, min_samples_split=5, n_estimators=100; total time=   0.0s
[CV] END bootstrap=True, ccp_alpha=0.0, class_weight=balanced, criterion=gini, max_depth=None, max_features=auto, min_samples_leaf=4, min_samples_split=5, n_estimators=100; total time=   0.0s
[CV] END bootstrap=True, ccp_alpha=0.0, class_weight=balanced, criterion=gini, max_depth=None, max_features=auto, min_samples_leaf=4, min_samples_split=5, n_estimators=100; total time=   0.0s
[CV] END bootstrap=True, ccp_alpha=0.0, class_weight=balanced, criterion=gini, max_depth=None, max_features=auto, min_samples_leaf=4, min_samples_split=10, n_estimators=10; total time=   0.0s
[CV] END bootstrap=True, ccp_alpha=0.0, class_weight=balanced, criterion=gini, max_depth=None, max_features=auto, min_samples_leaf=4, min_samples_split=10, n_estimators=10; total time=   0.0s
[CV] END bootstrap=True, ccp_alpha=0.0, class_weight=balanced, criterion=gini, max_depth=None, max_features=auto, min_samples_leaf=4, min_samples_split=10, n_estimators=50; total time=   0.0s
[CV] END bootstrap=True, ccp_alpha=0.0, class_weight=balanced, criterion=gini, max_depth=None, max_features=auto, min_samples_leaf=4, min_samples_split=10, n_estimators=50; total time=   0.0s
[CV] END bootstrap=True, ccp_alpha=0.0, class_weight=balanced, criterion=gini, max_depth=None, max_features=auto, min_samples_leaf=4, min_samples_split=10, n_estimators=50; total time=   0.0s
[CV] END bootstrap=True, ccp_alpha=0.0, class_weight=balanced, criterion=gini, max_depth=None, max_features=auto, min_samples_leaf=4, min_samples_split=10, n_estimators=50; total time=   0.0s
[CV] END bootstrap=True, ccp_alpha=0.0, class_weight=balanced, criterion=gini, max_depth=None, max_features=auto, min_samples_leaf=4, min_samples_split=10, n_estimators=50; total time=   0.0s
[CV] END bootstrap=True, ccp_alpha=0.0, class_weight=balanced, criterion=gini, max_depth=None, max_features=auto, min_samples_leaf=4, min_samples_split=10, n_estimators=50; total time=   0.0s
[CV] END bootstrap=True, ccp_alpha=0.0, class_weight=balanced, criterion=gini, max_depth=None, max_features=auto, min_samples_leaf=4, min_samples_split=20, n_estimators=10; total time=   0.0s
[CV] END bootstrap=True, ccp_alpha=0.0, class_weight=balanced, criterion=gini, max_depth=None, max_features=auto, min_samples_leaf=4, min_samples_split=20, n_estimators=10; total time=   0.0s
[CV] END bootstrap=True, ccp_alpha=0.0, class_weight=balanced, criterion=gini, max_depth=None, max_features=auto, min_samples_leaf=4, min_samples_split=20, n_estimators=10; total time=   0.0s
[CV] END bootstrap=True, ccp_alpha=0.0, class_weight=balanced, criterion=gini, max_depth=None, max_features=auto, min_samples_leaf=4, min_samples_split=20, n_estimators=10; total time=   0.0s
[CV] END bootstrap=True, ccp_alpha=0.0, class_weight=balanced, criterion=gini, max_depth=None, max_features=auto, min_samples_leaf=4, min_samples_split=20, n_estimators=10; total time=   0.0s
[CV] END bootstrap=True, ccp_alpha=0.0, class_weight=balanced, criterion=gini, max_depth=None, max_features=auto, min_samples_leaf=4, min_samples_split=20, n_estimators=10; total time=   0.0s
[CV] END bootstrap=True, ccp_alpha=0.0, class_weight=balanced, criterion=gini, max_depth=None, max_features=auto, min_samples_leaf=4, min_samples_split=20, n_estimators=10; total time=   0.0s
[CV] END bootstrap=True, ccp_alpha=0.0, class_weight=balanced, criterion=gini, max_depth=None, max_features=auto, min_samples_leaf=4, min_samples_split=20, n_estimators=10; total time=   0.0s
[CV] END bootstrap=True, ccp_alpha=0.0, class_weight=balanced, criterion=gini, max_depth=None, max_features=auto, min_samples_leaf=4, min_samples_split=20, n_estimators=200; total time=   0.0s
[CV] END bootstrap=True, ccp_alpha=0.0, class_weight=balanced, criterion=gini, max_depth=None, max_features=auto, min_samples_leaf=4, min_samples_split=20, n_estimators=200; total time=   0.0s
[CV] END bootstrap=True, ccp_alpha=0.0, class_weight=balanced, criterion=gini, max_depth=None, max_features=auto, min_samples_leaf=4, min_samples_split=20, n_estimators=200; total time=   0.0s
[CV] END bootstrap=True, ccp_alpha=0.0, class_weight=balanced, criterion=gini, max_depth=None, max_features=auto, min_samples_leaf=4, min_samples_split=20, n_estimators=200; total time=   0.0s
[CV] END bootstrap=True, ccp_alpha=0.0, class_weight=balanced, criterion=gini, max_depth=None, max_features=auto, min_samples_leaf=4, min_samples_split=20, n_estimators=200; total time=   0.0s
[CV] END bootstrap=True, ccp_alpha=0.0, class_weight=balanced, criterion=gini, max_depth=None, max_features=auto, min_samples_leaf=4, min_samples_split=20, n_estimators=200; total time=   0.0s
[CV] END bootstrap=True, ccp_alpha=0.0, class_weight=balanced, criterion=gini, max_depth=None, max_features=auto, min_samples_leaf=4, min_samples_split=20, n_estimators=200; total time=   0.0s
[CV] END bootstrap=True, ccp_alpha=0.0, class_weight=balanced, criterion=gini, max_depth=None, max_features=auto, min_samples_leaf=4, min_samples_split=20, n_estimators=200; total time=   0.0s
[CV] END bootstrap=True, ccp_alpha=0.0, class_weight=balanced, criterion=gini, max_depth=None, max_features=auto, min_samples_leaf=8, min_samples_split=2, n_estimators=100; total time=   0.0s
[CV] END bootstrap=True, ccp_alpha=0.0, class_weight=balanced, criterion=gini, max_depth=None, max_features=auto, min_samples_leaf=8, min_samples_split=2, n_estimators=100; total time=   0.0s
[CV] END bootstrap=True, ccp_alpha=0.0, class_weight=balanced, criterion=gini, max_depth=None, max_features=auto, min_samples_leaf=8, min_samples_split=2, n_estimators=100; total time=   0.0s
[CV] END bootstrap=True, ccp_alpha=0.0, class_weight=balanced, criterion=gini, max_depth=None, max_features=auto, min_samples_leaf=8, min_samples_split=2, n_estimators=100; total time=   0.0s
[CV] END bootstrap=True, ccp_alpha=0.0, class_weight=balanced, criterion=gini, max_depth=None, max_features=auto, min_samples_leaf=8, min_samples_split=2, n_estimators=100; total time=   0.0s
[CV] END bootstrap=True, ccp_alpha=0.0, class_weight=balanced, criterion=gini, max_depth=None, max_features=auto, min_samples_leaf=8, min_samples_split=2, n_estimators=100; total time=   0.0s
[CV] END bootstrap=True, ccp_alpha=0.0, class_weight=balanced, criterion=gini, max_depth=None, max_features=auto, min_samples_leaf=8, min_samples_split=2, n_estimators=200; total time=   0.0s
[CV] END bootstrap=True, ccp_alpha=0.0, class_weight=balanced, criterion=gini, max_depth=None, max_features=auto, min_samples_leaf=8, min_samples_split=2, n_estimators=200; total time=   0.0s
[CV] END bootstrap=True, ccp_alpha=0.0, class_weight=balanced, criterion=gini, max_depth=None, max_features=auto, min_samples_leaf=8, min_samples_split=5, n_estimators=50; total time=   0.0s
[CV] END bootstrap=True, ccp_alpha=0.0, class_weight=balanced, criterion=gini, max_depth=None, max_features=auto, min_samples_leaf=8, min_samples_split=5, n_estimators=50; total time=   0.0s
[CV] END bootstrap=True, ccp_alpha=0.0, class_weight=balanced, criterion=gini, max_depth=None, max_features=auto, min_samples_leaf=8, min_samples_split=5, n_estimators=50; total time=   0.0s
[CV] END bootstrap=True, ccp_alpha=0.0, class_weight=balanced, criterion=gini, max_depth=None, max_features=auto, min_samples_leaf=8, min_samples_split=5, n_estimators=50; total time=   0.0s
[CV] END bootstrap=True, ccp_alpha=0.0, class_weight=balanced, criterion=gini, max_depth=None, max_features=auto, min_samples_leaf=8, min_samples_split=5, n_estimators=100; total time=   0.0s
[CV] END bootstrap=True, ccp_alpha=0.0, class_weight=balanced, criterion=gini, max_depth=None, max_features=auto, min_samples_leaf=8, min_samples_split=5, n_estimators=100; total time=   0.0s
[CV] END bootstrap=True, ccp_alpha=0.0, class_weight=balanced, criterion=gini, max_depth=None, max_features=auto, min_samples_leaf=8, min_samples_split=5, n_estimators=100; total time=   0.0s
[CV] END bootstrap=True, ccp_alpha=0.0, class_weight=balanced, criterion=gini, max_depth=None, max_features=auto, min_samples_leaf=8, min_samples_split=5, n_estimators=100; total time=   0.0s
[CV] END bootstrap=True, ccp_alpha=0.0, class_weight=balanced, criterion=gini, max_depth=None, max_features=auto, min_samples_leaf=8, min_samples_split=10, n_estimators=10; total time=   0.0s
[CV] END bootstrap=True, ccp_alpha=0.0, class_weight=balanced, criterion=gini, max_depth=None, max_features=auto, min_samples_leaf=8, min_samples_split=10, n_estimators=10; total time=   0.0s
[CV] END bootstrap=True, ccp_alpha=0.0, class_weight=balanced, criterion=gini, max_depth=None, max_features=auto, min_samples_leaf=8, min_samples_split=10, n_estimators=50; total time=   0.0s
[CV] END bootstrap=True, ccp_alpha=0.0, class_weight=balanced, criterion=gini, max_depth=None, max_features=auto, min_samples_leaf=8, min_samples_split=10, n_estimators=50; total time=   0.0s
[CV] END bootstrap=True, ccp_alpha=0.0, class_weight=balanced, criterion=gini, max_depth=None, max_features=auto, min_samples_leaf=8, min_samples_split=10, n_estimators=50; total time=   0.0s
[CV] END bootstrap=True, ccp_alpha=0.0, class_weight=balanced, criterion=gini, max_depth=None, max_features=auto, min_samples_leaf=8, min_samples_split=10, n_estimators=50; total time=   0.0s
[CV] END bootstrap=True, ccp_alpha=0.0, class_weight=balanced, criterion=gini, max_depth=None, max_features=auto, min_samples_leaf=8, min_samples_split=10, n_estimators=50; total time=   0.0s
[CV] END bootstrap=True, ccp_alpha=0.0, class_weight=balanced, criterion=gini, max_depth=None, max_features=auto, min_samples_leaf=8, min_samples_split=10, n_estimators=50; total time=   0.0s
[CV] END bootstrap=True, ccp_alpha=0.0, class_weight=balanced, criterion=gini, max_depth=None, max_features=auto, min_samples_leaf=8, min_samples_split=20, n_estimators=10; total time=   0.0s
[CV] END bootstrap=True, ccp_alpha=0.0, class_weight=balanced, criterion=gini, max_depth=None, max_features=auto, min_samples_leaf=8, min_samples_split=20, n_estimators=10; total time=   0.0s
[CV] END bootstrap=True, ccp_alpha=0.0, class_weight=balanced, criterion=gini, max_depth=None, max_features=auto, min_samples_leaf=8, min_samples_split=20, n_estimators=10; total time=   0.0s
[CV] END bootstrap=True, ccp_alpha=0.0, class_weight=balanced, criterion=gini, max_depth=None, max_features=auto, min_samples_leaf=8, min_samples_split=20, n_estimators=10; total time=   0.0s
[CV] END bootstrap=True, ccp_alpha=0.0, class_weight=balanced, criterion=gini, max_depth=None, max_features=auto, min_samples_leaf=8, min_samples_split=20, n_estimators=10; total time=   0.0s
[CV] END bootstrap=True, ccp_alpha=0.0, class_weight=balanced, criterion=gini, max_depth=None, max_features=auto, min_samples_leaf=8, min_samples_split=20, n_estimators=10; total time=   0.0s
[CV] END bootstrap=True, ccp_alpha=0.0, class_weight=balanced, criterion=gini, max_depth=None, max_features=auto, min_samples_leaf=8, min_samples_split=20, n_estimators=10; total time=   0.0s
[CV] END bootstrap=True, ccp_alpha=0.0, class_weight=balanced, criterion=gini, max_depth=None, max_features=auto, min_samples_leaf=8, min_samples_split=20, n_estimators=10; total time=   0.0s
[CV] END bootstrap=True, ccp_alpha=0.0, class_weight=balanced, criterion=gini, max_depth=None, max_features=auto, min_samples_leaf=8, min_samples_split=20, n_estimators=100; total time=   0.0s
[CV] END bootstrap=True, ccp_alpha=0.0, class_weight=balanced, criterion=gini, max_depth=None, max_features=auto, min_samples_leaf=8, min_samples_split=20, n_estimators=100; total time=   0.0s
[CV] END bootstrap=True, ccp_alpha=0.0, class_weight=balanced, criterion=gini, max_depth=None, max_features=auto, min_samples_leaf=8, min_samples_split=20, n_estimators=100; total time=   0.0s
[CV] END bootstrap=True, ccp_alpha=0.0, class_weight=balanced, criterion=gini, max_depth=None, max_features=auto, min_samples_leaf=8, min_samples_split=20, n_estimators=100; total time=   0.0s
[CV] END bootstrap=True, ccp_alpha=0.0, class_weight=balanced, criterion=gini, max_depth=None, max_features=auto, min_samples_leaf=8, min_samples_split=20, n_estimators=100; total time=   0.0s
[CV] END bootstrap=True, ccp_alpha=0.0, class_weight=balanced, criterion=gini, max_depth=None, max_features=auto, min_samples_leaf=8, min_samples_split=20, n_estimators=100; total time=   0.0s
[CV] END bootstrap=True, ccp_alpha=0.0, class_weight=balanced, criterion=gini, max_depth=None, max_features=auto, min_samples_leaf=8, min_samples_split=20, n_estimators=200; total time=   0.0s
[CV] END bootstrap=True, ccp_alpha=0.0, class_weight=balanced, criterion=gini, max_depth=None, max_features=auto, min_samples_leaf=8, min_samples_split=20, n_estimators=200; total time=   0.0s
[CV] END bootstrap=True, ccp_alpha=0.0, class_weight=balanced, criterion=gini, max_depth=None, max_features=auto, min_samples_leaf=16, min_samples_split=2, n_estimators=50; total time=   0.0s
[CV] END bootstrap=True, ccp_alpha=0.0, class_weight=balanced, criterion=gini, max_depth=None, max_features=auto, min_samples_leaf=16, min_samples_split=2, n_estimators=50; total time=   0.0s
[CV] END bootstrap=True, ccp_alpha=0.0, class_weight=balanced, criterion=gini, max_depth=None, max_features=auto, min_samples_leaf=16, min_samples_split=2, n_estimators=50; total time=   0.0s
[CV] END bootstrap=True, ccp_alpha=0.0, class_weight=balanced, criterion=gini, max_depth=None, max_features=auto, min_samples_leaf=16, min_samples_split=2, n_estimators=50; total time=   0.0s
[CV] END bootstrap=True, ccp_alpha=0.0, class_weight=balanced, criterion=gini, max_depth=None, max_features=auto, min_samples_leaf=16, min_samples_split=2, n_estimators=100; total time=   0.0s
[CV] END bootstrap=True, ccp_alpha=0.0, class_weight=balanced, criterion=gini, max_depth=None, max_features=auto, min_samples_leaf=16, min_samples_split=2, n_estimators=100; total time=   0.0s
[CV] END bootstrap=True, ccp_alpha=0.0, class_weight=balanced, criterion=gini, max_depth=None, max_features=auto, min_samples_leaf=16, min_samples_split=2, n_estimators=100; total time=   0.0s
[CV] END bootstrap=True, ccp_alpha=0.0, class_weight=balanced, criterion=gini, max_depth=None, max_features=auto, min_samples_leaf=16, min_samples_split=2, n_estimators=100; total time=   0.0s
[CV] END bootstrap=True, ccp_alpha=0.0, class_weight=balanced, criterion=gini, max_depth=None, max_features=auto, min_samples_leaf=16, min_samples_split=5, n_estimators=10; total time=   0.0s
[CV] END bootstrap=True, ccp_alpha=0.0, class_weight=balanced, criterion=gini, max_depth=None, max_features=auto, min_samples_leaf=16, min_samples_split=5, n_estimators=10; total time=   0.0s
[CV] END bootstrap=True, ccp_alpha=0.0, class_weight=balanced, criterion=gini, max_depth=None, max_features=auto, min_samples_leaf=16, min_samples_split=5, n_estimators=50; total time=   0.0s
[CV] END bootstrap=True, ccp_alpha=0.0, class_weight=balanced, criterion=gini, max_depth=None, max_features=auto, min_samples_leaf=16, min_samples_split=5, n_estimators=50; total time=   0.0s
[CV] END bootstrap=True, ccp_alpha=0.0, class_weight=balanced, criterion=gini, max_depth=None, max_features=auto, min_samples_leaf=16, min_samples_split=5, n_estimators=50; total time=   0.0s
[CV] END bootstrap=True, ccp_alpha=0.0, class_weight=balanced, criterion=gini, max_depth=None, max_features=auto, min_samples_leaf=16, min_samples_split=5, n_estimators=50; total time=   0.0s
[CV] END bootstrap=True, ccp_alpha=0.0, class_weight=balanced, criterion=gini, max_depth=None, max_features=auto, min_samples_leaf=16, min_samples_split=5, n_estimators=50; total time=   0.0s
[CV] END bootstrap=True, ccp_alpha=0.0, class_weight=balanced, criterion=gini, max_depth=None, max_features=auto, min_samples_leaf=16, min_samples_split=5, n_estimators=50; total time=   0.0s
[CV] END bootstrap=True, ccp_alpha=0.0, class_weight=balanced, criterion=gini, max_depth=None, max_features=auto, min_samples_leaf=16, min_samples_split=10, n_estimators=10; total time=   0.0s
[CV] END bootstrap=True, ccp_alpha=0.0, class_weight=balanced, criterion=gini, max_depth=None, max_features=auto, min_samples_leaf=16, min_samples_split=10, n_estimators=10; total time=   0.0s
[CV] END bootstrap=True, ccp_alpha=0.0, class_weight=balanced, criterion=gini, max_depth=None, max_features=auto, min_samples_leaf=16, min_samples_split=10, n_estimators=10; total time=   0.0s
[CV] END bootstrap=True, ccp_alpha=0.0, class_weight=balanced, criterion=gini, max_depth=None, max_features=auto, min_samples_leaf=16, min_samples_split=10, n_estimators=10; total time=   0.0s
[CV] END bootstrap=True, ccp_alpha=0.0, class_weight=balanced, criterion=gini, max_depth=None, max_features=auto, min_samples_leaf=16, min_samples_split=10, n_estimators=10; total time=   0.0s
[CV] END bootstrap=True, ccp_alpha=0.0, class_weight=balanced, criterion=gini, max_depth=None, max_features=auto, min_samples_leaf=16, min_samples_split=10, n_estimators=10; total time=   0.0s
[CV] END bootstrap=True, ccp_alpha=0.0, class_weight=balanced, criterion=gini, max_depth=None, max_features=auto, min_samples_leaf=16, min_samples_split=10, n_estimators=10; total time=   0.0s
[CV] END bootstrap=True, ccp_alpha=0.0, class_weight=balanced, criterion=gini, max_depth=None, max_features=auto, min_samples_leaf=16, min_samples_split=10, n_estimators=10; total time=   0.0s
[CV] END bootstrap=True, ccp_alpha=0.0, class_weight=balanced, criterion=gini, max_depth=None, max_features=auto, min_samples_leaf=16, min_samples_split=10, n_estimators=200; total time=   0.0s
[CV] END bootstrap=True, ccp_alpha=0.0, class_weight=balanced, criterion=gini, max_depth=None, max_features=auto, min_samples_leaf=16, min_samples_split=10, n_estimators=200; total time=   0.0s
[CV] END bootstrap=True, ccp_alpha=0.0, class_weight=balanced, criterion=gini, max_depth=None, max_features=auto, min_samples_leaf=16, min_samples_split=10, n_estimators=200; total time=   0.0s
[CV] END bootstrap=True, ccp_alpha=0.0, class_weight=balanced, criterion=gini, max_depth=None, max_features=auto, min_samples_leaf=16, min_samples_split=10, n_estimators=200; total time=   0.0s
[CV] END bootstrap=True, ccp_alpha=0.0, class_weight=balanced, criterion=gini, max_depth=None, max_features=auto, min_samples_leaf=16, min_samples_split=10, n_estimators=200; total time=   0.0s
[CV] END bootstrap=True, ccp_alpha=0.0, class_weight=balanced, criterion=gini, max_depth=None, max_features=auto, min_samples_leaf=16, min_samples_split=10, n_estimators=200; total time=   0.0s
[CV] END bootstrap=True, ccp_alpha=0.0, class_weight=balanced, criterion=gini, max_depth=None, max_features=auto, min_samples_leaf=16, min_samples_split=10, n_estimators=200; total time=   0.0s
[CV] END bootstrap=True, ccp_alpha=0.0, class_weight=balanced, criterion=gini, max_depth=None, max_features=auto, min_samples_leaf=16, min_samples_split=10, n_estimators=200; total time=   0.0s
[CV] END bootstrap=True, ccp_alpha=0.0, class_weight=balanced, criterion=gini, max_depth=None, max_features=auto, min_samples_leaf=16, min_samples_split=20, n_estimators=100; total time=   0.0s
[CV] END bootstrap=True, ccp_alpha=0.0, class_weight=balanced, criterion=gini, max_depth=None, max_features=auto, min_samples_leaf=16, min_samples_split=20, n_estimators=100; total time=   0.0s
[CV] END bootstrap=True, ccp_alpha=0.0, class_weight=balanced, criterion=gini, max_depth=None, max_features=auto, min_samples_leaf=16, min_samples_split=20, n_estimators=100; total time=   0.0s
[CV] END bootstrap=True, ccp_alpha=0.0, class_weight=balanced, criterion=gini, max_depth=None, max_features=auto, min_samples_leaf=16, min_samples_split=20, n_estimators=100; total time=   0.0s
[CV] END bootstrap=True, ccp_alpha=0.0, class_weight=balanced, criterion=gini, max_depth=None, max_features=auto, min_samples_leaf=16, min_samples_split=20, n_estimators=100; total time=   0.0s
[CV] END bootstrap=True, ccp_alpha=0.0, class_weight=balanced, criterion=gini, max_depth=None, max_features=auto, min_samples_leaf=16, min_samples_split=20, n_estimators=100; total time=   0.0s
[CV] END bootstrap=True, ccp_alpha=0.0, class_weight=balanced, criterion=gini, max_depth=None, max_features=auto, min_samples_leaf=16, min_samples_split=20, n_estimators=200; total time=   0.0s
[CV] END bootstrap=True, ccp_alpha=0.0, class_weight=balanced, criterion=gini, max_depth=None, max_features=auto, min_samples_leaf=16, min_samples_split=20, n_estimators=200; total time=   0.0s
[CV] END bootstrap=True, ccp_alpha=0.0, class_weight=balanced, criterion=gini, max_depth=None, max_features=sqrt, min_samples_leaf=1, min_samples_split=2, n_estimators=50; total time=   1.8s
[CV] END bootstrap=True, ccp_alpha=0.0, class_weight=balanced, criterion=gini, max_depth=None, max_features=sqrt, min_samples_leaf=1, min_samples_split=2, n_estimators=50; total time=   2.5s
[CV] END bootstrap=True, ccp_alpha=0.0, class_weight=balanced, criterion=gini, max_depth=None, max_features=sqrt, min_samples_leaf=1, min_samples_split=2, n_estimators=50; total time=   2.5s
[CV] END bootstrap=True, ccp_alpha=0.0, class_weight=balanced, criterion=gini, max_depth=None, max_features=sqrt, min_samples_leaf=1, min_samples_split=2, n_estimators=50; total time=   2.5s
[CV] END bootstrap=True, ccp_alpha=0.0, class_weight=balanced, criterion=gini, max_depth=None, max_features=sqrt, min_samples_leaf=1, min_samples_split=2, n_estimators=100; total time=   4.0s
[CV] END bootstrap=True, ccp_alpha=0.0, class_weight=balanced, criterion=gini, max_depth=None, max_features=sqrt, min_samples_leaf=1, min_samples_split=2, n_estimators=100; total time=   4.1s
[CV] END bootstrap=True, ccp_alpha=0.0, class_weight=balanced, criterion=gini, max_depth=None, max_features=sqrt, min_samples_leaf=1, min_samples_split=2, n_estimators=100; total time=   4.0s
[CV] END bootstrap=True, ccp_alpha=0.0, class_weight=balanced, criterion=gini, max_depth=None, max_features=sqrt, min_samples_leaf=1, min_samples_split=2, n_estimators=100; total time=   4.4s
[CV] END bootstrap=True, ccp_alpha=0.0, class_weight=balanced, criterion=gini, max_depth=None, max_features=auto, min_samples_leaf=1, min_samples_split=2, n_estimators=10; total time=   0.0s
[CV] END bootstrap=True, ccp_alpha=0.0, class_weight=balanced, criterion=gini, max_depth=None, max_features=auto, min_samples_leaf=1, min_samples_split=2, n_estimators=10; total time=   0.0s
[CV] END bootstrap=True, ccp_alpha=0.0, class_weight=balanced, criterion=gini, max_depth=None, max_features=auto, min_samples_leaf=1, min_samples_split=2, n_estimators=50; total time=   0.0s
[CV] END bootstrap=True, ccp_alpha=0.0, class_weight=balanced, criterion=gini, max_depth=None, max_features=auto, min_samples_leaf=1, min_samples_split=2, n_estimators=50; total time=   0.0s
[CV] END bootstrap=True, ccp_alpha=0.0, class_weight=balanced, criterion=gini, max_depth=None, max_features=auto, min_samples_leaf=1, min_samples_split=2, n_estimators=50; total time=   0.0s
[CV] END bootstrap=True, ccp_alpha=0.0, class_weight=balanced, criterion=gini, max_depth=None, max_features=auto, min_samples_leaf=1, min_samples_split=2, n_estimators=100; total time=   0.0s
[CV] END bootstrap=True, ccp_alpha=0.0, class_weight=balanced, criterion=gini, max_depth=None, max_features=auto, min_samples_leaf=1, min_samples_split=2, n_estimators=200; total time=   0.0s
[CV] END bootstrap=True, ccp_alpha=0.0, class_weight=balanced, criterion=gini, max_depth=None, max_features=auto, min_samples_leaf=1, min_samples_split=2, n_estimators=200; total time=   0.0s
[CV] END bootstrap=True, ccp_alpha=0.0, class_weight=balanced, criterion=gini, max_depth=None, max_features=auto, min_samples_leaf=1, min_samples_split=2, n_estimators=200; total time=   0.0s
[CV] END bootstrap=True, ccp_alpha=0.0, class_weight=balanced, criterion=gini, max_depth=None, max_features=auto, min_samples_leaf=1, min_samples_split=2, n_estimators=200; total time=   0.0s
[CV] END bootstrap=True, ccp_alpha=0.0, class_weight=balanced, criterion=gini, max_depth=None, max_features=auto, min_samples_leaf=1, min_samples_split=5, n_estimators=50; total time=   0.0s
[CV] END bootstrap=True, ccp_alpha=0.0, class_weight=balanced, criterion=gini, max_depth=None, max_features=auto, min_samples_leaf=1, min_samples_split=5, n_estimators=50; total time=   0.0s
[CV] END bootstrap=True, ccp_alpha=0.0, class_weight=balanced, criterion=gini, max_depth=None, max_features=auto, min_samples_leaf=1, min_samples_split=5, n_estimators=50; total time=   0.0s
[CV] END bootstrap=True, ccp_alpha=0.0, class_weight=balanced, criterion=gini, max_depth=None, max_features=auto, min_samples_leaf=1, min_samples_split=5, n_estimators=50; total time=   0.0s
[CV] END bootstrap=True, ccp_alpha=0.0, class_weight=balanced, criterion=gini, max_depth=None, max_features=auto, min_samples_leaf=1, min_samples_split=5, n_estimators=100; total time=   0.0s
[CV] END bootstrap=True, ccp_alpha=0.0, class_weight=balanced, criterion=gini, max_depth=None, max_features=auto, min_samples_leaf=1, min_samples_split=5, n_estimators=100; total time=   0.0s
[CV] END bootstrap=True, ccp_alpha=0.0, class_weight=balanced, criterion=gini, max_depth=None, max_features=auto, min_samples_leaf=1, min_samples_split=5, n_estimators=200; total time=   0.0s
[CV] END bootstrap=True, ccp_alpha=0.0, class_weight=balanced, criterion=gini, max_depth=None, max_features=auto, min_samples_leaf=1, min_samples_split=5, n_estimators=200; total time=   0.0s
[CV] END bootstrap=True, ccp_alpha=0.0, class_weight=balanced, criterion=gini, max_depth=None, max_features=auto, min_samples_leaf=1, min_samples_split=10, n_estimators=10; total time=   0.0s
[CV] END bootstrap=True, ccp_alpha=0.0, class_weight=balanced, criterion=gini, max_depth=None, max_features=auto, min_samples_leaf=1, min_samples_split=10, n_estimators=10; total time=   0.0s
[CV] END bootstrap=True, ccp_alpha=0.0, class_weight=balanced, criterion=gini, max_depth=None, max_features=auto, min_samples_leaf=1, min_samples_split=10, n_estimators=10; total time=   0.0s
[CV] END bootstrap=True, ccp_alpha=0.0, class_weight=balanced, criterion=gini, max_depth=None, max_features=auto, min_samples_leaf=1, min_samples_split=10, n_estimators=10; total time=   0.0s
[CV] END bootstrap=True, ccp_alpha=0.0, class_weight=balanced, criterion=gini, max_depth=None, max_features=auto, min_samples_leaf=1, min_samples_split=10, n_estimators=10; total time=   0.0s
[CV] END bootstrap=True, ccp_alpha=0.0, class_weight=balanced, criterion=gini, max_depth=None, max_features=auto, min_samples_leaf=1, min_samples_split=10, n_estimators=10; total time=   0.0s
[CV] END bootstrap=True, ccp_alpha=0.0, class_weight=balanced, criterion=gini, max_depth=None, max_features=auto, min_samples_leaf=1, min_samples_split=10, n_estimators=10; total time=   0.0s
[CV] END bootstrap=True, ccp_alpha=0.0, class_weight=balanced, criterion=gini, max_depth=None, max_features=auto, min_samples_leaf=1, min_samples_split=10, n_estimators=10; total time=   0.0s
[CV] END bootstrap=True, ccp_alpha=0.0, class_weight=balanced, criterion=gini, max_depth=None, max_features=auto, min_samples_leaf=1, min_samples_split=10, n_estimators=200; total time=   0.0s
[CV] END bootstrap=True, ccp_alpha=0.0, class_weight=balanced, criterion=gini, max_depth=None, max_features=auto, min_samples_leaf=1, min_samples_split=10, n_estimators=200; total time=   0.0s
[CV] END bootstrap=True, ccp_alpha=0.0, class_weight=balanced, criterion=gini, max_depth=None, max_features=auto, min_samples_leaf=1, min_samples_split=10, n_estimators=200; total time=   0.0s
[CV] END bootstrap=True, ccp_alpha=0.0, class_weight=balanced, criterion=gini, max_depth=None, max_features=auto, min_samples_leaf=1, min_samples_split=10, n_estimators=200; total time=   0.0s
[CV] END bootstrap=True, ccp_alpha=0.0, class_weight=balanced, criterion=gini, max_depth=None, max_features=auto, min_samples_leaf=1, min_samples_split=10, n_estimators=200; total time=   0.0s
[CV] END bootstrap=True, ccp_alpha=0.0, class_weight=balanced, criterion=gini, max_depth=None, max_features=auto, min_samples_leaf=1, min_samples_split=10, n_estimators=200; total time=   0.0s
[CV] END bootstrap=True, ccp_alpha=0.0, class_weight=balanced, criterion=gini, max_depth=None, max_features=auto, min_samples_leaf=1, min_samples_split=10, n_estimators=200; total time=   0.0s
[CV] END bootstrap=True, ccp_alpha=0.0, class_weight=balanced, criterion=gini, max_depth=None, max_features=auto, min_samples_leaf=1, min_samples_split=10, n_estimators=200; total time=   0.0s
[CV] END bootstrap=True, ccp_alpha=0.0, class_weight=balanced, criterion=gini, max_depth=None, max_features=auto, min_samples_leaf=1, min_samples_split=20, n_estimators=100; total time=   0.0s
[CV] END bootstrap=True, ccp_alpha=0.0, class_weight=balanced, criterion=gini, max_depth=None, max_features=auto, min_samples_leaf=1, min_samples_split=20, n_estimators=100; total time=   0.0s
[CV] END bootstrap=True, ccp_alpha=0.0, class_weight=balanced, criterion=gini, max_depth=None, max_features=auto, min_samples_leaf=1, min_samples_split=20, n_estimators=100; total time=   0.0s
[CV] END bootstrap=True, ccp_alpha=0.0, class_weight=balanced, criterion=gini, max_depth=None, max_features=auto, min_samples_leaf=1, min_samples_split=20, n_estimators=100; total time=   0.0s
[CV] END bootstrap=True, ccp_alpha=0.0, class_weight=balanced, criterion=gini, max_depth=None, max_features=auto, min_samples_leaf=1, min_samples_split=20, n_estimators=100; total time=   0.0s
[CV] END bootstrap=True, ccp_alpha=0.0, class_weight=balanced, criterion=gini, max_depth=None, max_features=auto, min_samples_leaf=1, min_samples_split=20, n_estimators=100; total time=   0.0s
[CV] END bootstrap=True, ccp_alpha=0.0, class_weight=balanced, criterion=gini, max_depth=None, max_features=auto, min_samples_leaf=1, min_samples_split=20, n_estimators=200; total time=   0.0s
[CV] END bootstrap=True, ccp_alpha=0.0, class_weight=balanced, criterion=gini, max_depth=None, max_features=auto, min_samples_leaf=1, min_samples_split=20, n_estimators=200; total time=   0.0s
[CV] END bootstrap=True, ccp_alpha=0.0, class_weight=balanced, criterion=gini, max_depth=None, max_features=auto, min_samples_leaf=2, min_samples_split=2, n_estimators=50; total time=   0.0s
[CV] END bootstrap=True, ccp_alpha=0.0, class_weight=balanced, criterion=gini, max_depth=None, max_features=auto, min_samples_leaf=2, min_samples_split=2, n_estimators=50; total time=   0.0s
[CV] END bootstrap=True, ccp_alpha=0.0, class_weight=balanced, criterion=gini, max_depth=None, max_features=auto, min_samples_leaf=2, min_samples_split=2, n_estimators=50; total time=   0.0s
[CV] END bootstrap=True, ccp_alpha=0.0, class_weight=balanced, criterion=gini, max_depth=None, max_features=auto, min_samples_leaf=2, min_samples_split=2, n_estimators=50; total time=   0.0s
[CV] END bootstrap=True, ccp_alpha=0.0, class_weight=balanced, criterion=gini, max_depth=None, max_features=auto, min_samples_leaf=2, min_samples_split=2, n_estimators=100; total time=   0.0s
[CV] END bootstrap=True, ccp_alpha=0.0, class_weight=balanced, criterion=gini, max_depth=None, max_features=auto, min_samples_leaf=2, min_samples_split=2, n_estimators=100; total time=   0.0s
[CV] END bootstrap=True, ccp_alpha=0.0, class_weight=balanced, criterion=gini, max_depth=None, max_features=auto, min_samples_leaf=2, min_samples_split=2, n_estimators=100; total time=   0.0s
[CV] END bootstrap=True, ccp_alpha=0.0, class_weight=balanced, criterion=gini, max_depth=None, max_features=auto, min_samples_leaf=2, min_samples_split=2, n_estimators=100; total time=   0.0s
[CV] END bootstrap=True, ccp_alpha=0.0, class_weight=balanced, criterion=gini, max_depth=None, max_features=auto, min_samples_leaf=2, min_samples_split=5, n_estimators=10; total time=   0.0s
[CV] END bootstrap=True, ccp_alpha=0.0, class_weight=balanced, criterion=gini, max_depth=None, max_features=auto, min_samples_leaf=2, min_samples_split=5, n_estimators=10; total time=   0.0s
[CV] END bootstrap=True, ccp_alpha=0.0, class_weight=balanced, criterion=gini, max_depth=None, max_features=auto, min_samples_leaf=2, min_samples_split=5, n_estimators=50; total time=   0.0s
[CV] END bootstrap=True, ccp_alpha=0.0, class_weight=balanced, criterion=gini, max_depth=None, max_features=auto, min_samples_leaf=2, min_samples_split=5, n_estimators=50; total time=   0.0s
[CV] END bootstrap=True, ccp_alpha=0.0, class_weight=balanced, criterion=gini, max_depth=None, max_features=auto, min_samples_leaf=2, min_samples_split=5, n_estimators=50; total time=   0.0s
[CV] END bootstrap=True, ccp_alpha=0.0, class_weight=balanced, criterion=gini, max_depth=None, max_features=auto, min_samples_leaf=2, min_samples_split=5, n_estimators=50; total time=   0.0s
[CV] END bootstrap=True, ccp_alpha=0.0, class_weight=balanced, criterion=gini, max_depth=None, max_features=auto, min_samples_leaf=2, min_samples_split=5, n_estimators=50; total time=   0.0s
[CV] END bootstrap=True, ccp_alpha=0.0, class_weight=balanced, criterion=gini, max_depth=None, max_features=auto, min_samples_leaf=2, min_samples_split=5, n_estimators=50; total time=   0.0s
[CV] END bootstrap=True, ccp_alpha=0.0, class_weight=balanced, criterion=gini, max_depth=None, max_features=auto, min_samples_leaf=2, min_samples_split=10, n_estimators=10; total time=   0.0s
[CV] END bootstrap=True, ccp_alpha=0.0, class_weight=balanced, criterion=gini, max_depth=None, max_features=auto, min_samples_leaf=2, min_samples_split=10, n_estimators=10; total time=   0.0s
[CV] END bootstrap=True, ccp_alpha=0.0, class_weight=balanced, criterion=gini, max_depth=None, max_features=auto, min_samples_leaf=2, min_samples_split=10, n_estimators=10; total time=   0.0s
[CV] END bootstrap=True, ccp_alpha=0.0, class_weight=balanced, criterion=gini, max_depth=None, max_features=auto, min_samples_leaf=2, min_samples_split=10, n_estimators=10; total time=   0.0s
[CV] END bootstrap=True, ccp_alpha=0.0, class_weight=balanced, criterion=gini, max_depth=None, max_features=auto, min_samples_leaf=2, min_samples_split=10, n_estimators=10; total time=   0.0s
[CV] END bootstrap=True, ccp_alpha=0.0, class_weight=balanced, criterion=gini, max_depth=None, max_features=auto, min_samples_leaf=2, min_samples_split=10, n_estimators=10; total time=   0.0s
[CV] END bootstrap=True, ccp_alpha=0.0, class_weight=balanced, criterion=gini, max_depth=None, max_features=auto, min_samples_leaf=2, min_samples_split=10, n_estimators=10; total time=   0.0s
[CV] END bootstrap=True, ccp_alpha=0.0, class_weight=balanced, criterion=gini, max_depth=None, max_features=auto, min_samples_leaf=2, min_samples_split=10, n_estimators=10; total time=   0.0s
[CV] END bootstrap=True, ccp_alpha=0.0, class_weight=balanced, criterion=gini, max_depth=None, max_features=auto, min_samples_leaf=2, min_samples_split=10, n_estimators=200; total time=   0.0s
[CV] END bootstrap=True, ccp_alpha=0.0, class_weight=balanced, criterion=gini, max_depth=None, max_features=auto, min_samples_leaf=2, min_samples_split=10, n_estimators=200; total time=   0.0s
[CV] END bootstrap=True, ccp_alpha=0.0, class_weight=balanced, criterion=gini, max_depth=None, max_features=auto, min_samples_leaf=2, min_samples_split=10, n_estimators=200; total time=   0.0s
[CV] END bootstrap=True, ccp_alpha=0.0, class_weight=balanced, criterion=gini, max_depth=None, max_features=auto, min_samples_leaf=2, min_samples_split=10, n_estimators=200; total time=   0.0s
[CV] END bootstrap=True, ccp_alpha=0.0, class_weight=balanced, criterion=gini, max_depth=None, max_features=auto, min_samples_leaf=2, min_samples_split=10, n_estimators=200; total time=   0.0s
[CV] END bootstrap=True, ccp_alpha=0.0, class_weight=balanced, criterion=gini, max_depth=None, max_features=auto, min_samples_leaf=2, min_samples_split=10, n_estimators=200; total time=   0.0s
[CV] END bootstrap=True, ccp_alpha=0.0, class_weight=balanced, criterion=gini, max_depth=None, max_features=auto, min_samples_leaf=2, min_samples_split=10, n_estimators=200; total time=   0.0s
[CV] END bootstrap=True, ccp_alpha=0.0, class_weight=balanced, criterion=gini, max_depth=None, max_features=auto, min_samples_leaf=2, min_samples_split=10, n_estimators=200; total time=   0.0s
[CV] END bootstrap=True, ccp_alpha=0.0, class_weight=balanced, criterion=gini, max_depth=None, max_features=auto, min_samples_leaf=2, min_samples_split=20, n_estimators=100; total time=   0.0s
[CV] END bootstrap=True, ccp_alpha=0.0, class_weight=balanced, criterion=gini, max_depth=None, max_features=auto, min_samples_leaf=2, min_samples_split=20, n_estimators=100; total time=   0.0s
[CV] END bootstrap=True, ccp_alpha=0.0, class_weight=balanced, criterion=gini, max_depth=None, max_features=auto, min_samples_leaf=2, min_samples_split=20, n_estimators=100; total time=   0.0s
[CV] END bootstrap=True, ccp_alpha=0.0, class_weight=balanced, criterion=gini, max_depth=None, max_features=auto, min_samples_leaf=2, min_samples_split=20, n_estimators=100; total time=   0.0s
[CV] END bootstrap=True, ccp_alpha=0.0, class_weight=balanced, criterion=gini, max_depth=None, max_features=auto, min_samples_leaf=2, min_samples_split=20, n_estimators=100; total time=   0.0s
[CV] END bootstrap=True, ccp_alpha=0.0, class_weight=balanced, criterion=gini, max_depth=None, max_features=auto, min_samples_leaf=2, min_samples_split=20, n_estimators=100; total time=   0.0s
[CV] END bootstrap=True, ccp_alpha=0.0, class_weight=balanced, criterion=gini, max_depth=None, max_features=auto, min_samples_leaf=2, min_samples_split=20, n_estimators=200; total time=   0.0s
[CV] END bootstrap=True, ccp_alpha=0.0, class_weight=balanced, criterion=gini, max_depth=None, max_features=auto, min_samples_leaf=2, min_samples_split=20, n_estimators=200; total time=   0.0s
[CV] END bootstrap=True, ccp_alpha=0.0, class_weight=balanced, criterion=gini, max_depth=None, max_features=auto, min_samples_leaf=4, min_samples_split=2, n_estimators=50; total time=   0.0s
[CV] END bootstrap=True, ccp_alpha=0.0, class_weight=balanced, criterion=gini, max_depth=None, max_features=auto, min_samples_leaf=4, min_samples_split=2, n_estimators=50; total time=   0.0s
[CV] END bootstrap=True, ccp_alpha=0.0, class_weight=balanced, criterion=gini, max_depth=None, max_features=auto, min_samples_leaf=4, min_samples_split=2, n_estimators=50; total time=   0.0s
[CV] END bootstrap=True, ccp_alpha=0.0, class_weight=balanced, criterion=gini, max_depth=None, max_features=auto, min_samples_leaf=4, min_samples_split=2, n_estimators=50; total time=   0.0s
[CV] END bootstrap=True, ccp_alpha=0.0, class_weight=balanced, criterion=gini, max_depth=None, max_features=auto, min_samples_leaf=4, min_samples_split=2, n_estimators=100; total time=   0.0s
[CV] END bootstrap=True, ccp_alpha=0.0, class_weight=balanced, criterion=gini, max_depth=None, max_features=auto, min_samples_leaf=4, min_samples_split=2, n_estimators=100; total time=   0.0s
[CV] END bootstrap=True, ccp_alpha=0.0, class_weight=balanced, criterion=gini, max_depth=None, max_features=auto, min_samples_leaf=4, min_samples_split=2, n_estimators=100; total time=   0.0s
[CV] END bootstrap=True, ccp_alpha=0.0, class_weight=balanced, criterion=gini, max_depth=None, max_features=auto, min_samples_leaf=4, min_samples_split=2, n_estimators=100; total time=   0.0s
[CV] END bootstrap=True, ccp_alpha=0.0, class_weight=balanced, criterion=gini, max_depth=None, max_features=auto, min_samples_leaf=4, min_samples_split=5, n_estimators=10; total time=   0.0s
[CV] END bootstrap=True, ccp_alpha=0.0, class_weight=balanced, criterion=gini, max_depth=None, max_features=auto, min_samples_leaf=4, min_samples_split=5, n_estimators=10; total time=   0.0s
[CV] END bootstrap=True, ccp_alpha=0.0, class_weight=balanced, criterion=gini, max_depth=None, max_features=auto, min_samples_leaf=4, min_samples_split=5, n_estimators=50; total time=   0.0s
[CV] END bootstrap=True, ccp_alpha=0.0, class_weight=balanced, criterion=gini, max_depth=None, max_features=auto, min_samples_leaf=4, min_samples_split=5, n_estimators=50; total time=   0.0s
[CV] END bootstrap=True, ccp_alpha=0.0, class_weight=balanced, criterion=gini, max_depth=None, max_features=auto, min_samples_leaf=4, min_samples_split=5, n_estimators=50; total time=   0.0s
[CV] END bootstrap=True, ccp_alpha=0.0, class_weight=balanced, criterion=gini, max_depth=None, max_features=auto, min_samples_leaf=4, min_samples_split=5, n_estimators=50; total time=   0.0s
[CV] END bootstrap=True, ccp_alpha=0.0, class_weight=balanced, criterion=gini, max_depth=None, max_features=auto, min_samples_leaf=4, min_samples_split=5, n_estimators=50; total time=   0.0s
[CV] END bootstrap=True, ccp_alpha=0.0, class_weight=balanced, criterion=gini, max_depth=None, max_features=auto, min_samples_leaf=4, min_samples_split=5, n_estimators=50; total time=   0.0s
[CV] END bootstrap=True, ccp_alpha=0.0, class_weight=balanced, criterion=gini, max_depth=None, max_features=auto, min_samples_leaf=4, min_samples_split=10, n_estimators=10; total time=   0.0s
[CV] END bootstrap=True, ccp_alpha=0.0, class_weight=balanced, criterion=gini, max_depth=None, max_features=auto, min_samples_leaf=4, min_samples_split=10, n_estimators=10; total time=   0.0s
[CV] END bootstrap=True, ccp_alpha=0.0, class_weight=balanced, criterion=gini, max_depth=None, max_features=auto, min_samples_leaf=4, min_samples_split=10, n_estimators=10; total time=   0.0s
[CV] END bootstrap=True, ccp_alpha=0.0, class_weight=balanced, criterion=gini, max_depth=None, max_features=auto, min_samples_leaf=4, min_samples_split=10, n_estimators=10; total time=   0.0s
[CV] END bootstrap=True, ccp_alpha=0.0, class_weight=balanced, criterion=gini, max_depth=None, max_features=auto, min_samples_leaf=4, min_samples_split=10, n_estimators=10; total time=   0.0s
[CV] END bootstrap=True, ccp_alpha=0.0, class_weight=balanced, criterion=gini, max_depth=None, max_features=auto, min_samples_leaf=4, min_samples_split=10, n_estimators=10; total time=   0.0s
[CV] END bootstrap=True, ccp_alpha=0.0, class_weight=balanced, criterion=gini, max_depth=None, max_features=auto, min_samples_leaf=4, min_samples_split=10, n_estimators=10; total time=   0.0s
[CV] END bootstrap=True, ccp_alpha=0.0, class_weight=balanced, criterion=gini, max_depth=None, max_features=auto, min_samples_leaf=4, min_samples_split=10, n_estimators=10; total time=   0.0s
[CV] END bootstrap=True, ccp_alpha=0.0, class_weight=balanced, criterion=gini, max_depth=None, max_features=auto, min_samples_leaf=4, min_samples_split=10, n_estimators=200; total time=   0.0s
[CV] END bootstrap=True, ccp_alpha=0.0, class_weight=balanced, criterion=gini, max_depth=None, max_features=auto, min_samples_leaf=4, min_samples_split=10, n_estimators=200; total time=   0.0s
[CV] END bootstrap=True, ccp_alpha=0.0, class_weight=balanced, criterion=gini, max_depth=None, max_features=auto, min_samples_leaf=4, min_samples_split=10, n_estimators=200; total time=   0.0s
[CV] END bootstrap=True, ccp_alpha=0.0, class_weight=balanced, criterion=gini, max_depth=None, max_features=auto, min_samples_leaf=4, min_samples_split=10, n_estimators=200; total time=   0.0s
[CV] END bootstrap=True, ccp_alpha=0.0, class_weight=balanced, criterion=gini, max_depth=None, max_features=auto, min_samples_leaf=4, min_samples_split=10, n_estimators=200; total time=   0.0s
[CV] END bootstrap=True, ccp_alpha=0.0, class_weight=balanced, criterion=gini, max_depth=None, max_features=auto, min_samples_leaf=4, min_samples_split=10, n_estimators=200; total time=   0.0s
[CV] END bootstrap=True, ccp_alpha=0.0, class_weight=balanced, criterion=gini, max_depth=None, max_features=auto, min_samples_leaf=4, min_samples_split=10, n_estimators=200; total time=   0.0s
[CV] END bootstrap=True, ccp_alpha=0.0, class_weight=balanced, criterion=gini, max_depth=None, max_features=auto, min_samples_leaf=4, min_samples_split=10, n_estimators=200; total time=   0.0s
[CV] END bootstrap=True, ccp_alpha=0.0, class_weight=balanced, criterion=gini, max_depth=None, max_features=auto, min_samples_leaf=4, min_samples_split=20, n_estimators=100; total time=   0.0s
[CV] END bootstrap=True, ccp_alpha=0.0, class_weight=balanced, criterion=gini, max_depth=None, max_features=auto, min_samples_leaf=4, min_samples_split=20, n_estimators=100; total time=   0.0s
[CV] END bootstrap=True, ccp_alpha=0.0, class_weight=balanced, criterion=gini, max_depth=None, max_features=auto, min_samples_leaf=4, min_samples_split=20, n_estimators=100; total time=   0.0s
[CV] END bootstrap=True, ccp_alpha=0.0, class_weight=balanced, criterion=gini, max_depth=None, max_features=auto, min_samples_leaf=4, min_samples_split=20, n_estimators=100; total time=   0.0s
[CV] END bootstrap=True, ccp_alpha=0.0, class_weight=balanced, criterion=gini, max_depth=None, max_features=auto, min_samples_leaf=4, min_samples_split=20, n_estimators=100; total time=   0.0s
[CV] END bootstrap=True, ccp_alpha=0.0, class_weight=balanced, criterion=gini, max_depth=None, max_features=auto, min_samples_leaf=4, min_samples_split=20, n_estimators=100; total time=   0.0s
[CV] END bootstrap=True, ccp_alpha=0.0, class_weight=balanced, criterion=gini, max_depth=None, max_features=auto, min_samples_leaf=4, min_samples_split=20, n_estimators=200; total time=   0.0s
[CV] END bootstrap=True, ccp_alpha=0.0, class_weight=balanced, criterion=gini, max_depth=None, max_features=auto, min_samples_leaf=4, min_samples_split=20, n_estimators=200; total time=   0.0s
[CV] END bootstrap=True, ccp_alpha=0.0, class_weight=balanced, criterion=gini, max_depth=None, max_features=auto, min_samples_leaf=8, min_samples_split=2, n_estimators=50; total time=   0.0s
[CV] END bootstrap=True, ccp_alpha=0.0, class_weight=balanced, criterion=gini, max_depth=None, max_features=auto, min_samples_leaf=8, min_samples_split=2, n_estimators=50; total time=   0.0s
[CV] END bootstrap=True, ccp_alpha=0.0, class_weight=balanced, criterion=gini, max_depth=None, max_features=auto, min_samples_leaf=8, min_samples_split=2, n_estimators=50; total time=   0.0s
[CV] END bootstrap=True, ccp_alpha=0.0, class_weight=balanced, criterion=gini, max_depth=None, max_features=auto, min_samples_leaf=8, min_samples_split=2, n_estimators=50; total time=   0.0s
[CV] END bootstrap=True, ccp_alpha=0.0, class_weight=balanced, criterion=gini, max_depth=None, max_features=auto, min_samples_leaf=8, min_samples_split=2, n_estimators=100; total time=   0.0s
[CV] END bootstrap=True, ccp_alpha=0.0, class_weight=balanced, criterion=gini, max_depth=None, max_features=auto, min_samples_leaf=8, min_samples_split=2, n_estimators=100; total time=   0.0s
[CV] END bootstrap=True, ccp_alpha=0.0, class_weight=balanced, criterion=gini, max_depth=None, max_features=auto, min_samples_leaf=8, min_samples_split=2, n_estimators=100; total time=   0.0s
[CV] END bootstrap=True, ccp_alpha=0.0, class_weight=balanced, criterion=gini, max_depth=None, max_features=auto, min_samples_leaf=8, min_samples_split=2, n_estimators=100; total time=   0.0s
[CV] END bootstrap=True, ccp_alpha=0.0, class_weight=balanced, criterion=gini, max_depth=None, max_features=auto, min_samples_leaf=8, min_samples_split=5, n_estimators=10; total time=   0.0s
[CV] END bootstrap=True, ccp_alpha=0.0, class_weight=balanced, criterion=gini, max_depth=None, max_features=auto, min_samples_leaf=8, min_samples_split=5, n_estimators=10; total time=   0.0s
[CV] END bootstrap=True, ccp_alpha=0.0, class_weight=balanced, criterion=gini, max_depth=None, max_features=auto, min_samples_leaf=8, min_samples_split=5, n_estimators=50; total time=   0.0s
[CV] END bootstrap=True, ccp_alpha=0.0, class_weight=balanced, criterion=gini, max_depth=None, max_features=auto, min_samples_leaf=8, min_samples_split=5, n_estimators=50; total time=   0.0s
[CV] END bootstrap=True, ccp_alpha=0.0, class_weight=balanced, criterion=gini, max_depth=None, max_features=auto, min_samples_leaf=8, min_samples_split=5, n_estimators=50; total time=   0.0s
[CV] END bootstrap=True, ccp_alpha=0.0, class_weight=balanced, criterion=gini, max_depth=None, max_features=auto, min_samples_leaf=8, min_samples_split=5, n_estimators=50; total time=   0.0s
[CV] END bootstrap=True, ccp_alpha=0.0, class_weight=balanced, criterion=gini, max_depth=None, max_features=auto, min_samples_leaf=8, min_samples_split=5, n_estimators=50; total time=   0.0s
[CV] END bootstrap=True, ccp_alpha=0.0, class_weight=balanced, criterion=gini, max_depth=None, max_features=auto, min_samples_leaf=8, min_samples_split=5, n_estimators=50; total time=   0.0s
[CV] END bootstrap=True, ccp_alpha=0.0, class_weight=balanced, criterion=gini, max_depth=None, max_features=auto, min_samples_leaf=8, min_samples_split=10, n_estimators=10; total time=   0.0s
[CV] END bootstrap=True, ccp_alpha=0.0, class_weight=balanced, criterion=gini, max_depth=None, max_features=auto, min_samples_leaf=8, min_samples_split=10, n_estimators=10; total time=   0.0s
[CV] END bootstrap=True, ccp_alpha=0.0, class_weight=balanced, criterion=gini, max_depth=None, max_features=auto, min_samples_leaf=8, min_samples_split=10, n_estimators=10; total time=   0.0s
[CV] END bootstrap=True, ccp_alpha=0.0, class_weight=balanced, criterion=gini, max_depth=None, max_features=auto, min_samples_leaf=8, min_samples_split=10, n_estimators=10; total time=   0.0s
[CV] END bootstrap=True, ccp_alpha=0.0, class_weight=balanced, criterion=gini, max_depth=None, max_features=auto, min_samples_leaf=8, min_samples_split=10, n_estimators=10; total time=   0.0s
[CV] END bootstrap=True, ccp_alpha=0.0, class_weight=balanced, criterion=gini, max_depth=None, max_features=auto, min_samples_leaf=8, min_samples_split=10, n_estimators=10; total time=   0.0s
[CV] END bootstrap=True, ccp_alpha=0.0, class_weight=balanced, criterion=gini, max_depth=None, max_features=auto, min_samples_leaf=8, min_samples_split=10, n_estimators=10; total time=   0.0s
[CV] END bootstrap=True, ccp_alpha=0.0, class_weight=balanced, criterion=gini, max_depth=None, max_features=auto, min_samples_leaf=8, min_samples_split=10, n_estimators=10; total time=   0.0s
[CV] END bootstrap=True, ccp_alpha=0.0, class_weight=balanced, criterion=gini, max_depth=None, max_features=auto, min_samples_leaf=8, min_samples_split=10, n_estimators=200; total time=   0.0s
[CV] END bootstrap=True, ccp_alpha=0.0, class_weight=balanced, criterion=gini, max_depth=None, max_features=auto, min_samples_leaf=8, min_samples_split=10, n_estimators=200; total time=   0.0s
[CV] END bootstrap=True, ccp_alpha=0.0, class_weight=balanced, criterion=gini, max_depth=None, max_features=auto, min_samples_leaf=8, min_samples_split=10, n_estimators=200; total time=   0.0s
[CV] END bootstrap=True, ccp_alpha=0.0, class_weight=balanced, criterion=gini, max_depth=None, max_features=auto, min_samples_leaf=8, min_samples_split=10, n_estimators=200; total time=   0.0s
[CV] END bootstrap=True, ccp_alpha=0.0, class_weight=balanced, criterion=gini, max_depth=None, max_features=auto, min_samples_leaf=8, min_samples_split=10, n_estimators=200; total time=   0.0s
[CV] END bootstrap=True, ccp_alpha=0.0, class_weight=balanced, criterion=gini, max_depth=None, max_features=auto, min_samples_leaf=8, min_samples_split=10, n_estimators=200; total time=   0.0s
[CV] END bootstrap=True, ccp_alpha=0.0, class_weight=balanced, criterion=gini, max_depth=None, max_features=auto, min_samples_leaf=8, min_samples_split=10, n_estimators=200; total time=   0.0s
[CV] END bootstrap=True, ccp_alpha=0.0, class_weight=balanced, criterion=gini, max_depth=None, max_features=auto, min_samples_leaf=8, min_samples_split=10, n_estimators=200; total time=   0.0s
[CV] END bootstrap=True, ccp_alpha=0.0, class_weight=balanced, criterion=gini, max_depth=None, max_features=auto, min_samples_leaf=8, min_samples_split=20, n_estimators=200; total time=   0.0s
[CV] END bootstrap=True, ccp_alpha=0.0, class_weight=balanced, criterion=gini, max_depth=None, max_features=auto, min_samples_leaf=8, min_samples_split=20, n_estimators=200; total time=   0.0s
[CV] END bootstrap=True, ccp_alpha=0.0, class_weight=balanced, criterion=gini, max_depth=None, max_features=auto, min_samples_leaf=8, min_samples_split=20, n_estimators=200; total time=   0.0s
[CV] END bootstrap=True, ccp_alpha=0.0, class_weight=balanced, criterion=gini, max_depth=None, max_features=auto, min_samples_leaf=8, min_samples_split=20, n_estimators=200; total time=   0.0s
[CV] END bootstrap=True, ccp_alpha=0.0, class_weight=balanced, criterion=gini, max_depth=None, max_features=auto, min_samples_leaf=8, min_samples_split=20, n_estimators=200; total time=   0.0s
[CV] END bootstrap=True, ccp_alpha=0.0, class_weight=balanced, criterion=gini, max_depth=None, max_features=auto, min_samples_leaf=8, min_samples_split=20, n_estimators=200; total time=   0.0s
[CV] END bootstrap=True, ccp_alpha=0.0, class_weight=balanced, criterion=gini, max_depth=None, max_features=auto, min_samples_leaf=8, min_samples_split=20, n_estimators=200; total time=   0.0s
[CV] END bootstrap=True, ccp_alpha=0.0, class_weight=balanced, criterion=gini, max_depth=None, max_features=auto, min_samples_leaf=8, min_samples_split=20, n_estimators=200; total time=   0.0s
[CV] END bootstrap=True, ccp_alpha=0.0, class_weight=balanced, criterion=gini, max_depth=None, max_features=auto, min_samples_leaf=16, min_samples_split=2, n_estimators=100; total time=   0.0s
[CV] END bootstrap=True, ccp_alpha=0.0, class_weight=balanced, criterion=gini, max_depth=None, max_features=auto, min_samples_leaf=16, min_samples_split=2, n_estimators=100; total time=   0.0s
[CV] END bootstrap=True, ccp_alpha=0.0, class_weight=balanced, criterion=gini, max_depth=None, max_features=auto, min_samples_leaf=16, min_samples_split=2, n_estimators=100; total time=   0.0s
[CV] END bootstrap=True, ccp_alpha=0.0, class_weight=balanced, criterion=gini, max_depth=None, max_features=auto, min_samples_leaf=16, min_samples_split=2, n_estimators=100; total time=   0.0s
[CV] END bootstrap=True, ccp_alpha=0.0, class_weight=balanced, criterion=gini, max_depth=None, max_features=auto, min_samples_leaf=16, min_samples_split=2, n_estimators=100; total time=   0.0s
[CV] END bootstrap=True, ccp_alpha=0.0, class_weight=balanced, criterion=gini, max_depth=None, max_features=auto, min_samples_leaf=16, min_samples_split=2, n_estimators=100; total time=   0.0s
[CV] END bootstrap=True, ccp_alpha=0.0, class_weight=balanced, criterion=gini, max_depth=None, max_features=auto, min_samples_leaf=16, min_samples_split=2, n_estimators=200; total time=   0.0s
[CV] END bootstrap=True, ccp_alpha=0.0, class_weight=balanced, criterion=gini, max_depth=None, max_features=auto, min_samples_leaf=16, min_samples_split=2, n_estimators=200; total time=   0.0s
[CV] END bootstrap=True, ccp_alpha=0.0, class_weight=balanced, criterion=gini, max_depth=None, max_features=auto, min_samples_leaf=16, min_samples_split=5, n_estimators=50; total time=   0.0s
[CV] END bootstrap=True, ccp_alpha=0.0, class_weight=balanced, criterion=gini, max_depth=None, max_features=auto, min_samples_leaf=16, min_samples_split=5, n_estimators=50; total time=   0.0s
[CV] END bootstrap=True, ccp_alpha=0.0, class_weight=balanced, criterion=gini, max_depth=None, max_features=auto, min_samples_leaf=16, min_samples_split=5, n_estimators=50; total time=   0.0s
[CV] END bootstrap=True, ccp_alpha=0.0, class_weight=balanced, criterion=gini, max_depth=None, max_features=auto, min_samples_leaf=16, min_samples_split=5, n_estimators=50; total time=   0.0s
[CV] END bootstrap=True, ccp_alpha=0.0, class_weight=balanced, criterion=gini, max_depth=None, max_features=auto, min_samples_leaf=16, min_samples_split=5, n_estimators=100; total time=   0.0s
[CV] END bootstrap=True, ccp_alpha=0.0, class_weight=balanced, criterion=gini, max_depth=None, max_features=auto, min_samples_leaf=16, min_samples_split=5, n_estimators=100; total time=   0.0s
[CV] END bootstrap=True, ccp_alpha=0.0, class_weight=balanced, criterion=gini, max_depth=None, max_features=auto, min_samples_leaf=16, min_samples_split=5, n_estimators=100; total time=   0.0s
[CV] END bootstrap=True, ccp_alpha=0.0, class_weight=balanced, criterion=gini, max_depth=None, max_features=auto, min_samples_leaf=16, min_samples_split=5, n_estimators=100; total time=   0.0s
[CV] END bootstrap=True, ccp_alpha=0.0, class_weight=balanced, criterion=gini, max_depth=None, max_features=auto, min_samples_leaf=16, min_samples_split=10, n_estimators=10; total time=   0.0s
[CV] END bootstrap=True, ccp_alpha=0.0, class_weight=balanced, criterion=gini, max_depth=None, max_features=auto, min_samples_leaf=16, min_samples_split=10, n_estimators=10; total time=   0.0s
[CV] END bootstrap=True, ccp_alpha=0.0, class_weight=balanced, criterion=gini, max_depth=None, max_features=auto, min_samples_leaf=16, min_samples_split=10, n_estimators=50; total time=   0.0s
[CV] END bootstrap=True, ccp_alpha=0.0, class_weight=balanced, criterion=gini, max_depth=None, max_features=auto, min_samples_leaf=16, min_samples_split=10, n_estimators=50; total time=   0.0s
[CV] END bootstrap=True, ccp_alpha=0.0, class_weight=balanced, criterion=gini, max_depth=None, max_features=auto, min_samples_leaf=16, min_samples_split=10, n_estimators=50; total time=   0.0s
[CV] END bootstrap=True, ccp_alpha=0.0, class_weight=balanced, criterion=gini, max_depth=None, max_features=auto, min_samples_leaf=16, min_samples_split=10, n_estimators=50; total time=   0.0s
[CV] END bootstrap=True, ccp_alpha=0.0, class_weight=balanced, criterion=gini, max_depth=None, max_features=auto, min_samples_leaf=16, min_samples_split=10, n_estimators=50; total time=   0.0s
[CV] END bootstrap=True, ccp_alpha=0.0, class_weight=balanced, criterion=gini, max_depth=None, max_features=auto, min_samples_leaf=16, min_samples_split=10, n_estimators=50; total time=   0.0s
[CV] END bootstrap=True, ccp_alpha=0.0, class_weight=balanced, criterion=gini, max_depth=None, max_features=auto, min_samples_leaf=16, min_samples_split=20, n_estimators=10; total time=   0.0s
[CV] END bootstrap=True, ccp_alpha=0.0, class_weight=balanced, criterion=gini, max_depth=None, max_features=auto, min_samples_leaf=16, min_samples_split=20, n_estimators=10; total time=   0.0s
[CV] END bootstrap=True, ccp_alpha=0.0, class_weight=balanced, criterion=gini, max_depth=None, max_features=auto, min_samples_leaf=16, min_samples_split=20, n_estimators=10; total time=   0.0s
[CV] END bootstrap=True, ccp_alpha=0.0, class_weight=balanced, criterion=gini, max_depth=None, max_features=auto, min_samples_leaf=16, min_samples_split=20, n_estimators=10; total time=   0.0s
[CV] END bootstrap=True, ccp_alpha=0.0, class_weight=balanced, criterion=gini, max_depth=None, max_features=auto, min_samples_leaf=16, min_samples_split=20, n_estimators=10; total time=   0.0s
[CV] END bootstrap=True, ccp_alpha=0.0, class_weight=balanced, criterion=gini, max_depth=None, max_features=auto, min_samples_leaf=16, min_samples_split=20, n_estimators=10; total time=   0.0s
[CV] END bootstrap=True, ccp_alpha=0.0, class_weight=balanced, criterion=gini, max_depth=None, max_features=auto, min_samples_leaf=16, min_samples_split=20, n_estimators=10; total time=   0.0s
[CV] END bootstrap=True, ccp_alpha=0.0, class_weight=balanced, criterion=gini, max_depth=None, max_features=auto, min_samples_leaf=16, min_samples_split=20, n_estimators=10; total time=   0.0s
[CV] END bootstrap=True, ccp_alpha=0.0, class_weight=balanced, criterion=gini, max_depth=None, max_features=auto, min_samples_leaf=16, min_samples_split=20, n_estimators=200; total time=   0.0s
[CV] END bootstrap=True, ccp_alpha=0.0, class_weight=balanced, criterion=gini, max_depth=None, max_features=auto, min_samples_leaf=16, min_samples_split=20, n_estimators=200; total time=   0.0s
[CV] END bootstrap=True, ccp_alpha=0.0, class_weight=balanced, criterion=gini, max_depth=None, max_features=auto, min_samples_leaf=16, min_samples_split=20, n_estimators=200; total time=   0.0s
[CV] END bootstrap=True, ccp_alpha=0.0, class_weight=balanced, criterion=gini, max_depth=None, max_features=auto, min_samples_leaf=16, min_samples_split=20, n_estimators=200; total time=   0.0s
[CV] END bootstrap=True, ccp_alpha=0.0, class_weight=balanced, criterion=gini, max_depth=None, max_features=auto, min_samples_leaf=16, min_samples_split=20, n_estimators=200; total time=   0.0s
[CV] END bootstrap=True, ccp_alpha=0.0, class_weight=balanced, criterion=gini, max_depth=None, max_features=auto, min_samples_leaf=16, min_samples_split=20, n_estimators=200; total time=   0.0s
[CV] END bootstrap=True, ccp_alpha=0.0, class_weight=balanced, criterion=gini, max_depth=None, max_features=auto, min_samples_leaf=16, min_samples_split=20, n_estimators=200; total time=   0.0s
[CV] END bootstrap=True, ccp_alpha=0.0, class_weight=balanced, criterion=gini, max_depth=None, max_features=auto, min_samples_leaf=16, min_samples_split=20, n_estimators=200; total time=   0.0s
[CV] END bootstrap=True, ccp_alpha=0.0, class_weight=balanced, criterion=gini, max_depth=None, max_features=sqrt, min_samples_leaf=1, min_samples_split=2, n_estimators=100; total time=   3.8s
[CV] END bootstrap=True, ccp_alpha=0.0, class_weight=balanced, criterion=gini, max_depth=None, max_features=sqrt, min_samples_leaf=1, min_samples_split=2, n_estimators=100; total time=   4.1s
[CV] END bootstrap=True, ccp_alpha=0.0, class_weight=balanced, criterion=gini, max_depth=None, max_features=sqrt, min_samples_leaf=1, min_samples_split=2, n_estimators=100; total time=   4.1s
[CV] END bootstrap=True, ccp_alpha=0.0, class_weight=balanced, criterion=gini, max_depth=None, max_features=sqrt, min_samples_leaf=1, min_samples_split=2, n_estimators=100; total time=   3.3s
[CV] END bootstrap=True, ccp_alpha=0.0, class_weight=balanced, criterion=gini, max_depth=None, max_features=sqrt, min_samples_leaf=1, min_samples_split=2, n_estimators=100; total time=   3.7s
[CV] END bootstrap=True, ccp_alpha=0.0, class_weight=balanced, criterion=gini, max_depth=None, max_features=sqrt, min_samples_leaf=1, min_samples_split=2, n_estimators=100; total time=   3.8s
[CV] END bootstrap=True, ccp_alpha=0.0, class_weight=balanced, criterion=gini, max_depth=None, max_features=sqrt, min_samples_leaf=1, min_samples_split=2, n_estimators=200; total time=   6.6s
[CV] END bootstrap=True, ccp_alpha=0.0, class_weight=balanced, criterion=gini, max_depth=None, max_features=sqrt, min_samples_leaf=1, min_samples_split=2, n_estimators=200; total time=   6.9s
