loading ...
loaded conda.sh
sh shell detected

------------------------------------------------------------
Sender: LSF System <DoNotReply>
Subject: Job 92138: <SMOTE_JOB> in cluster <wexac> Exited

Job <SMOTE_JOB> was submitted from host <access4> by user <guyilan> in cluster <wexac> at Mon Feb 19 16:47:44 2024
Job was executed on host(s) <cn050>, in queue <new-short>, as user <guyilan> in cluster <wexac> at Mon Feb 19 16:47:48 2024
</home/labs/barkailab/guyilan> was used as the home directory.
</home/labs/barkailab/guyilan/ML project/ML_Project/bsub> was used as the working directory.
Started at Mon Feb 19 16:47:48 2024
Terminated at Mon Feb 19 16:47:50 2024
Results reported at Mon Feb 19 16:47:50 2024

Your job looked like:

------------------------------------------------------------
# LSBATCH: User input
#!/bin/bash
#BSUB -q new-short               # Queue name
#BSUB -R "rusage[mem=16000]"     # Requested memory
#BSUB -J SMOTE_JOB           # Job name
#BSUB -o SMOTE_GPU_JOB_%J.out    # Output file
#BSUB -e SMOTE_GPU_JOB_%J.err    # Error file


# Load necessary modules
module load python  # Adjust based on your environment
module load miniconda

# Set up your environment
conda activate ml

# set directory to your working directory
cd /home/labs/cssagi/barc/FGS_ML/ML_Project

# Run your Python script
python /home/labs/cssagi/barc/FGS_ML/ML_Project/pyScripts/SMOTE.py


------------------------------------------------------------

Exited with exit code 2.

Resource usage summary:

    CPU time :                                   1.04 sec.
    Max Memory :                                 12 MB
    Average Memory :                             12.00 MB
    Total Requested Memory :                     16000.00 MB
    Delta Memory :                               15988.00 MB
    Max Swap :                                   -
    Max Processes :                              5
    Max Threads :                                6
    Run time :                                   7 sec.
    Turnaround time :                            6 sec.

The output (if any) is above this job summary.



PS:

Read file <SMOTE_GPU_JOB_92138.err> for stderr output of this job.

