python: can't open file '/home/labs/antebilab/guyilan/ML project/ML_Project/pyScripts/generate_n_test.py': [Errno 2] No such file or directory
Traceback (most recent call last):
  File "/home/labs/antebilab/guyilan/ML project/ML_Project/pyScripts/generate_n_test_df.py", line 129, in <module>
    score_table_all = classifier_evaluation.generate_score_table(X_train_cop=X_train_cop, y_train_cop=y_train_cop,
  File "/home/labs/antebilab/guyilan/ML project/ML_Project/pyScripts/classes/evaluation_classes.py", line 128, in generate_score_table
    process_classifier(classifier, mode='balanced_cop')
  File "/home/labs/antebilab/guyilan/ML project/ML_Project/pyScripts/classes/evaluation_classes.py", line 117, in process_classifier
    score_dict, suffix = self.cv_evaluate(X_train, y_train, X_train_cop, y_train_cop, X_train_ct, y_train_ct, mode=mode, classifier=classifier, scorer=self.scorers, splits=splits)
  File "/home/labs/antebilab/guyilan/ML project/ML_Project/pyScripts/classes/evaluation_classes.py", line 100, in cv_evaluate
    cross_val_scores = cross_validate(cv_pipe, X_train, y_train, cv=cv, scoring=scorer)
  File "/home/labs/antebilab/guyilan/miniconda3/envs/mlproject/lib/python3.10/site-packages/sklearn/utils/_param_validation.py", line 213, in wrapper
    return func(*args, **kwargs)
  File "/home/labs/antebilab/guyilan/miniconda3/envs/mlproject/lib/python3.10/site-packages/sklearn/model_selection/_validation.py", line 430, in cross_validate
    results = parallel(
  File "/home/labs/antebilab/guyilan/miniconda3/envs/mlproject/lib/python3.10/site-packages/sklearn/utils/parallel.py", line 67, in __call__
    return super().__call__(iterable_with_config)
  File "/home/labs/antebilab/guyilan/miniconda3/envs/mlproject/lib/python3.10/site-packages/joblib/parallel.py", line 1863, in __call__
    return output if self.return_generator else list(output)
  File "/home/labs/antebilab/guyilan/miniconda3/envs/mlproject/lib/python3.10/site-packages/joblib/parallel.py", line 1792, in _get_sequential_output
    res = func(*args, **kwargs)
  File "/home/labs/antebilab/guyilan/miniconda3/envs/mlproject/lib/python3.10/site-packages/sklearn/utils/parallel.py", line 129, in __call__
    return self.function(*args, **kwargs)
  File "/home/labs/antebilab/guyilan/miniconda3/envs/mlproject/lib/python3.10/site-packages/sklearn/model_selection/_validation.py", line 895, in _fit_and_score
    estimator.fit(X_train, y_train, **fit_params)
  File "/home/labs/antebilab/guyilan/miniconda3/envs/mlproject/lib/python3.10/site-packages/sklearn/base.py", line 1474, in wrapper
    return fit_method(estimator, *args, **kwargs)
  File "/home/labs/antebilab/guyilan/miniconda3/envs/mlproject/lib/python3.10/site-packages/imblearn/pipeline.py", line 326, in fit
    self._final_estimator.fit(Xt, yt, **last_step_params["fit"])
  File "/home/labs/antebilab/guyilan/miniconda3/envs/mlproject/lib/python3.10/site-packages/sklearn/base.py", line 1474, in wrapper
    return fit_method(estimator, *args, **kwargs)
  File "/home/labs/antebilab/guyilan/miniconda3/envs/mlproject/lib/python3.10/site-packages/imblearn/ensemble/_forest.py", line 748, in fit
    samplers_trees = Parallel(
  File "/home/labs/antebilab/guyilan/miniconda3/envs/mlproject/lib/python3.10/site-packages/sklearn/utils/parallel.py", line 67, in __call__
    return super().__call__(iterable_with_config)
  File "/home/labs/antebilab/guyilan/miniconda3/envs/mlproject/lib/python3.10/site-packages/joblib/parallel.py", line 1863, in __call__
    return output if self.return_generator else list(output)
  File "/home/labs/antebilab/guyilan/miniconda3/envs/mlproject/lib/python3.10/site-packages/joblib/parallel.py", line 1792, in _get_sequential_output
    res = func(*args, **kwargs)
  File "/home/labs/antebilab/guyilan/miniconda3/envs/mlproject/lib/python3.10/site-packages/sklearn/utils/parallel.py", line 129, in __call__
    return self.function(*args, **kwargs)
  File "/home/labs/antebilab/guyilan/miniconda3/envs/mlproject/lib/python3.10/site-packages/imblearn/ensemble/_forest.py", line 98, in _local_parallel_build_trees
    tree = _parallel_build_trees(**params_parallel_build_trees)
  File "/home/labs/antebilab/guyilan/miniconda3/envs/mlproject/lib/python3.10/site-packages/sklearn/ensemble/_forest.py", line 192, in _parallel_build_trees
    tree._fit(
  File "/home/labs/antebilab/guyilan/miniconda3/envs/mlproject/lib/python3.10/site-packages/sklearn/tree/_classes.py", line 472, in _fit
    builder.build(self.tree_, X, y, sample_weight, missing_values_in_feature_mask)
KeyboardInterrupt
Traceback (most recent call last):
  File "/home/labs/antebilab/guyilan/ML project/ML_Project/pyScripts/generate_n_test_df.py", line 129, in <module>
    score_table_all = classifier_evaluation.generate_score_table(X_train_cop=X_train_cop, y_train_cop=y_train_cop,
  File "/home/labs/antebilab/guyilan/ML project/ML_Project/pyScripts/classes/evaluation_classes.py", line 128, in generate_score_table
    process_classifier(classifier, mode='balanced_cop')
  File "/home/labs/antebilab/guyilan/ML project/ML_Project/pyScripts/classes/evaluation_classes.py", line 117, in process_classifier
    score_dict, suffix = self.cv_evaluate(X_train, y_train, X_train_cop, y_train_cop, X_train_ct, y_train_ct, mode=mode, classifier=classifier, scorer=self.scorers, splits=splits)
  File "/home/labs/antebilab/guyilan/ML project/ML_Project/pyScripts/classes/evaluation_classes.py", line 100, in cv_evaluate
    cross_val_scores = cross_validate(cv_pipe, X_train, y_train, cv=cv, scoring=scorer)
  File "/home/labs/antebilab/guyilan/miniconda3/envs/mlproject/lib/python3.10/site-packages/sklearn/utils/_param_validation.py", line 213, in wrapper
    return func(*args, **kwargs)
  File "/home/labs/antebilab/guyilan/miniconda3/envs/mlproject/lib/python3.10/site-packages/sklearn/model_selection/_validation.py", line 430, in cross_validate
    results = parallel(
  File "/home/labs/antebilab/guyilan/miniconda3/envs/mlproject/lib/python3.10/site-packages/sklearn/utils/parallel.py", line 67, in __call__
    return super().__call__(iterable_with_config)
  File "/home/labs/antebilab/guyilan/miniconda3/envs/mlproject/lib/python3.10/site-packages/joblib/parallel.py", line 1863, in __call__
    return output if self.return_generator else list(output)
  File "/home/labs/antebilab/guyilan/miniconda3/envs/mlproject/lib/python3.10/site-packages/joblib/parallel.py", line 1792, in _get_sequential_output
    res = func(*args, **kwargs)
  File "/home/labs/antebilab/guyilan/miniconda3/envs/mlproject/lib/python3.10/site-packages/sklearn/utils/parallel.py", line 129, in __call__
    return self.function(*args, **kwargs)
  File "/home/labs/antebilab/guyilan/miniconda3/envs/mlproject/lib/python3.10/site-packages/sklearn/model_selection/_validation.py", line 895, in _fit_and_score
    estimator.fit(X_train, y_train, **fit_params)
  File "/home/labs/antebilab/guyilan/miniconda3/envs/mlproject/lib/python3.10/site-packages/sklearn/base.py", line 1474, in wrapper
    return fit_method(estimator, *args, **kwargs)
  File "/home/labs/antebilab/guyilan/miniconda3/envs/mlproject/lib/python3.10/site-packages/imblearn/pipeline.py", line 326, in fit
    self._final_estimator.fit(Xt, yt, **last_step_params["fit"])
  File "/home/labs/antebilab/guyilan/miniconda3/envs/mlproject/lib/python3.10/site-packages/sklearn/base.py", line 1474, in wrapper
    return fit_method(estimator, *args, **kwargs)
  File "/home/labs/antebilab/guyilan/miniconda3/envs/mlproject/lib/python3.10/site-packages/imblearn/ensemble/_forest.py", line 748, in fit
    samplers_trees = Parallel(
  File "/home/labs/antebilab/guyilan/miniconda3/envs/mlproject/lib/python3.10/site-packages/sklearn/utils/parallel.py", line 67, in __call__
    return super().__call__(iterable_with_config)
  File "/home/labs/antebilab/guyilan/miniconda3/envs/mlproject/lib/python3.10/site-packages/joblib/parallel.py", line 1863, in __call__
    return output if self.return_generator else list(output)
  File "/home/labs/antebilab/guyilan/miniconda3/envs/mlproject/lib/python3.10/site-packages/joblib/parallel.py", line 1792, in _get_sequential_output
    res = func(*args, **kwargs)
  File "/home/labs/antebilab/guyilan/miniconda3/envs/mlproject/lib/python3.10/site-packages/sklearn/utils/parallel.py", line 129, in __call__
    return self.function(*args, **kwargs)
  File "/home/labs/antebilab/guyilan/miniconda3/envs/mlproject/lib/python3.10/site-packages/imblearn/ensemble/_forest.py", line 98, in _local_parallel_build_trees
    tree = _parallel_build_trees(**params_parallel_build_trees)
  File "/home/labs/antebilab/guyilan/miniconda3/envs/mlproject/lib/python3.10/site-packages/sklearn/ensemble/_forest.py", line 192, in _parallel_build_trees
    tree._fit(
  File "/home/labs/antebilab/guyilan/miniconda3/envs/mlproject/lib/python3.10/site-packages/sklearn/tree/_classes.py", line 472, in _fit
    builder.build(self.tree_, X, y, sample_weight, missing_values_in_feature_mask)
KeyboardInterrupt
TBB Warning: The number of workers is currently limited to 0. The request for 39 workers is ignored. Further requests for more workers will be silently ignored until the limit changes.

