
------------------------------------------------------------
Sender: LSF System <DoNotReply>
Subject: Job 27337: <feat_imp_seeds> in cluster <wexac> Done

Job <feat_imp_seeds> was submitted from host <access4> by user <guyilan> in cluster <wexac> at Wed Mar 20 20:39:43 2024
Job was executed on host(s) <1*cn305>, in queue <new-short>, as user <guyilan> in cluster <wexac> at Wed Mar 20 20:39:45 2024
                            <1*cn192>
                            <1*cn627>
                            <1*cn674>
</home/labs/antebilab/guyilan> was used as the home directory.
</home/labs/antebilab/guyilan/ML project/ML_Project/pyScripts> was used as the working directory.
Started at Wed Mar 20 20:39:45 2024
Terminated at Wed Mar 20 20:58:20 2024
Results reported at Wed Mar 20 20:58:20 2024

Your job looked like:

------------------------------------------------------------
# LSBATCH: User input
python feature_importance_diff_seeds.py
------------------------------------------------------------

Successfully completed.

Resource usage summary:

    CPU time :                                   1104.00 sec.
    Max Memory :                                 928 MB
    Average Memory :                             666.44 MB
    Total Requested Memory :                     32768.00 MB
    Delta Memory :                               31840.00 MB
    Max Swap :                                   -
    Max Processes :                              8
    Max Threads :                                19
    Run time :                                   1121 sec.
    Turnaround time :                            1117 sec.

The output (if any) is above this job summary.



PS:

Read file <error_table_feature_importance_seeds.log> for stderr output of this job.

