07-May-24 16:23:17 - INFO - Logger initialized
07-May-24 16:23:30 - INFO - logloss : 0.22143396354652672
07-May-24 16:23:42 - INFO - logloss : 0.22143396354652672
07-May-24 16:23:42 - INFO - Feature Importance: [2.89579158e-01 3.20432337e-01 2.22473413e-02 7.41298481e-02
 8.76925896e-03 6.20438635e-03 4.35997652e-03 1.35972434e-04
 4.23945856e-03 3.96840474e-04 4.08705846e-04 9.37110998e-03
 1.70754990e-04 1.89215940e-03 9.37688040e-06 2.39016389e-03
 6.91517754e-03 1.17234068e-02 1.16542168e-06 1.53103061e-03
 0.00000000e+00 1.64236731e-03 2.74392172e-02 2.61973294e-03
 1.29192690e-02 1.84632684e-04 8.85933924e-04 2.15220842e-05
 7.59884201e-03 2.13852402e-06 8.68522004e-03 1.43635154e-03
 3.85939854e-03 1.58828110e-03 1.67816047e-03 1.24476841e-02
 1.05471203e-02 1.23144371e-03 2.95938638e-02 2.09262558e-02
 2.08144916e-03 1.20422498e-03 6.15823746e-05 3.17735580e-03
 9.62776851e-04 7.47158936e-04 8.51948193e-04 1.71630964e-03
 4.32388281e-04 1.10595553e-03 1.38353836e-03 1.20604154e-03
 2.96413466e-03 1.35445325e-03 5.74652614e-04 6.77891158e-04
 1.93108279e-04 3.29693230e-04 2.73854184e-04 1.15156916e-03
 7.69065165e-04 1.15329722e-03 2.62096858e-03 3.78542210e-03
 5.52003925e-04 7.00391669e-04 1.63964095e-04 2.65528198e-04
 4.80056144e-05 1.45929075e-03 4.62676290e-04 1.57191869e-03
 3.04200160e-03 5.40551603e-03 5.32368853e-04 2.02075359e-03
 6.53462969e-04 2.75830209e-03 2.07207327e-04 1.76674168e-03
 1.47658295e-03 1.61086137e-04 2.94355946e-04 2.30130955e-04
 5.26148271e-05 0.00000000e+00 1.21890388e-04 1.10141260e-04
 2.91332194e-06 3.85924941e-05 6.17307081e-04 5.23242318e-04
 7.42276364e-05 1.56279781e-04 1.25201706e-03 1.35204773e-03
 1.60733887e-04 1.26825132e-04 2.04010520e-03 1.59707348e-03
 2.65968151e-04 1.89943702e-05 5.32938500e-03 3.34654260e-03
 4.31188348e-05 9.70128494e-07 8.03686041e-04 7.56239300e-04
 3.44950821e-05 2.14823957e-03 8.97110065e-03 3.09914554e-03
 1.83442206e-03 3.88692994e-06 2.10326349e-04 1.41274861e-04
 0.00000000e+00]
07-May-24 16:27:19 - INFO - Strategy used: most_frequent
07-May-24 16:27:19 - INFO - Strategy used: uniform
07-May-24 16:27:19 - INFO - Strategy used: constant
07-May-24 16:27:25 - INFO - Training Time: 248.36972618103027 seconds
