06-May-24 17:23:40 - INFO - Logger initialized
06-May-24 17:23:47 - INFO - logloss1 - no hyperparameter tuning with sklearn: 0.22143396354652672
06-May-24 17:24:14 - INFO - logloss1 - no hyperparameter tunning with sk_cv: -0.3562934498554397
06-May-24 17:24:55 - ERROR - exception calling callback for <Future at 0x14ff320981c0 state=finished raised TerminatedWorkerError>
Traceback (most recent call last):
  File "/home/labs/mayalab/barc/.conda/envs/ml/lib/python3.9/site-packages/joblib/externals/loky/_base.py", line 26, in _invoke_callbacks
    callback(self)
  File "/home/labs/mayalab/barc/.conda/envs/ml/lib/python3.9/site-packages/joblib/parallel.py", line 385, in __call__
    self.parallel.dispatch_next()
  File "/home/labs/mayalab/barc/.conda/envs/ml/lib/python3.9/site-packages/joblib/parallel.py", line 834, in dispatch_next
    if not self.dispatch_one_batch(self._original_iterator):
  File "/home/labs/mayalab/barc/.conda/envs/ml/lib/python3.9/site-packages/joblib/parallel.py", line 901, in dispatch_one_batch
    self._dispatch(tasks)
  File "/home/labs/mayalab/barc/.conda/envs/ml/lib/python3.9/site-packages/joblib/parallel.py", line 819, in _dispatch
    job = self._backend.apply_async(batch, callback=cb)
  File "/home/labs/mayalab/barc/.conda/envs/ml/lib/python3.9/site-packages/joblib/_parallel_backends.py", line 556, in apply_async
    future = self._workers.submit(SafeFunction(func))
  File "/home/labs/mayalab/barc/.conda/envs/ml/lib/python3.9/site-packages/joblib/externals/loky/reusable_executor.py", line 176, in submit
    return super().submit(fn, *args, **kwargs)
  File "/home/labs/mayalab/barc/.conda/envs/ml/lib/python3.9/site-packages/joblib/externals/loky/process_executor.py", line 1129, in submit
    raise self._flags.broken
joblib.externals.loky.process_executor.TerminatedWorkerError: A worker process managed by the executor was unexpectedly terminated. This could be caused by a segmentation fault while calling the function or by an excessive memory usage causing the Operating System to kill the worker.

The exit codes of the workers are {SIGKILL(-9)}
